This is pdfTeX, Version 3.141592653-2.6-1.40.25 (MiKTeX 23.10) (preloaded format=pdflatex 2023.10.30)  8 JUN 2024 18:45
entering extended mode
 restricted \write18 enabled.
 %&-line parsing enabled.
**./rozdzial_3.tex
(rozdzial_3.tex
LaTeX2e <2023-06-01> patch level 1
L3 programming layer <2023-08-29>
! Undefined control sequence.
l.1 \chapter
            {Rozdzial 3}
The control sequence at the end of the top line
of your error message was never \def'ed. If you have
misspelled it (e.g., `\hobx'), type `I' and the correct
spelling (e.g., `I\hbox'). Otherwise just continue,
and I'll forget about whatever was undefined.


! LaTeX Error: Missing \begin{document}.

See the LaTeX manual or LaTeX Companion for explanation.
Type  H <return>  for immediate help.
 ...                                              
                                                  
l.1 \chapter{R
              ozdzial 3}
You're in trouble here.  Try typing  <return>  to proceed.
If that doesn't work, type  X <return>  to quit.

Missing character: There is no R in font nullfont!
Missing character: There is no o in font nullfont!
Missing character: There is no z in font nullfont!
Missing character: There is no d in font nullfont!
Missing character: There is no z in font nullfont!
Missing character: There is no i in font nullfont!
Missing character: There is no a in font nullfont!
Missing character: There is no l in font nullfont!
Missing character: There is no 3 in font nullfont!

Overfull \hbox (20.0pt too wide) in paragraph at lines 1--2
[]
 []

! Undefined control sequence.
l.3 \section
            {–û–∑–Ω–∞–∫–æ–º–ª–µ–Ω–∏–µ —Å –∏–Ω—Ç–µ—Ä—Ñ–µ–π—Å–æ–º}
The control sequence at the end of the top line
of your error message was never \def'ed. If you have
misspelled it (e.g., `\hobx'), type `I' and the correct
spelling (e.g., `I\hbox'). Otherwise just continue,
and I'll forget about whatever was undefined.


! LaTeX Error: Unicode character –û (U+041E)
               not set up for use with LaTeX.

See the LaTeX manual or LaTeX Companion for explanation.
Type  H <return>  for immediate help.
 ...                                              
                                                  
l.3 \section{–û
               –∑–Ω–∞–∫–æ–º–ª–µ–Ω–∏–µ —Å –∏–Ω—Ç–µ—Ä—Ñ–µ–π—Å–æ–º}
You may provide a definition with
\DeclareUnicodeCharacter 


! LaTeX Error: Unicode character –∑ (U+0437)
               not set up for use with LaTeX.

See the LaTeX manual or LaTeX Companion for explanation.
Type  H <return>  for immediate help.
 ...                                              
                                                  
l.3 \section{–û–∑
                 –Ω–∞–∫–æ–º–ª–µ–Ω–∏–µ —Å –∏–Ω—Ç–µ—Ä—Ñ–µ–π—Å–æ–º}
You may provide a definition with
\DeclareUnicodeCharacter 


! LaTeX Error: Unicode character –Ω (U+043D)
               not set up for use with LaTeX.

See the LaTeX manual or LaTeX Companion for explanation.
Type  H <return>  for immediate help.
 ...                                              
                                                  
l.3 \section{–û–∑–Ω
                   –∞–∫–æ–º–ª–µ–Ω–∏–µ —Å –∏–Ω—Ç–µ—Ä—Ñ–µ–π—Å–æ–º}
You may provide a definition with
\DeclareUnicodeCharacter 


! LaTeX Error: Unicode character –∞ (U+0430)
               not set up for use with LaTeX.

See the LaTeX manual or LaTeX Companion for explanation.
Type  H <return>  for immediate help.
 ...                                              
                                                  
l.3 \section{–û–∑–Ω–∞
                     –∫–æ–º–ª–µ–Ω–∏–µ —Å –∏–Ω—Ç–µ—Ä—Ñ–µ–π—Å–æ–º}
You may provide a definition with
\DeclareUnicodeCharacter 


! LaTeX Error: Unicode character –∫ (U+043A)
               not set up for use with LaTeX.

See the LaTeX manual or LaTeX Companion for explanation.
Type  H <return>  for immediate help.
 ...                                              
                                                  
l.3 \section{–û–∑–Ω–∞–∫
                       –æ–º–ª–µ–Ω–∏–µ —Å –∏–Ω—Ç–µ—Ä—Ñ–µ–π—Å–æ–º}
You may provide a definition with
\DeclareUnicodeCharacter 


! LaTeX Error: Unicode character –æ (U+043E)
               not set up for use with LaTeX.

See the LaTeX manual or LaTeX Companion for explanation.
Type  H <return>  for immediate help.
 ...                                              
                                                  
l.3 \section{–û–∑–Ω–∞–∫–æ
                         –º–ª–µ–Ω–∏–µ —Å –∏–Ω—Ç–µ—Ä—Ñ–µ–π—Å–æ–º}
You may provide a definition with
\DeclareUnicodeCharacter 


! LaTeX Error: Unicode character –º (U+043C)
               not set up for use with LaTeX.

See the LaTeX manual or LaTeX Companion for explanation.
Type  H <return>  for immediate help.
 ...                                              
                                                  
l.3 \section{–û–∑–Ω–∞–∫–æ–º
                           –ª–µ–Ω–∏–µ —Å –∏–Ω—Ç–µ—Ä—Ñ–µ–π—Å–æ–º}
You may provide a definition with
\DeclareUnicodeCharacter 


! LaTeX Error: Unicode character –ª (U+043B)
               not set up for use with LaTeX.

See the LaTeX manual or LaTeX Companion for explanation.
Type  H <return>  for immediate help.
 ...                                              
                                                  
l.3 \section{–û–∑–Ω–∞–∫–æ–º–ª
                             –µ–Ω–∏–µ —Å –∏–Ω—Ç–µ—Ä—Ñ–µ–π—Å–æ–º}
You may provide a definition with
\DeclareUnicodeCharacter 


! LaTeX Error: Unicode character –µ (U+0435)
               not set up for use with LaTeX.

See the LaTeX manual or LaTeX Companion for explanation.
Type  H <return>  for immediate help.
 ...                                              
                                                  
l.3 \section{–û–∑–Ω–∞–∫–æ–º–ª–µ
                               –Ω–∏–µ —Å –∏–Ω—Ç–µ—Ä—Ñ–µ–π—Å–æ–º}
You may provide a definition with
\DeclareUnicodeCharacter 


! LaTeX Error: Unicode character –Ω (U+043D)
               not set up for use with LaTeX.

See the LaTeX manual or LaTeX Companion for explanation.
Type  H <return>  for immediate help.
 ...                                              
                                                  
l.3 \section{–û–∑–Ω–∞–∫–æ–º–ª–µ–Ω
                                 –∏–µ —Å –∏–Ω—Ç–µ—Ä—Ñ–µ–π—Å–æ–º}
You may provide a definition with
\DeclareUnicodeCharacter 


! LaTeX Error: Unicode character –∏ (U+0438)
               not set up for use with LaTeX.

See the LaTeX manual or LaTeX Companion for explanation.
Type  H <return>  for immediate help.
 ...                                              
                                                  
l.3 \section{–û–∑–Ω–∞–∫–æ–º–ª–µ–Ω–∏
                                   –µ —Å –∏–Ω—Ç–µ—Ä—Ñ–µ–π—Å–æ–º}
You may provide a definition with
\DeclareUnicodeCharacter 


! LaTeX Error: Unicode character –µ (U+0435)
               not set up for use with LaTeX.

See the LaTeX manual or LaTeX Companion for explanation.
Type  H <return>  for immediate help.
 ...                                              
                                                  
l.3 \section{–û–∑–Ω–∞–∫–æ–º–ª–µ–Ω–∏–µ
                                      —Å –∏–Ω—Ç–µ—Ä—Ñ–µ–π—Å–æ–º}
You may provide a definition with
\DeclareUnicodeCharacter 


! LaTeX Error: Unicode character —Å (U+0441)
               not set up for use with LaTeX.

See the LaTeX manual or LaTeX Companion for explanation.
Type  H <return>  for immediate help.
 ...                                              
                                                  
l.3 \section{–û–∑–Ω–∞–∫–æ–º–ª–µ–Ω–∏–µ —Å
                                         –∏–Ω—Ç–µ—Ä—Ñ–µ–π—Å–æ–º}
You may provide a definition with
\DeclareUnicodeCharacter 


! LaTeX Error: Unicode character –∏ (U+0438)
               not set up for use with LaTeX.

See the LaTeX manual or LaTeX Companion for explanation.
Type  H <return>  for immediate help.
 ...                                              
                                                  
l.3 \section{–û–∑–Ω–∞–∫–æ–º–ª–µ–Ω–∏–µ —Å –∏
                                           –Ω—Ç–µ—Ä—Ñ–µ–π—Å–æ–º}
You may provide a definition with
\DeclareUnicodeCharacter 


! LaTeX Error: Unicode character –Ω (U+043D)
               not set up for use with LaTeX.

See the LaTeX manual or LaTeX Companion for explanation.
Type  H <return>  for immediate help.
 ...                                              
                                                  
l.3 \section{–û–∑–Ω–∞–∫–æ–º–ª–µ–Ω–∏–µ —Å –∏–Ω
                                             —Ç–µ—Ä—Ñ–µ–π—Å–æ–º}
You may provide a definition with
\DeclareUnicodeCharacter 


! LaTeX Error: Unicode character —Ç (U+0442)
               not set up for use with LaTeX.

See the LaTeX manual or LaTeX Companion for explanation.
Type  H <return>  for immediate help.
 ...                                              
                                                  
l.3 \section{–û–∑–Ω–∞–∫–æ–º–ª–µ–Ω–∏–µ —Å –∏–Ω—Ç
                                               –µ—Ä—Ñ–µ–π—Å–æ–º}
You may provide a definition with
\DeclareUnicodeCharacter 


! LaTeX Error: Unicode character –µ (U+0435)
               not set up for use with LaTeX.

See the LaTeX manual or LaTeX Companion for explanation.
Type  H <return>  for immediate help.
 ...                                              
                                                  
l.3 \section{–û–∑–Ω–∞–∫–æ–º–ª–µ–Ω–∏–µ —Å –∏–Ω—Ç–µ
                                                 —Ä—Ñ–µ–π—Å–æ–º}
You may provide a definition with
\DeclareUnicodeCharacter 


! LaTeX Error: Unicode character —Ä (U+0440)
               not set up for use with LaTeX.

See the LaTeX manual or LaTeX Companion for explanation.
Type  H <return>  for immediate help.
 ...                                              
                                                  
l.3 ...tion{–û–∑–Ω–∞–∫–æ–º–ª–µ–Ω–∏–µ —Å –∏–Ω—Ç–µ—Ä
                                                  —Ñ–µ–π—Å–æ–º}
You may provide a definition with
\DeclareUnicodeCharacter 


! LaTeX Error: Unicode character —Ñ (U+0444)
               not set up for use with LaTeX.

See the LaTeX manual or LaTeX Companion for explanation.
Type  H <return>  for immediate help.
 ...                                              
                                                  
l.3 ...on{–û–∑–Ω–∞–∫–æ–º–ª–µ–Ω–∏–µ —Å –∏–Ω—Ç–µ—Ä—Ñ
                                                  –µ–π—Å–æ–º}
You may provide a definition with
\DeclareUnicodeCharacter 


! LaTeX Error: Unicode character –µ (U+0435)
               not set up for use with LaTeX.

See the LaTeX manual or LaTeX Companion for explanation.
Type  H <return>  for immediate help.
 ...                                              
                                                  
l.3 ...{–û–∑–Ω–∞–∫–æ–º–ª–µ–Ω–∏–µ —Å –∏–Ω—Ç–µ—Ä—Ñ–µ
                                                  –π—Å–æ–º}
You may provide a definition with
\DeclareUnicodeCharacter 


! LaTeX Error: Unicode character –π (U+0439)
               not set up for use with LaTeX.

See the LaTeX manual or LaTeX Companion for explanation.
Type  H <return>  for immediate help.
 ...                                              
                                                  
l.3 ...û–∑–Ω–∞–∫–æ–º–ª–µ–Ω–∏–µ —Å –∏–Ω—Ç–µ—Ä—Ñ–µ–π
                                                  —Å–æ–º}
You may provide a definition with
\DeclareUnicodeCharacter 


! LaTeX Error: Unicode character —Å (U+0441)
               not set up for use with LaTeX.

See the LaTeX manual or LaTeX Companion for explanation.
Type  H <return>  for immediate help.
 ...                                              
                                                  
l.3 ...∑–Ω–∞–∫–æ–º–ª–µ–Ω–∏–µ —Å –∏–Ω—Ç–µ—Ä—Ñ–µ–π—Å
                                                  –æ–º}
You may provide a definition with
\DeclareUnicodeCharacter 


! LaTeX Error: Unicode character –æ (U+043E)
               not set up for use with LaTeX.

See the LaTeX manual or LaTeX Companion for explanation.
Type  H <return>  for immediate help.
 ...                                              
                                                  
l.3 ...Ω–∞–∫–æ–º–ª–µ–Ω–∏–µ —Å –∏–Ω—Ç–µ—Ä—Ñ–µ–π—Å–æ
                                                  –º}
You may provide a definition with
\DeclareUnicodeCharacter 


! LaTeX Error: Unicode character –º (U+043C)
               not set up for use with LaTeX.

See the LaTeX manual or LaTeX Companion for explanation.
Type  H <return>  for immediate help.
 ...                                              
                                                  
l.3 ...∞–∫–æ–º–ª–µ–Ω–∏–µ —Å –∏–Ω—Ç–µ—Ä—Ñ–µ–π—Å–æ–º
                                                  }
You may provide a definition with
\DeclareUnicodeCharacter 

! Undefined control sequence.
l.4 	\subsection
                {–†–∞–±–æ—á–µ–µ –æ–∫–Ω–æ}
The control sequence at the end of the top line
of your error message was never \def'ed. If you have
misspelled it (e.g., `\hobx'), type `I' and the correct
spelling (e.g., `I\hbox'). Otherwise just continue,
and I'll forget about whatever was undefined.


! LaTeX Error: Unicode character –† (U+0420)
               not set up for use with LaTeX.

See the LaTeX manual or LaTeX Companion for explanation.
Type  H <return>  for immediate help.
 ...                                              
                                                  
l.4 	\subsection{–†
                   –∞–±–æ—á–µ–µ –æ–∫–Ω–æ}
You may provide a definition with
\DeclareUnicodeCharacter 


! LaTeX Error: Unicode character –∞ (U+0430)
               not set up for use with LaTeX.

See the LaTeX manual or LaTeX Companion for explanation.
Type  H <return>  for immediate help.
 ...                                              
                                                  
l.4 	\subsection{–†–∞
                     –±–æ—á–µ–µ –æ–∫–Ω–æ}
You may provide a definition with
\DeclareUnicodeCharacter 


! LaTeX Error: Unicode character –± (U+0431)
               not set up for use with LaTeX.

See the LaTeX manual or LaTeX Companion for explanation.
Type  H <return>  for immediate help.
 ...                                              
                                                  
l.4 	\subsection{–†–∞–±
                       –æ—á–µ–µ –æ–∫–Ω–æ}
You may provide a definition with
\DeclareUnicodeCharacter 


! LaTeX Error: Unicode character –æ (U+043E)
               not set up for use with LaTeX.

See the LaTeX manual or LaTeX Companion for explanation.
Type  H <return>  for immediate help.
 ...                                              
                                                  
l.4 	\subsection{–†–∞–±–æ
                         —á–µ–µ –æ–∫–Ω–æ}
You may provide a definition with
\DeclareUnicodeCharacter 


! LaTeX Error: Unicode character —á (U+0447)
               not set up for use with LaTeX.

See the LaTeX manual or LaTeX Companion for explanation.
Type  H <return>  for immediate help.
 ...                                              
                                                  
l.4 	\subsection{–†–∞–±–æ—á
                           –µ–µ –æ–∫–Ω–æ}
You may provide a definition with
\DeclareUnicodeCharacter 


! LaTeX Error: Unicode character –µ (U+0435)
               not set up for use with LaTeX.

See the LaTeX manual or LaTeX Companion for explanation.
Type  H <return>  for immediate help.
 ...                                              
                                                  
l.4 	\subsection{–†–∞–±–æ—á–µ
                             –µ –æ–∫–Ω–æ}
You may provide a definition with
\DeclareUnicodeCharacter 


! LaTeX Error: Unicode character –µ (U+0435)
               not set up for use with LaTeX.

See the LaTeX manual or LaTeX Companion for explanation.
Type  H <return>  for immediate help.
 ...                                              
                                                  
l.4 	\subsection{–†–∞–±–æ—á–µ–µ
                                –æ–∫–Ω–æ}
You may provide a definition with
\DeclareUnicodeCharacter 


! LaTeX Error: Unicode character –æ (U+043E)
               not set up for use with LaTeX.

See the LaTeX manual or LaTeX Companion for explanation.
Type  H <return>  for immediate help.
 ...                                              
                                                  
l.4 	\subsection{–†–∞–±–æ—á–µ–µ –æ
                                  –∫–Ω–æ}
You may provide a definition with
\DeclareUnicodeCharacter 


! LaTeX Error: Unicode character –∫ (U+043A)
               not set up for use with LaTeX.

See the LaTeX manual or LaTeX Companion for explanation.
Type  H <return>  for immediate help.
 ...                                              
                                                  
l.4 	\subsection{–†–∞–±–æ—á–µ–µ –æ–∫
                                    –Ω–æ}
You may provide a definition with
\DeclareUnicodeCharacter 


! LaTeX Error: Unicode character –Ω (U+043D)
               not set up for use with LaTeX.

See the LaTeX manual or LaTeX Companion for explanation.
Type  H <return>  for immediate help.
 ...                                              
                                                  
l.4 	\subsection{–†–∞–±–æ—á–µ–µ –æ–∫–Ω
                                      –æ}
You may provide a definition with
\DeclareUnicodeCharacter 


! LaTeX Error: Unicode character –æ (U+043E)
               not set up for use with LaTeX.

See the LaTeX manual or LaTeX Companion for explanation.
Type  H <return>  for immediate help.
 ...                                              
                                                  
l.4 	\subsection{–†–∞–±–æ—á–µ–µ –æ–∫–Ω–æ
                                        }
You may provide a definition with
\DeclareUnicodeCharacter 


! LaTeX Error: Unicode character –ì (U+0413)
               not set up for use with LaTeX.

See the LaTeX manual or LaTeX Companion for explanation.
Type  H <return>  for immediate help.
 ...                                              
                                                  
l.5 		–ì
        —Ä–∞—Ñ–∏—á–µ—Å–∫–æ–µ –ø—Ä–∏–ª–æ–∂–µ–Ω–∏–µ –ø—Ä–µ–¥—Å—Ç–∞–≤–ª—è–µ—Ç —...

You may provide a definition with
\DeclareUnicodeCharacter 


! LaTeX Error: Unicode character —Ä (U+0440)
               not set up for use with LaTeX.

See the LaTeX manual or LaTeX Companion for explanation.
Type  H <return>  for immediate help.
 ...                                              
                                                  
l.5 		–ì—Ä
          –∞—Ñ–∏—á–µ—Å–∫–æ–µ –ø—Ä–∏–ª–æ–∂–µ–Ω–∏–µ –ø—Ä–µ–¥—Å—Ç–∞–≤–ª—è–µ—Ç —...

You may provide a definition with
\DeclareUnicodeCharacter 


! LaTeX Error: Unicode character –∞ (U+0430)
               not set up for use with LaTeX.

See the LaTeX manual or LaTeX Companion for explanation.
Type  H <return>  for immediate help.
 ...                                              
                                                  
l.5 		–ì—Ä–∞
            —Ñ–∏—á–µ—Å–∫–æ–µ –ø—Ä–∏–ª–æ–∂–µ–Ω–∏–µ –ø—Ä–µ–¥—Å—Ç–∞–≤–ª—è–µ—Ç —...

You may provide a definition with
\DeclareUnicodeCharacter 


! LaTeX Error: Unicode character —Ñ (U+0444)
               not set up for use with LaTeX.

See the LaTeX manual or LaTeX Companion for explanation.
Type  H <return>  for immediate help.
 ...                                              
                                                  
l.5 		–ì—Ä–∞—Ñ
              –∏—á–µ—Å–∫–æ–µ –ø—Ä–∏–ª–æ–∂–µ–Ω–∏–µ –ø—Ä–µ–¥—Å—Ç–∞–≤–ª—è–µ—Ç —...

You may provide a definition with
\DeclareUnicodeCharacter 


! LaTeX Error: Unicode character –∏ (U+0438)
               not set up for use with LaTeX.

See the LaTeX manual or LaTeX Companion for explanation.
Type  H <return>  for immediate help.
 ...                                              
                                                  
l.5 		–ì—Ä–∞—Ñ–∏
                —á–µ—Å–∫–æ–µ –ø—Ä–∏–ª–æ–∂–µ–Ω–∏–µ –ø—Ä–µ–¥—Å—Ç–∞–≤–ª—è–µ—Ç —...

You may provide a definition with
\DeclareUnicodeCharacter 


! LaTeX Error: Unicode character —á (U+0447)
               not set up for use with LaTeX.

See the LaTeX manual or LaTeX Companion for explanation.
Type  H <return>  for immediate help.
 ...                                              
                                                  
l.5 		–ì—Ä–∞—Ñ–∏—á
                  –µ—Å–∫–æ–µ –ø—Ä–∏–ª–æ–∂–µ–Ω–∏–µ –ø—Ä–µ–¥—Å—Ç–∞–≤–ª—è–µ—Ç —...

You may provide a definition with
\DeclareUnicodeCharacter 


! LaTeX Error: Unicode character –µ (U+0435)
               not set up for use with LaTeX.

See the LaTeX manual or LaTeX Companion for explanation.
Type  H <return>  for immediate help.
 ...                                              
                                                  
l.5 		–ì—Ä–∞—Ñ–∏—á–µ
                    —Å–∫–æ–µ –ø—Ä–∏–ª–æ–∂–µ–Ω–∏–µ –ø—Ä–µ–¥—Å—Ç–∞–≤–ª—è–µ—Ç —...

You may provide a definition with
\DeclareUnicodeCharacter 


! LaTeX Error: Unicode character —Å (U+0441)
               not set up for use with LaTeX.

See the LaTeX manual or LaTeX Companion for explanation.
Type  H <return>  for immediate help.
 ...                                              
                                                  
l.5 		–ì—Ä–∞—Ñ–∏—á–µ—Å
                      –∫–æ–µ –ø—Ä–∏–ª–æ–∂–µ–Ω–∏–µ –ø—Ä–µ–¥—Å—Ç–∞–≤–ª—è–µ—Ç —...

You may provide a definition with
\DeclareUnicodeCharacter 


! LaTeX Error: Unicode character –∫ (U+043A)
               not set up for use with LaTeX.

See the LaTeX manual or LaTeX Companion for explanation.
Type  H <return>  for immediate help.
 ...                                              
                                                  
l.5 		–ì—Ä–∞—Ñ–∏—á–µ—Å–∫
                        –æ–µ –ø—Ä–∏–ª–æ–∂–µ–Ω–∏–µ –ø—Ä–µ–¥—Å—Ç–∞–≤–ª—è–µ—Ç —...

You may provide a definition with
\DeclareUnicodeCharacter 


! LaTeX Error: Unicode character –æ (U+043E)
               not set up for use with LaTeX.

See the LaTeX manual or LaTeX Companion for explanation.
Type  H <return>  for immediate help.
 ...                                              
                                                  
l.5 		–ì—Ä–∞—Ñ–∏—á–µ—Å–∫–æ
                          –µ –ø—Ä–∏–ª–æ–∂–µ–Ω–∏–µ –ø—Ä–µ–¥—Å—Ç–∞–≤–ª—è–µ—Ç —...

You may provide a definition with
\DeclareUnicodeCharacter 


! LaTeX Error: Unicode character –µ (U+0435)
               not set up for use with LaTeX.

See the LaTeX manual or LaTeX Companion for explanation.
Type  H <return>  for immediate help.
 ...                                              
                                                  
l.5 		–ì—Ä–∞—Ñ–∏—á–µ—Å–∫–æ–µ
                             –ø—Ä–∏–ª–æ–∂–µ–Ω–∏–µ –ø—Ä–µ–¥—Å—Ç–∞–≤–ª—è–µ—Ç —...

You may provide a definition with
\DeclareUnicodeCharacter 


! LaTeX Error: Unicode character –ø (U+043F)
               not set up for use with LaTeX.

See the LaTeX manual or LaTeX Companion for explanation.
Type  H <return>  for immediate help.
 ...                                              
                                                  
l.5 		–ì—Ä–∞—Ñ–∏—á–µ—Å–∫–æ–µ –ø
                               —Ä–∏–ª–æ–∂–µ–Ω–∏–µ –ø—Ä–µ–¥—Å—Ç–∞–≤–ª—è–µ—Ç —...

You may provide a definition with
\DeclareUnicodeCharacter 


! LaTeX Error: Unicode character —Ä (U+0440)
               not set up for use with LaTeX.

See the LaTeX manual or LaTeX Companion for explanation.
Type  H <return>  for immediate help.
 ...                                              
                                                  
l.5 		–ì—Ä–∞—Ñ–∏—á–µ—Å–∫–æ–µ –ø—Ä
                                 –∏–ª–æ–∂–µ–Ω–∏–µ –ø—Ä–µ–¥—Å—Ç–∞–≤–ª—è–µ—Ç —...

You may provide a definition with
\DeclareUnicodeCharacter 


! LaTeX Error: Unicode character –∏ (U+0438)
               not set up for use with LaTeX.

See the LaTeX manual or LaTeX Companion for explanation.
Type  H <return>  for immediate help.
 ...                                              
                                                  
l.5 		–ì—Ä–∞—Ñ–∏—á–µ—Å–∫–æ–µ –ø—Ä–∏
                                   –ª–æ–∂–µ–Ω–∏–µ –ø—Ä–µ–¥—Å—Ç–∞–≤–ª—è–µ—Ç —...

You may provide a definition with
\DeclareUnicodeCharacter 


! LaTeX Error: Unicode character –ª (U+043B)
               not set up for use with LaTeX.

See the LaTeX manual or LaTeX Companion for explanation.
Type  H <return>  for immediate help.
 ...                                              
                                                  
l.5 		–ì—Ä–∞—Ñ–∏—á–µ—Å–∫–æ–µ –ø—Ä–∏–ª
                                     –æ–∂–µ–Ω–∏–µ –ø—Ä–µ–¥—Å—Ç–∞–≤–ª—è–µ—Ç —...

You may provide a definition with
\DeclareUnicodeCharacter 


! LaTeX Error: Unicode character –æ (U+043E)
               not set up for use with LaTeX.

See the LaTeX manual or LaTeX Companion for explanation.
Type  H <return>  for immediate help.
 ...                                              
                                                  
l.5 		–ì—Ä–∞—Ñ–∏—á–µ—Å–∫–æ–µ –ø—Ä–∏–ª–æ
                                       –∂–µ–Ω–∏–µ –ø—Ä–µ–¥—Å—Ç–∞–≤–ª—è–µ—Ç —...

You may provide a definition with
\DeclareUnicodeCharacter 


! LaTeX Error: Unicode character –∂ (U+0436)
               not set up for use with LaTeX.

See the LaTeX manual or LaTeX Companion for explanation.
Type  H <return>  for immediate help.
 ...                                              
                                                  
l.5 		–ì—Ä–∞—Ñ–∏—á–µ—Å–∫–æ–µ –ø—Ä–∏–ª–æ–∂
                                         –µ–Ω–∏–µ –ø—Ä–µ–¥—Å—Ç–∞–≤–ª—è–µ—Ç —...

You may provide a definition with
\DeclareUnicodeCharacter 


! LaTeX Error: Unicode character –µ (U+0435)
               not set up for use with LaTeX.

See the LaTeX manual or LaTeX Companion for explanation.
Type  H <return>  for immediate help.
 ...                                              
                                                  
l.5 		–ì—Ä–∞—Ñ–∏—á–µ—Å–∫–æ–µ –ø—Ä–∏–ª–æ–∂–µ
                                           –Ω–∏–µ –ø—Ä–µ–¥—Å—Ç–∞–≤–ª—è–µ—Ç —...

You may provide a definition with
\DeclareUnicodeCharacter 


! LaTeX Error: Unicode character –Ω (U+043D)
               not set up for use with LaTeX.

See the LaTeX manual or LaTeX Companion for explanation.
Type  H <return>  for immediate help.
 ...                                              
                                                  
l.5 		–ì—Ä–∞—Ñ–∏—á–µ—Å–∫–æ–µ –ø—Ä–∏–ª–æ–∂–µ–Ω
                                             –∏–µ –ø—Ä–µ–¥—Å—Ç–∞–≤–ª—è–µ—Ç —...

You may provide a definition with
\DeclareUnicodeCharacter 


! LaTeX Error: Unicode character –∏ (U+0438)
               not set up for use with LaTeX.

See the LaTeX manual or LaTeX Companion for explanation.
Type  H <return>  for immediate help.
 ...                                              
                                                  
l.5 		–ì—Ä–∞—Ñ–∏—á–µ—Å–∫–æ–µ –ø—Ä–∏–ª–æ–∂–µ–Ω–∏
                                               –µ –ø—Ä–µ–¥—Å—Ç–∞–≤–ª—è–µ—Ç —...

You may provide a definition with
\DeclareUnicodeCharacter 


! LaTeX Error: Unicode character –µ (U+0435)
               not set up for use with LaTeX.

See the LaTeX manual or LaTeX Companion for explanation.
Type  H <return>  for immediate help.
 ...                                              
                                                  
l.5 		–ì—Ä–∞—Ñ–∏—á–µ—Å–∫–æ–µ –ø—Ä–∏–ª–æ–∂–µ–Ω–∏–µ
                                                  –ø—Ä–µ–¥—Å—Ç–∞–≤–ª—è–µ—Ç —...

You may provide a definition with
\DeclareUnicodeCharacter 


! LaTeX Error: Unicode character –ø (U+043F)
               not set up for use with LaTeX.

See the LaTeX manual or LaTeX Companion for explanation.
Type  H <return>  for immediate help.
 ...                                              
                                                  
l.5 ...Ä–∞—Ñ–∏—á–µ—Å–∫–æ–µ –ø—Ä–∏–ª–æ–∂–µ–Ω–∏–µ –ø
                                                  —Ä–µ–¥—Å—Ç–∞–≤–ª—è–µ—Ç —Å–...

You may provide a definition with
\DeclareUnicodeCharacter 


! LaTeX Error: Unicode character —Ä (U+0440)
               not set up for use with LaTeX.

See the LaTeX manual or LaTeX Companion for explanation.
Type  H <return>  for immediate help.
 ...                                              
                                                  
l.5 ...∞—Ñ–∏—á–µ—Å–∫–æ–µ –ø—Ä–∏–ª–æ–∂–µ–Ω–∏–µ –ø—Ä
                                                  –µ–¥—Å—Ç–∞–≤–ª—è–µ—Ç —Å–æ–...

You may provide a definition with
\DeclareUnicodeCharacter 


! LaTeX Error: Unicode character –µ (U+0435)
               not set up for use with LaTeX.

See the LaTeX manual or LaTeX Companion for explanation.
Type  H <return>  for immediate help.
 ...                                              
                                                  
l.5 ...Ñ–∏—á–µ—Å–∫–æ–µ –ø—Ä–∏–ª–æ–∂–µ–Ω–∏–µ –ø—Ä–µ
                                                  –¥—Å—Ç–∞–≤–ª—è–µ—Ç —Å–æ–±–...

You may provide a definition with
\DeclareUnicodeCharacter 


! LaTeX Error: Unicode character –¥ (U+0434)
               not set up for use with LaTeX.

See the LaTeX manual or LaTeX Companion for explanation.
Type  H <return>  for immediate help.
 ...                                              
                                                  
l.5 ...∏—á–µ—Å–∫–æ–µ –ø—Ä–∏–ª–æ–∂–µ–Ω–∏–µ –ø—Ä–µ–¥
                                                  —Å—Ç–∞–≤–ª—è–µ—Ç —Å–æ–±–æ–...

You may provide a definition with
\DeclareUnicodeCharacter 


! LaTeX Error: Unicode character —Å (U+0441)
               not set up for use with LaTeX.

See the LaTeX manual or LaTeX Companion for explanation.
Type  H <return>  for immediate help.
 ...                                              
                                                  
l.5 ...á–µ—Å–∫–æ–µ –ø—Ä–∏–ª–æ–∂–µ–Ω–∏–µ –ø—Ä–µ–¥—Å
                                                  —Ç–∞–≤–ª—è–µ—Ç —Å–æ–±–æ–π ...

You may provide a definition with
\DeclareUnicodeCharacter 


! LaTeX Error: Unicode character —Ç (U+0442)
               not set up for use with LaTeX.

See the LaTeX manual or LaTeX Companion for explanation.
Type  H <return>  for immediate help.
 ...                                              
                                                  
l.5 ...µ—Å–∫–æ–µ –ø—Ä–∏–ª–æ–∂–µ–Ω–∏–µ –ø—Ä–µ–¥—Å—Ç
                                                  –∞–≤–ª—è–µ—Ç —Å–æ–±–æ–π –æ...

You may provide a definition with
\DeclareUnicodeCharacter 


! LaTeX Error: Unicode character –∞ (U+0430)
               not set up for use with LaTeX.

See the LaTeX manual or LaTeX Companion for explanation.
Type  H <return>  for immediate help.
 ...                                              
                                                  
l.5 ...Å–∫–æ–µ –ø—Ä–∏–ª–æ–∂–µ–Ω–∏–µ –ø—Ä–µ–¥—Å—Ç–∞
                                                  –≤–ª—è–µ—Ç —Å–æ–±–æ–π –æ–∫...

You may provide a definition with
\DeclareUnicodeCharacter 


! LaTeX Error: Unicode character –≤ (U+0432)
               not set up for use with LaTeX.

See the LaTeX manual or LaTeX Companion for explanation.
Type  H <return>  for immediate help.
 ...                                              
                                                  
l.5 ...∫–æ–µ –ø—Ä–∏–ª–æ–∂–µ–Ω–∏–µ –ø—Ä–µ–¥—Å—Ç–∞–≤
                                                  –ª—è–µ—Ç —Å–æ–±–æ–π –æ–∫–Ω...

You may provide a definition with
\DeclareUnicodeCharacter 


! LaTeX Error: Unicode character –ª (U+043B)
               not set up for use with LaTeX.

See the LaTeX manual or LaTeX Companion for explanation.
Type  H <return>  for immediate help.
 ...                                              
                                                  
l.5 ...æ–µ –ø—Ä–∏–ª–æ–∂–µ–Ω–∏–µ –ø—Ä–µ–¥—Å—Ç–∞–≤–ª
                                                  —è–µ—Ç —Å–æ–±–æ–π –æ–∫–Ω–æ...

You may provide a definition with
\DeclareUnicodeCharacter 


! LaTeX Error: Unicode character —è (U+044F)
               not set up for use with LaTeX.

See the LaTeX manual or LaTeX Companion for explanation.
Type  H <return>  for immediate help.
 ...                                              
                                                  
l.5 ...µ –ø—Ä–∏–ª–æ–∂–µ–Ω–∏–µ –ø—Ä–µ–¥—Å—Ç–∞–≤–ª—è
                                                  –µ—Ç —Å–æ–±–æ–π –æ–∫–Ω–æ —...

You may provide a definition with
\DeclareUnicodeCharacter 


! LaTeX Error: Unicode character –µ (U+0435)
               not set up for use with LaTeX.

See the LaTeX manual or LaTeX Companion for explanation.
Type  H <return>  for immediate help.
 ...                                              
                                                  
l.5 ...–ø—Ä–∏–ª–æ–∂–µ–Ω–∏–µ –ø—Ä–µ–¥—Å—Ç–∞–≤–ª—è–µ
                                                  —Ç —Å–æ–±–æ–π –æ–∫–Ω–æ —Å ...

You may provide a definition with
\DeclareUnicodeCharacter 


! LaTeX Error: Unicode character —Ç (U+0442)
               not set up for use with LaTeX.

See the LaTeX manual or LaTeX Companion for explanation.
Type  H <return>  for immediate help.
 ...                                              
                                                  
l.5 ...—Ä–∏–ª–æ–∂–µ–Ω–∏–µ –ø—Ä–µ–¥—Å—Ç–∞–≤–ª—è–µ—Ç
                                                   —Å–æ–±–æ–π –æ–∫–Ω–æ —Å –º...

You may provide a definition with
\DeclareUnicodeCharacter 


! LaTeX Error: Unicode character —Å (U+0441)
               not set up for use with LaTeX.

See the LaTeX manual or LaTeX Companion for explanation.
Type  H <return>  for immediate help.
 ...                                              
                                                  
l.5 ...∏–ª–æ–∂–µ–Ω–∏–µ –ø—Ä–µ–¥—Å—Ç–∞–≤–ª—è–µ—Ç —Å
                                                  –æ–±–æ–π –æ–∫–Ω–æ —Å –º–µ–...

You may provide a definition with
\DeclareUnicodeCharacter 


! LaTeX Error: Unicode character –æ (U+043E)
               not set up for use with LaTeX.

See the LaTeX manual or LaTeX Companion for explanation.
Type  H <return>  for immediate help.
 ...                                              
                                                  
l.5 ...ª–æ–∂–µ–Ω–∏–µ –ø—Ä–µ–¥—Å—Ç–∞–≤–ª—è–µ—Ç —Å–æ
                                                  –±–æ–π –æ–∫–Ω–æ —Å –º–µ–Ω—...

You may provide a definition with
\DeclareUnicodeCharacter 


! LaTeX Error: Unicode character –± (U+0431)
               not set up for use with LaTeX.

See the LaTeX manual or LaTeX Companion for explanation.
Type  H <return>  for immediate help.
 ...                                              
                                                  
l.5 ...æ–∂–µ–Ω–∏–µ –ø—Ä–µ–¥—Å—Ç–∞–≤–ª—è–µ—Ç —Å–æ–±
                                                  –æ–π –æ–∫–Ω–æ —Å –º–µ–Ω—é-...

You may provide a definition with
\DeclareUnicodeCharacter 


! LaTeX Error: Unicode character –æ (U+043E)
               not set up for use with LaTeX.

See the LaTeX manual or LaTeX Companion for explanation.
Type  H <return>  for immediate help.
 ...                                              
                                                  
l.5 ...∂–µ–Ω–∏–µ –ø—Ä–µ–¥—Å—Ç–∞–≤–ª—è–µ—Ç —Å–æ–±–æ
                                                  –π –æ–∫–Ω–æ —Å –º–µ–Ω—é-–±...

You may provide a definition with
\DeclareUnicodeCharacter 


! LaTeX Error: Unicode character –π (U+0439)
               not set up for use with LaTeX.

See the LaTeX manual or LaTeX Companion for explanation.
Type  H <return>  for immediate help.
 ...                                              
                                                  
l.5 ...µ–Ω–∏–µ –ø—Ä–µ–¥—Å—Ç–∞–≤–ª—è–µ—Ç —Å–æ–±–æ–π
                                                   –æ–∫–Ω–æ —Å –º–µ–Ω—é-–±–∞...

You may provide a definition with
\DeclareUnicodeCharacter 


! LaTeX Error: Unicode character –æ (U+043E)
               not set up for use with LaTeX.

See the LaTeX manual or LaTeX Companion for explanation.
Type  H <return>  for immediate help.
 ...                                              
                                                  
l.5 ...–∏–µ –ø—Ä–µ–¥—Å—Ç–∞–≤–ª—è–µ—Ç —Å–æ–±–æ–π –æ
                                                  –∫–Ω–æ —Å –º–µ–Ω—é-–±–∞—Ä–...

You may provide a definition with
\DeclareUnicodeCharacter 


! LaTeX Error: Unicode character –∫ (U+043A)
               not set up for use with LaTeX.

See the LaTeX manual or LaTeX Companion for explanation.
Type  H <return>  for immediate help.
 ...                                              
                                                  
l.5 ...–µ –ø—Ä–µ–¥—Å—Ç–∞–≤–ª—è–µ—Ç —Å–æ–±–æ–π –æ–∫
                                                  –Ω–æ —Å –º–µ–Ω—é-–±–∞—Ä–æ–...

You may provide a definition with
\DeclareUnicodeCharacter 


! LaTeX Error: Unicode character –Ω (U+043D)
               not set up for use with LaTeX.

See the LaTeX manual or LaTeX Companion for explanation.
Type  H <return>  for immediate help.
 ...                                              
                                                  
l.5 ... –ø—Ä–µ–¥—Å—Ç–∞–≤–ª—è–µ—Ç —Å–æ–±–æ–π –æ–∫–Ω
                                                  –æ —Å –º–µ–Ω—é-–±–∞—Ä–æ–º,...

You may provide a definition with
\DeclareUnicodeCharacter 


! LaTeX Error: Unicode character –æ (U+043E)
               not set up for use with LaTeX.

See the LaTeX manual or LaTeX Companion for explanation.
Type  H <return>  for immediate help.
 ...                                              
                                                  
l.5 ...ø—Ä–µ–¥—Å—Ç–∞–≤–ª—è–µ—Ç —Å–æ–±–æ–π –æ–∫–Ω–æ
                                                   —Å –º–µ–Ω—é-–±–∞—Ä–æ–º, —...

You may provide a definition with
\DeclareUnicodeCharacter 


! LaTeX Error: Unicode character —Å (U+0441)
               not set up for use with LaTeX.

See the LaTeX manual or LaTeX Companion for explanation.
Type  H <return>  for immediate help.
 ...                                              
                                                  
l.5 ...–µ–¥—Å—Ç–∞–≤–ª—è–µ—Ç —Å–æ–±–æ–π –æ–∫–Ω–æ —Å
                                                   –º–µ–Ω—é-–±–∞—Ä–æ–º, —Å–æ...

You may provide a definition with
\DeclareUnicodeCharacter 


! LaTeX Error: Unicode character –º (U+043C)
               not set up for use with LaTeX.

See the LaTeX manual or LaTeX Companion for explanation.
Type  H <return>  for immediate help.
 ...                                              
                                                  
l.5 ...¥—Å—Ç–∞–≤–ª—è–µ—Ç —Å–æ–±–æ–π –æ–∫–Ω–æ —Å –º
                                                  –µ–Ω—é-–±–∞—Ä–æ–º, —Å–æ–¥–...

You may provide a definition with
\DeclareUnicodeCharacter 


! LaTeX Error: Unicode character –µ (U+0435)
               not set up for use with LaTeX.

See the LaTeX manual or LaTeX Companion for explanation.
Type  H <return>  for immediate help.
 ...                                              
                                                  
l.5 ...Å—Ç–∞–≤–ª—è–µ—Ç —Å–æ–±–æ–π –æ–∫–Ω–æ —Å –º–µ
                                                  –Ω—é-–±–∞—Ä–æ–º, —Å–æ–¥–µ—...

You may provide a definition with
\DeclareUnicodeCharacter 


! LaTeX Error: Unicode character –Ω (U+043D)
               not set up for use with LaTeX.

See the LaTeX manual or LaTeX Companion for explanation.
Type  H <return>  for immediate help.
 ...                                              
                                                  
l.5 ...Ç–∞–≤–ª—è–µ—Ç —Å–æ–±–æ–π –æ–∫–Ω–æ —Å –º–µ–Ω
                                                  —é-–±–∞—Ä–æ–º, —Å–æ–¥–µ—Ä–...

You may provide a definition with
\DeclareUnicodeCharacter 


! LaTeX Error: Unicode character —é (U+044E)
               not set up for use with LaTeX.

See the LaTeX manual or LaTeX Companion for explanation.
Type  H <return>  for immediate help.
 ...                                              
                                                  
l.5 ...∞–≤–ª—è–µ—Ç —Å–æ–±–æ–π –æ–∫–Ω–æ —Å –º–µ–Ω—é
                                                  -–±–∞—Ä–æ–º, —Å–æ–¥–µ—Ä–∂–...

You may provide a definition with
\DeclareUnicodeCharacter 


! LaTeX Error: Missing \begin{document}.

See the LaTeX manual or LaTeX Companion for explanation.
Type  H <return>  for immediate help.
 ...                                              
                                                  
l.5 ...–≤–ª—è–µ—Ç —Å–æ–±–æ–π –æ–∫–Ω–æ —Å –º–µ–Ω—é-
                                                  –±–∞—Ä–æ–º, —Å–æ–¥–µ—Ä–∂–∞...

You're in trouble here.  Try typing  <return>  to proceed.
If that doesn't work, type  X <return>  to quit.

Missing character: There is no - in font nullfont!

! LaTeX Error: Unicode character –± (U+0431)
               not set up for use with LaTeX.

See the LaTeX manual or LaTeX Companion for explanation.
Type  H <return>  for immediate help.
 ...                                              
                                                  
l.5 ...–ª—è–µ—Ç —Å–æ–±–æ–π –æ–∫–Ω–æ —Å –º–µ–Ω—é-–±
                                                  –∞—Ä–æ–º, —Å–æ–¥–µ—Ä–∂–∞—â...

You may provide a definition with
\DeclareUnicodeCharacter 


! LaTeX Error: Unicode character –∞ (U+0430)
               not set up for use with LaTeX.

See the LaTeX manual or LaTeX Companion for explanation.
Type  H <return>  for immediate help.
 ...                                              
                                                  
l.5 ...—è–µ—Ç —Å–æ–±–æ–π –æ–∫–Ω–æ —Å –º–µ–Ω—é-–±–∞
                                                  —Ä–æ–º, —Å–æ–¥–µ—Ä–∂–∞—â–∏...

You may provide a definition with
\DeclareUnicodeCharacter 


! LaTeX Error: Unicode character —Ä (U+0440)
               not set up for use with LaTeX.

See the LaTeX manual or LaTeX Companion for explanation.
Type  H <return>  for immediate help.
 ...                                              
                                                  
l.5 ...–µ—Ç —Å–æ–±–æ–π –æ–∫–Ω–æ —Å –º–µ–Ω—é-–±–∞—Ä
                                                  –æ–º, —Å–æ–¥–µ—Ä–∂–∞—â–∏–º...

You may provide a definition with
\DeclareUnicodeCharacter 


! LaTeX Error: Unicode character –æ (U+043E)
               not set up for use with LaTeX.

See the LaTeX manual or LaTeX Companion for explanation.
Type  H <return>  for immediate help.
 ...                                              
                                                  
l.5 ...—Ç —Å–æ–±–æ–π –æ–∫–Ω–æ —Å –º–µ–Ω—é-–±–∞—Ä–æ
                                                  –º, —Å–æ–¥–µ—Ä–∂–∞—â–∏–º –...

You may provide a definition with
\DeclareUnicodeCharacter 


! LaTeX Error: Unicode character –º (U+043C)
               not set up for use with LaTeX.

See the LaTeX manual or LaTeX Companion for explanation.
Type  H <return>  for immediate help.
 ...                                              
                                                  
l.5 ... —Å–æ–±–æ–π –æ–∫–Ω–æ —Å –º–µ–Ω—é-–±–∞—Ä–æ–º
                                                  , —Å–æ–¥–µ—Ä–∂–∞—â–∏–º –¥–...

You may provide a definition with
\DeclareUnicodeCharacter 

Missing character: There is no , in font nullfont!

! LaTeX Error: Unicode character —Å (U+0441)
               not set up for use with LaTeX.

See the LaTeX manual or LaTeX Companion for explanation.
Type  H <return>  for immediate help.
 ...                                              
                                                  
l.5 ...æ–±–æ–π –æ–∫–Ω–æ —Å –º–µ–Ω—é-–±–∞—Ä–æ–º, —Å
                                                  –æ–¥–µ—Ä–∂–∞—â–∏–º –¥–≤–∞ ...

You may provide a definition with
\DeclareUnicodeCharacter 


! LaTeX Error: Unicode character –æ (U+043E)
               not set up for use with LaTeX.

See the LaTeX manual or LaTeX Companion for explanation.
Type  H <return>  for immediate help.
 ...                                              
                                                  
l.5 ...±–æ–π –æ–∫–Ω–æ —Å –º–µ–Ω—é-–±–∞—Ä–æ–º, —Å–æ
                                                  –¥–µ—Ä–∂–∞—â–∏–º –¥–≤–∞ –ø...

You may provide a definition with
\DeclareUnicodeCharacter 


! LaTeX Error: Unicode character –¥ (U+0434)
               not set up for use with LaTeX.

See the LaTeX manual or LaTeX Companion for explanation.
Type  H <return>  for immediate help.
 ...                                              
                                                  
l.5 ...æ–π –æ–∫–Ω–æ —Å –º–µ–Ω—é-–±–∞—Ä–æ–º, —Å–æ–¥
                                                  –µ—Ä–∂–∞—â–∏–º –¥–≤–∞ –ø–æ...

You may provide a definition with
\DeclareUnicodeCharacter 


! LaTeX Error: Unicode character –µ (U+0435)
               not set up for use with LaTeX.

See the LaTeX manual or LaTeX Companion for explanation.
Type  H <return>  for immediate help.
 ...                                              
                                                  
l.5 ...π –æ–∫–Ω–æ —Å –º–µ–Ω—é-–±–∞—Ä–æ–º, —Å–æ–¥–µ
                                                  —Ä–∂–∞—â–∏–º –¥–≤–∞ –ø–æ–ª...

You may provide a definition with
\DeclareUnicodeCharacter 


! LaTeX Error: Unicode character —Ä (U+0440)
               not set up for use with LaTeX.

See the LaTeX manual or LaTeX Companion for explanation.
Type  H <return>  for immediate help.
 ...                                              
                                                  
l.5 ...–æ–∫–Ω–æ —Å –º–µ–Ω—é-–±–∞—Ä–æ–º, —Å–æ–¥–µ—Ä
                                                  –∂–∞—â–∏–º –¥–≤–∞ –ø–æ–ª—è...

You may provide a definition with
\DeclareUnicodeCharacter 


! LaTeX Error: Unicode character –∂ (U+0436)
               not set up for use with LaTeX.

See the LaTeX manual or LaTeX Companion for explanation.
Type  H <return>  for immediate help.
 ...                                              
                                                  
l.5 ...–∫–Ω–æ —Å –º–µ–Ω—é-–±–∞—Ä–æ–º, —Å–æ–¥–µ—Ä–∂
                                                  –∞—â–∏–º –¥–≤–∞ –ø–æ–ª—è (...

You may provide a definition with
\DeclareUnicodeCharacter 


! LaTeX Error: Unicode character –∞ (U+0430)
               not set up for use with LaTeX.

See the LaTeX manual or LaTeX Companion for explanation.
Type  H <return>  for immediate help.
 ...                                              
                                                  
l.5 ...–Ω–æ —Å –º–µ–Ω—é-–±–∞—Ä–æ–º, —Å–æ–¥–µ—Ä–∂–∞
                                                  —â–∏–º –¥–≤–∞ –ø–æ–ª—è ("F...

You may provide a definition with
\DeclareUnicodeCharacter 


! LaTeX Error: Unicode character —â (U+0449)
               not set up for use with LaTeX.

See the LaTeX manual or LaTeX Companion for explanation.
Type  H <return>  for immediate help.
 ...                                              
                                                  
l.5 ...–æ —Å –º–µ–Ω—é-–±–∞—Ä–æ–º, —Å–æ–¥–µ—Ä–∂–∞—â
                                                  –∏–º –¥–≤–∞ –ø–æ–ª—è ("Fil...

You may provide a definition with
\DeclareUnicodeCharacter 


! LaTeX Error: Unicode character –∏ (U+0438)
               not set up for use with LaTeX.

See the LaTeX manual or LaTeX Companion for explanation.
Type  H <return>  for immediate help.
 ...                                              
                                                  
l.5 ... —Å –º–µ–Ω—é-–±–∞—Ä–æ–º, —Å–æ–¥–µ—Ä–∂–∞—â–∏
                                                  –º –¥–≤–∞ –ø–æ–ª—è ("File"...

You may provide a definition with
\DeclareUnicodeCharacter 


! LaTeX Error: Unicode character –º (U+043C)
               not set up for use with LaTeX.

See the LaTeX manual or LaTeX Companion for explanation.
Type  H <return>  for immediate help.
 ...                                              
                                                  
l.5 ...Å –º–µ–Ω—é-–±–∞—Ä–æ–º, —Å–æ–¥–µ—Ä–∂–∞—â–∏–º
                                                   –¥–≤–∞ –ø–æ–ª—è ("File" –...

You may provide a definition with
\DeclareUnicodeCharacter 


! LaTeX Error: Unicode character –¥ (U+0434)
               not set up for use with LaTeX.

See the LaTeX manual or LaTeX Companion for explanation.
Type  H <return>  for immediate help.
 ...                                              
                                                  
l.5 ...º–µ–Ω—é-–±–∞—Ä–æ–º, —Å–æ–¥–µ—Ä–∂–∞—â–∏–º –¥
                                                  –≤–∞ –ø–æ–ª—è ("File" –∏ "...

You may provide a definition with
\DeclareUnicodeCharacter 


! LaTeX Error: Unicode character –≤ (U+0432)
               not set up for use with LaTeX.

See the LaTeX manual or LaTeX Companion for explanation.
Type  H <return>  for immediate help.
 ...                                              
                                                  
l.5 ...µ–Ω—é-–±–∞—Ä–æ–º, —Å–æ–¥–µ—Ä–∂–∞—â–∏–º –¥–≤
                                                  –∞ –ø–æ–ª—è ("File" –∏ "Co...

You may provide a definition with
\DeclareUnicodeCharacter 


! LaTeX Error: Unicode character –∞ (U+0430)
               not set up for use with LaTeX.

See the LaTeX manual or LaTeX Companion for explanation.
Type  H <return>  for immediate help.
 ...                                              
                                                  
l.5 ...Ω—é-–±–∞—Ä–æ–º, —Å–æ–¥–µ—Ä–∂–∞—â–∏–º –¥–≤–∞
                                                   –ø–æ–ª—è ("File" –∏ "Comm...

You may provide a definition with
\DeclareUnicodeCharacter 


! LaTeX Error: Unicode character –ø (U+043F)
               not set up for use with LaTeX.

See the LaTeX manual or LaTeX Companion for explanation.
Type  H <return>  for immediate help.
 ...                                              
                                                  
l.5 ...-–±–∞—Ä–æ–º, —Å–æ–¥–µ—Ä–∂–∞—â–∏–º –¥–≤–∞ –ø
                                                  –æ–ª—è ("File" –∏ "Comment...

You may provide a definition with
\DeclareUnicodeCharacter 


! LaTeX Error: Unicode character –æ (U+043E)
               not set up for use with LaTeX.

See the LaTeX manual or LaTeX Companion for explanation.
Type  H <return>  for immediate help.
 ...                                              
                                                  
l.5 ...±–∞—Ä–æ–º, —Å–æ–¥–µ—Ä–∂–∞—â–∏–º –¥–≤–∞ –ø–æ
                                                  –ª—è ("File" –∏ "Comments"...

You may provide a definition with
\DeclareUnicodeCharacter 


! LaTeX Error: Unicode character –ª (U+043B)
               not set up for use with LaTeX.

See the LaTeX manual or LaTeX Companion for explanation.
Type  H <return>  for immediate help.
 ...                                              
                                                  
l.5 ...∞—Ä–æ–º, —Å–æ–¥–µ—Ä–∂–∞—â–∏–º –¥–≤–∞ –ø–æ–ª
                                                  —è ("File" –∏ "Comments"),...

You may provide a definition with
\DeclareUnicodeCharacter 


! LaTeX Error: Unicode character —è (U+044F)
               not set up for use with LaTeX.

See the LaTeX manual or LaTeX Companion for explanation.
Type  H <return>  for immediate help.
 ...                                              
                                                  
l.5 ...Ä–æ–º, —Å–æ–¥–µ—Ä–∂–∞—â–∏–º –¥–≤–∞ –ø–æ–ª—è
                                                   ("File" –∏ "Comments"), –...

You may provide a definition with
\DeclareUnicodeCharacter 

Missing character: There is no ( in font nullfont!
Missing character: There is no " in font nullfont!
Missing character: There is no F in font nullfont!
Missing character: There is no i in font nullfont!
Missing character: There is no l in font nullfont!
Missing character: There is no e in font nullfont!
Missing character: There is no " in font nullfont!

! LaTeX Error: Unicode character –∏ (U+0438)
               not set up for use with LaTeX.

See the LaTeX manual or LaTeX Companion for explanation.
Type  H <return>  for immediate help.
 ...                                              
                                                  
l.5 ...–¥–µ—Ä–∂–∞—â–∏–º –¥–≤–∞ –ø–æ–ª—è ("File" –∏
                                                   "Comments"), –∏ –æ—Å–Ω–æ–...

You may provide a definition with
\DeclareUnicodeCharacter 

Missing character: There is no " in font nullfont!
Missing character: There is no C in font nullfont!
Missing character: There is no o in font nullfont!
Missing character: There is no m in font nullfont!
Missing character: There is no m in font nullfont!
Missing character: There is no e in font nullfont!
Missing character: There is no n in font nullfont!
Missing character: There is no t in font nullfont!
Missing character: There is no s in font nullfont!
Missing character: There is no " in font nullfont!
Missing character: There is no ) in font nullfont!
Missing character: There is no , in font nullfont!

! LaTeX Error: Unicode character –∏ (U+0438)
               not set up for use with LaTeX.

See the LaTeX manual or LaTeX Companion for explanation.
Type  H <return>  for immediate help.
 ...                                              
                                                  
l.5 ... –¥–≤–∞ –ø–æ–ª—è ("File" –∏ "Comments"), –∏
                                                   –æ—Å–Ω–æ–≤–Ω–æ–π –∑–æ–Ω–æ...

You may provide a definition with
\DeclareUnicodeCharacter 


! LaTeX Error: Unicode character –æ (U+043E)
               not set up for use with LaTeX.

See the LaTeX manual or LaTeX Companion for explanation.
Type  H <return>  for immediate help.
 ...                                              
                                                  
l.5 ...–≤–∞ –ø–æ–ª—è ("File" –∏ "Comments"), –∏ –æ
                                                  —Å–Ω–æ–≤–Ω–æ–π –∑–æ–Ω–æ–π,...

You may provide a definition with
\DeclareUnicodeCharacter 


! LaTeX Error: Unicode character —Å (U+0441)
               not set up for use with LaTeX.

See the LaTeX manual or LaTeX Companion for explanation.
Type  H <return>  for immediate help.
 ...                                              
                                                  
l.5 ...–∞ –ø–æ–ª—è ("File" –∏ "Comments"), –∏ –æ—Å
                                                  –Ω–æ–≤–Ω–æ–π –∑–æ–Ω–æ–π, –...

You may provide a definition with
\DeclareUnicodeCharacter 


! LaTeX Error: Unicode character –Ω (U+043D)
               not set up for use with LaTeX.

See the LaTeX manual or LaTeX Companion for explanation.
Type  H <return>  for immediate help.
 ...                                              
                                                  
l.5 ... –ø–æ–ª—è ("File" –∏ "Comments"), –∏ –æ—Å–Ω
                                                  –æ–≤–Ω–æ–π –∑–æ–Ω–æ–π, –≥–...

You may provide a definition with
\DeclareUnicodeCharacter 


! LaTeX Error: Unicode character –æ (U+043E)
               not set up for use with LaTeX.

See the LaTeX manual or LaTeX Companion for explanation.
Type  H <return>  for immediate help.
 ...                                              
                                                  
l.5 ...ø–æ–ª—è ("File" –∏ "Comments"), –∏ –æ—Å–Ω–æ
                                                  –≤–Ω–æ–π –∑–æ–Ω–æ–π, –≥–¥–...

You may provide a definition with
\DeclareUnicodeCharacter 


! LaTeX Error: Unicode character –≤ (U+0432)
               not set up for use with LaTeX.

See the LaTeX manual or LaTeX Companion for explanation.
Type  H <return>  for immediate help.
 ...                                              
                                                  
l.5 ...æ–ª—è ("File" –∏ "Comments"), –∏ –æ—Å–Ω–æ–≤
                                                  –Ω–æ–π –∑–æ–Ω–æ–π, –≥–¥–µ ...

You may provide a definition with
\DeclareUnicodeCharacter 


! LaTeX Error: Unicode character –Ω (U+043D)
               not set up for use with LaTeX.

See the LaTeX manual or LaTeX Companion for explanation.
Type  H <return>  for immediate help.
 ...                                              
                                                  
l.5 ...ª—è ("File" –∏ "Comments"), –∏ –æ—Å–Ω–æ–≤–Ω
                                                  –æ–π –∑–æ–Ω–æ–π, –≥–¥–µ —Ä...

You may provide a definition with
\DeclareUnicodeCharacter 


! LaTeX Error: Unicode character –æ (U+043E)
               not set up for use with LaTeX.

See the LaTeX manual or LaTeX Companion for explanation.
Type  H <return>  for immediate help.
 ...                                              
                                                  
l.5 ...è ("File" –∏ "Comments"), –∏ –æ—Å–Ω–æ–≤–Ω–æ
                                                  –π –∑–æ–Ω–æ–π, –≥–¥–µ —Ä–∞...

You may provide a definition with
\DeclareUnicodeCharacter 


! LaTeX Error: Unicode character –π (U+0439)
               not set up for use with LaTeX.

See the LaTeX manual or LaTeX Companion for explanation.
Type  H <return>  for immediate help.
 ...                                              
                                                  
l.5 ...("File" –∏ "Comments"), –∏ –æ—Å–Ω–æ–≤–Ω–æ–π
                                                   –∑–æ–Ω–æ–π, –≥–¥–µ —Ä–∞—Å...

You may provide a definition with
\DeclareUnicodeCharacter 


! LaTeX Error: Unicode character –∑ (U+0437)
               not set up for use with LaTeX.

See the LaTeX manual or LaTeX Companion for explanation.
Type  H <return>  for immediate help.
 ...                                              
                                                  
l.5 ...ile" –∏ "Comments"), –∏ –æ—Å–Ω–æ–≤–Ω–æ–π –∑
                                                  –æ–Ω–æ–π, –≥–¥–µ —Ä–∞—Å–ø–...

You may provide a definition with
\DeclareUnicodeCharacter 


! LaTeX Error: Unicode character –æ (U+043E)
               not set up for use with LaTeX.

See the LaTeX manual or LaTeX Companion for explanation.
Type  H <return>  for immediate help.
 ...                                              
                                                  
l.5 ...e" –∏ "Comments"), –∏ –æ—Å–Ω–æ–≤–Ω–æ–π –∑–æ
                                                  –Ω–æ–π, –≥–¥–µ —Ä–∞—Å–ø–æ–...

You may provide a definition with
\DeclareUnicodeCharacter 


! LaTeX Error: Unicode character –Ω (U+043D)
               not set up for use with LaTeX.

See the LaTeX manual or LaTeX Companion for explanation.
Type  H <return>  for immediate help.
 ...                                              
                                                  
l.5 ... –∏ "Comments"), –∏ –æ—Å–Ω–æ–≤–Ω–æ–π –∑–æ–Ω
                                                  –æ–π, –≥–¥–µ —Ä–∞—Å–ø–æ–ª–...

You may provide a definition with
\DeclareUnicodeCharacter 


! LaTeX Error: Unicode character –æ (U+043E)
               not set up for use with LaTeX.

See the LaTeX manual or LaTeX Companion for explanation.
Type  H <return>  for immediate help.
 ...                                              
                                                  
l.5 ...∏ "Comments"), –∏ –æ—Å–Ω–æ–≤–Ω–æ–π –∑–æ–Ω–æ
                                                  –π, –≥–¥–µ —Ä–∞—Å–ø–æ–ª–∞–...

You may provide a definition with
\DeclareUnicodeCharacter 


! LaTeX Error: Unicode character –π (U+0439)
               not set up for use with LaTeX.

See the LaTeX manual or LaTeX Companion for explanation.
Type  H <return>  for immediate help.
 ...                                              
                                                  
l.5 ..."Comments"), –∏ –æ—Å–Ω–æ–≤–Ω–æ–π –∑–æ–Ω–æ–π
                                                  , –≥–¥–µ —Ä–∞—Å–ø–æ–ª–∞–≥–...

You may provide a definition with
\DeclareUnicodeCharacter 

Missing character: There is no , in font nullfont!

! LaTeX Error: Unicode character –≥ (U+0433)
               not set up for use with LaTeX.

See the LaTeX manual or LaTeX Companion for explanation.
Type  H <return>  for immediate help.
 ...                                              
                                                  
l.5 ...ments"), –∏ –æ—Å–Ω–æ–≤–Ω–æ–π –∑–æ–Ω–æ–π, –≥
                                                  –¥–µ —Ä–∞—Å–ø–æ–ª–∞–≥–∞–µ—...

You may provide a definition with
\DeclareUnicodeCharacter 


! LaTeX Error: Unicode character –¥ (U+0434)
               not set up for use with LaTeX.

See the LaTeX manual or LaTeX Companion for explanation.
Type  H <return>  for immediate help.
 ...                                              
                                                  
l.5 ...nts"), –∏ –æ—Å–Ω–æ–≤–Ω–æ–π –∑–æ–Ω–æ–π, –≥–¥
                                                  –µ —Ä–∞—Å–ø–æ–ª–∞–≥–∞–µ—Ç—...

You may provide a definition with
\DeclareUnicodeCharacter 


! LaTeX Error: Unicode character –µ (U+0435)
               not set up for use with LaTeX.

See the LaTeX manual or LaTeX Companion for explanation.
Type  H <return>  for immediate help.
 ...                                              
                                                  
l.5 ...s"), –∏ –æ—Å–Ω–æ–≤–Ω–æ–π –∑–æ–Ω–æ–π, –≥–¥–µ
                                                   —Ä–∞—Å–ø–æ–ª–∞–≥–∞–µ—Ç—Å—...

You may provide a definition with
\DeclareUnicodeCharacter 


! LaTeX Error: Unicode character —Ä (U+0440)
               not set up for use with LaTeX.

See the LaTeX manual or LaTeX Companion for explanation.
Type  H <return>  for immediate help.
 ...                                              
                                                  
l.5 ..., –∏ –æ—Å–Ω–æ–≤–Ω–æ–π –∑–æ–Ω–æ–π, –≥–¥–µ —Ä
                                                  –∞—Å–ø–æ–ª–∞–≥–∞–µ—Ç—Å—è —...

You may provide a definition with
\DeclareUnicodeCharacter 


! LaTeX Error: Unicode character –∞ (U+0430)
               not set up for use with LaTeX.

See the LaTeX manual or LaTeX Companion for explanation.
Type  H <return>  for immediate help.
 ...                                              
                                                  
l.5 ...–∏ –æ—Å–Ω–æ–≤–Ω–æ–π –∑–æ–Ω–æ–π, –≥–¥–µ —Ä–∞
                                                  —Å–ø–æ–ª–∞–≥–∞–µ—Ç—Å—è —Ç–...

You may provide a definition with
\DeclareUnicodeCharacter 


! LaTeX Error: Unicode character —Å (U+0441)
               not set up for use with LaTeX.

See the LaTeX manual or LaTeX Companion for explanation.
Type  H <return>  for immediate help.
 ...                                              
                                                  
l.5 ... –æ—Å–Ω–æ–≤–Ω–æ–π –∑–æ–Ω–æ–π, –≥–¥–µ —Ä–∞—Å
                                                  –ø–æ–ª–∞–≥–∞–µ—Ç—Å—è —Ç–∞–...

You may provide a definition with
\DeclareUnicodeCharacter 


! LaTeX Error: Unicode character –ø (U+043F)
               not set up for use with LaTeX.

See the LaTeX manual or LaTeX Companion for explanation.
Type  H <return>  for immediate help.
 ...                                              
                                                  
l.5 ...æ—Å–Ω–æ–≤–Ω–æ–π –∑–æ–Ω–æ–π, –≥–¥–µ —Ä–∞—Å–ø
                                                  –æ–ª–∞–≥–∞–µ—Ç—Å—è —Ç–∞–±-...

You may provide a definition with
\DeclareUnicodeCharacter 


! LaTeX Error: Unicode character –æ (U+043E)
               not set up for use with LaTeX.

See the LaTeX manual or LaTeX Companion for explanation.
Type  H <return>  for immediate help.
 ...                                              
                                                  
l.5 ...Å–Ω–æ–≤–Ω–æ–π –∑–æ–Ω–æ–π, –≥–¥–µ —Ä–∞—Å–ø–æ
                                                  –ª–∞–≥–∞–µ—Ç—Å—è —Ç–∞–±-–º...

You may provide a definition with
\DeclareUnicodeCharacter 


! LaTeX Error: Unicode character –ª (U+043B)
               not set up for use with LaTeX.

See the LaTeX manual or LaTeX Companion for explanation.
Type  H <return>  for immediate help.
 ...                                              
                                                  
l.5 ...Ω–æ–≤–Ω–æ–π –∑–æ–Ω–æ–π, –≥–¥–µ —Ä–∞—Å–ø–æ–ª
                                                  –∞–≥–∞–µ—Ç—Å—è —Ç–∞–±-–º–µ...

You may provide a definition with
\DeclareUnicodeCharacter 


! LaTeX Error: Unicode character –∞ (U+0430)
               not set up for use with LaTeX.

See the LaTeX manual or LaTeX Companion for explanation.
Type  H <return>  for immediate help.
 ...                                              
                                                  
l.5 ...æ–≤–Ω–æ–π –∑–æ–Ω–æ–π, –≥–¥–µ —Ä–∞—Å–ø–æ–ª–∞
                                                  –≥–∞–µ—Ç—Å—è —Ç–∞–±-–º–µ–Ω...

You may provide a definition with
\DeclareUnicodeCharacter 


! LaTeX Error: Unicode character –≥ (U+0433)
               not set up for use with LaTeX.

See the LaTeX manual or LaTeX Companion for explanation.
Type  H <return>  for immediate help.
 ...                                              
                                                  
l.5 ...≤–Ω–æ–π –∑–æ–Ω–æ–π, –≥–¥–µ —Ä–∞—Å–ø–æ–ª–∞–≥
                                                  –∞–µ—Ç—Å—è —Ç–∞–±-–º–µ–Ω—é...

You may provide a definition with
\DeclareUnicodeCharacter 


! LaTeX Error: Unicode character –∞ (U+0430)
               not set up for use with LaTeX.

See the LaTeX manual or LaTeX Companion for explanation.
Type  H <return>  for immediate help.
 ...                                              
                                                  
l.5 ...Ω–æ–π –∑–æ–Ω–æ–π, –≥–¥–µ —Ä–∞—Å–ø–æ–ª–∞–≥–∞
                                                  –µ—Ç—Å—è —Ç–∞–±-–º–µ–Ω—é. ...

You may provide a definition with
\DeclareUnicodeCharacter 


! LaTeX Error: Unicode character –µ (U+0435)
               not set up for use with LaTeX.

See the LaTeX manual or LaTeX Companion for explanation.
Type  H <return>  for immediate help.
 ...                                              
                                                  
l.5 ...æ–π –∑–æ–Ω–æ–π, –≥–¥–µ —Ä–∞—Å–ø–æ–ª–∞–≥–∞–µ
                                                  —Ç—Å—è —Ç–∞–±-–º–µ–Ω—é. –ö...

You may provide a definition with
\DeclareUnicodeCharacter 


! LaTeX Error: Unicode character —Ç (U+0442)
               not set up for use with LaTeX.

See the LaTeX manual or LaTeX Companion for explanation.
Type  H <return>  for immediate help.
 ...                                              
                                                  
l.5 ...π –∑–æ–Ω–æ–π, –≥–¥–µ —Ä–∞—Å–ø–æ–ª–∞–≥–∞–µ—Ç
                                                  —Å—è —Ç–∞–±-–º–µ–Ω—é. –ö–∞...

You may provide a definition with
\DeclareUnicodeCharacter 


! LaTeX Error: Unicode character —Å (U+0441)
               not set up for use with LaTeX.

See the LaTeX manual or LaTeX Companion for explanation.
Type  H <return>  for immediate help.
 ...                                              
                                                  
l.5 ...–∑–æ–Ω–æ–π, –≥–¥–µ —Ä–∞—Å–ø–æ–ª–∞–≥–∞–µ—Ç—Å
                                                  —è —Ç–∞–±-–º–µ–Ω—é. –ö–∞–∂...

You may provide a definition with
\DeclareUnicodeCharacter 


! LaTeX Error: Unicode character —è (U+044F)
               not set up for use with LaTeX.

See the LaTeX manual or LaTeX Companion for explanation.
Type  H <return>  for immediate help.
 ...                                              
                                                  
l.5 ...–æ–Ω–æ–π, –≥–¥–µ —Ä–∞—Å–ø–æ–ª–∞–≥–∞–µ—Ç—Å—è
                                                   —Ç–∞–±-–º–µ–Ω—é. –ö–∞–∂–¥...

You may provide a definition with
\DeclareUnicodeCharacter 


! LaTeX Error: Unicode character —Ç (U+0442)
               not set up for use with LaTeX.

See the LaTeX manual or LaTeX Companion for explanation.
Type  H <return>  for immediate help.
 ...                                              
                                                  
l.5 ...Ω–æ–π, –≥–¥–µ —Ä–∞—Å–ø–æ–ª–∞–≥–∞–µ—Ç—Å—è —Ç
                                                  –∞–±-–º–µ–Ω—é. –ö–∞–∂–¥—ã–...

You may provide a definition with
\DeclareUnicodeCharacter 


! LaTeX Error: Unicode character –∞ (U+0430)
               not set up for use with LaTeX.

See the LaTeX manual or LaTeX Companion for explanation.
Type  H <return>  for immediate help.
 ...                                              
                                                  
l.5 ...æ–π, –≥–¥–µ —Ä–∞—Å–ø–æ–ª–∞–≥–∞–µ—Ç—Å—è —Ç–∞
                                                  –±-–º–µ–Ω—é. –ö–∞–∂–¥—ã–π ...

You may provide a definition with
\DeclareUnicodeCharacter 


! LaTeX Error: Unicode character –± (U+0431)
               not set up for use with LaTeX.

See the LaTeX manual or LaTeX Companion for explanation.
Type  H <return>  for immediate help.
 ...                                              
                                                  
l.5 ...π, –≥–¥–µ —Ä–∞—Å–ø–æ–ª–∞–≥–∞–µ—Ç—Å—è —Ç–∞–±
                                                  -–º–µ–Ω—é. –ö–∞–∂–¥—ã–π —Ç...

You may provide a definition with
\DeclareUnicodeCharacter 

Missing character: There is no - in font nullfont!

! LaTeX Error: Unicode character –º (U+043C)
               not set up for use with LaTeX.

See the LaTeX manual or LaTeX Companion for explanation.
Type  H <return>  for immediate help.
 ...                                              
                                                  
l.5 ...–≥–¥–µ —Ä–∞—Å–ø–æ–ª–∞–≥–∞–µ—Ç—Å—è —Ç–∞–±-–º
                                                  –µ–Ω—é. –ö–∞–∂–¥—ã–π —Ç–∞–...

You may provide a definition with
\DeclareUnicodeCharacter 


! LaTeX Error: Unicode character –µ (U+0435)
               not set up for use with LaTeX.

See the LaTeX manual or LaTeX Companion for explanation.
Type  H <return>  for immediate help.
 ...                                              
                                                  
l.5 ...–¥–µ —Ä–∞—Å–ø–æ–ª–∞–≥–∞–µ—Ç—Å—è —Ç–∞–±-–º–µ
                                                  –Ω—é. –ö–∞–∂–¥—ã–π —Ç–∞–± ...

You may provide a definition with
\DeclareUnicodeCharacter 


! LaTeX Error: Unicode character –Ω (U+043D)
               not set up for use with LaTeX.

See the LaTeX manual or LaTeX Companion for explanation.
Type  H <return>  for immediate help.
 ...                                              
                                                  
l.5 ...–µ —Ä–∞—Å–ø–æ–ª–∞–≥–∞–µ—Ç—Å—è —Ç–∞–±-–º–µ–Ω
                                                  —é. –ö–∞–∂–¥—ã–π —Ç–∞–± –ø...

You may provide a definition with
\DeclareUnicodeCharacter 


! LaTeX Error: Unicode character —é (U+044E)
               not set up for use with LaTeX.

See the LaTeX manual or LaTeX Companion for explanation.
Type  H <return>  for immediate help.
 ...                                              
                                                  
l.5 ... —Ä–∞—Å–ø–æ–ª–∞–≥–∞–µ—Ç—Å—è —Ç–∞–±-–º–µ–Ω—é
                                                  . –ö–∞–∂–¥—ã–π —Ç–∞–± –ø—Ä...

You may provide a definition with
\DeclareUnicodeCharacter 

Missing character: There is no . in font nullfont!

! LaTeX Error: Unicode character –ö (U+041A)
               not set up for use with LaTeX.

See the LaTeX manual or LaTeX Companion for explanation.
Type  H <return>  for immediate help.
 ...                                              
                                                  
l.5 ...∞—Å–ø–æ–ª–∞–≥–∞–µ—Ç—Å—è —Ç–∞–±-–º–µ–Ω—é. –ö
                                                  –∞–∂–¥—ã–π —Ç–∞–± –ø—Ä–µ–¥...

You may provide a definition with
\DeclareUnicodeCharacter 


! LaTeX Error: Unicode character –∞ (U+0430)
               not set up for use with LaTeX.

See the LaTeX manual or LaTeX Companion for explanation.
Type  H <return>  for immediate help.
 ...                                              
                                                  
l.5 ...Å–ø–æ–ª–∞–≥–∞–µ—Ç—Å—è —Ç–∞–±-–º–µ–Ω—é. –ö–∞
                                                  –∂–¥—ã–π —Ç–∞–± –ø—Ä–µ–¥—Å...

You may provide a definition with
\DeclareUnicodeCharacter 


! LaTeX Error: Unicode character –∂ (U+0436)
               not set up for use with LaTeX.

See the LaTeX manual or LaTeX Companion for explanation.
Type  H <return>  for immediate help.
 ...                                              
                                                  
l.5 ...ø–æ–ª–∞–≥–∞–µ—Ç—Å—è —Ç–∞–±-–º–µ–Ω—é. –ö–∞–∂
                                                  –¥—ã–π —Ç–∞–± –ø—Ä–µ–¥—Å—Ç...

You may provide a definition with
\DeclareUnicodeCharacter 


! LaTeX Error: Unicode character –¥ (U+0434)
               not set up for use with LaTeX.

See the LaTeX manual or LaTeX Companion for explanation.
Type  H <return>  for immediate help.
 ...                                              
                                                  
l.5 ...æ–ª–∞–≥–∞–µ—Ç—Å—è —Ç–∞–±-–º–µ–Ω—é. –ö–∞–∂–¥
                                                  —ã–π —Ç–∞–± –ø—Ä–µ–¥—Å—Ç–∞...

You may provide a definition with
\DeclareUnicodeCharacter 


! LaTeX Error: Unicode character —ã (U+044B)
               not set up for use with LaTeX.

See the LaTeX manual or LaTeX Companion for explanation.
Type  H <return>  for immediate help.
 ...                                              
                                                  
l.5 ...ª–∞–≥–∞–µ—Ç—Å—è —Ç–∞–±-–º–µ–Ω—é. –ö–∞–∂–¥—ã
                                                  –π —Ç–∞–± –ø—Ä–µ–¥—Å—Ç–∞–≤...

You may provide a definition with
\DeclareUnicodeCharacter 


! LaTeX Error: Unicode character –π (U+0439)
               not set up for use with LaTeX.

See the LaTeX manual or LaTeX Companion for explanation.
Type  H <return>  for immediate help.
 ...                                              
                                                  
l.5 ...∞–≥–∞–µ—Ç—Å—è —Ç–∞–±-–º–µ–Ω—é. –ö–∞–∂–¥—ã–π
                                                   —Ç–∞–± –ø—Ä–µ–¥—Å—Ç–∞–≤–ª...

You may provide a definition with
\DeclareUnicodeCharacter 


! LaTeX Error: Unicode character —Ç (U+0442)
               not set up for use with LaTeX.

See the LaTeX manual or LaTeX Companion for explanation.
Type  H <return>  for immediate help.
 ...                                              
                                                  
l.5 ...–∞–µ—Ç—Å—è —Ç–∞–±-–º–µ–Ω—é. –ö–∞–∂–¥—ã–π —Ç
                                                  –∞–± –ø—Ä–µ–¥—Å—Ç–∞–≤–ª—è–...

You may provide a definition with
\DeclareUnicodeCharacter 


! LaTeX Error: Unicode character –∞ (U+0430)
               not set up for use with LaTeX.

See the LaTeX manual or LaTeX Companion for explanation.
Type  H <return>  for immediate help.
 ...                                              
                                                  
l.5 ...–µ—Ç—Å—è —Ç–∞–±-–º–µ–Ω—é. –ö–∞–∂–¥—ã–π —Ç–∞
                                                  –± –ø—Ä–µ–¥—Å—Ç–∞–≤–ª—è–µ—...

You may provide a definition with
\DeclareUnicodeCharacter 


! LaTeX Error: Unicode character –± (U+0431)
               not set up for use with LaTeX.

See the LaTeX manual or LaTeX Companion for explanation.
Type  H <return>  for immediate help.
 ...                                              
                                                  
l.5 ...—Ç—Å—è —Ç–∞–±-–º–µ–Ω—é. –ö–∞–∂–¥—ã–π —Ç–∞–±
                                                   –ø—Ä–µ–¥—Å—Ç–∞–≤–ª—è–µ—Ç ...

You may provide a definition with
\DeclareUnicodeCharacter 


! LaTeX Error: Unicode character –ø (U+043F)
               not set up for use with LaTeX.

See the LaTeX manual or LaTeX Companion for explanation.
Type  H <return>  for immediate help.
 ...                                              
                                                  
l.5 ...Å—è —Ç–∞–±-–º–µ–Ω—é. –ö–∞–∂–¥—ã–π —Ç–∞–± –ø
                                                  —Ä–µ–¥—Å—Ç–∞–≤–ª—è–µ—Ç —Å–...

You may provide a definition with
\DeclareUnicodeCharacter 


! LaTeX Error: Unicode character —Ä (U+0440)
               not set up for use with LaTeX.

See the LaTeX manual or LaTeX Companion for explanation.
Type  H <return>  for immediate help.
 ...                                              
                                                  
l.5 ...è —Ç–∞–±-–º–µ–Ω—é. –ö–∞–∂–¥—ã–π —Ç–∞–± –ø—Ä
                                                  –µ–¥—Å—Ç–∞–≤–ª—è–µ—Ç —Å–æ–...

You may provide a definition with
\DeclareUnicodeCharacter 


! LaTeX Error: Unicode character –µ (U+0435)
               not set up for use with LaTeX.

See the LaTeX manual or LaTeX Companion for explanation.
Type  H <return>  for immediate help.
 ...                                              
                                                  
l.5 ...—Ç–∞–±-–º–µ–Ω—é. –ö–∞–∂–¥—ã–π —Ç–∞–± –ø—Ä–µ
                                                  –¥—Å—Ç–∞–≤–ª—è–µ—Ç —Å–æ–±–...

You may provide a definition with
\DeclareUnicodeCharacter 


! LaTeX Error: Unicode character –¥ (U+0434)
               not set up for use with LaTeX.

See the LaTeX manual or LaTeX Companion for explanation.
Type  H <return>  for immediate help.
 ...                                              
                                                  
l.5 ...–∞–±-–º–µ–Ω—é. –ö–∞–∂–¥—ã–π —Ç–∞–± –ø—Ä–µ–¥
                                                  —Å—Ç–∞–≤–ª—è–µ—Ç —Å–æ–±–æ–...

You may provide a definition with
\DeclareUnicodeCharacter 


! LaTeX Error: Unicode character —Å (U+0441)
               not set up for use with LaTeX.

See the LaTeX manual or LaTeX Companion for explanation.
Type  H <return>  for immediate help.
 ...                                              
                                                  
l.5 ...–±-–º–µ–Ω—é. –ö–∞–∂–¥—ã–π —Ç–∞–± –ø—Ä–µ–¥—Å
                                                  —Ç–∞–≤–ª—è–µ—Ç —Å–æ–±–æ–π ...

You may provide a definition with
\DeclareUnicodeCharacter 


! LaTeX Error: Unicode character —Ç (U+0442)
               not set up for use with LaTeX.

See the LaTeX manual or LaTeX Companion for explanation.
Type  H <return>  for immediate help.
 ...                                              
                                                  
l.5 ...-–º–µ–Ω—é. –ö–∞–∂–¥—ã–π —Ç–∞–± –ø—Ä–µ–¥—Å—Ç
                                                  –∞–≤–ª—è–µ—Ç —Å–æ–±–æ–π –æ...

You may provide a definition with
\DeclareUnicodeCharacter 


! LaTeX Error: Unicode character –∞ (U+0430)
               not set up for use with LaTeX.

See the LaTeX manual or LaTeX Companion for explanation.
Type  H <return>  for immediate help.
 ...                                              
                                                  
l.5 ...º–µ–Ω—é. –ö–∞–∂–¥—ã–π —Ç–∞–± –ø—Ä–µ–¥—Å—Ç–∞
                                                  –≤–ª—è–µ—Ç —Å–æ–±–æ–π –æ—Ç...

You may provide a definition with
\DeclareUnicodeCharacter 


! LaTeX Error: Unicode character –≤ (U+0432)
               not set up for use with LaTeX.

See the LaTeX manual or LaTeX Companion for explanation.
Type  H <return>  for immediate help.
 ...                                              
                                                  
l.5 ...µ–Ω—é. –ö–∞–∂–¥—ã–π —Ç–∞–± –ø—Ä–µ–¥—Å—Ç–∞–≤
                                                  –ª—è–µ—Ç —Å–æ–±–æ–π –æ—Ç–¥...

You may provide a definition with
\DeclareUnicodeCharacter 


! LaTeX Error: Unicode character –ª (U+043B)
               not set up for use with LaTeX.

See the LaTeX manual or LaTeX Companion for explanation.
Type  H <return>  for immediate help.
 ...                                              
                                                  
l.5 ...Ω—é. –ö–∞–∂–¥—ã–π —Ç–∞–± –ø—Ä–µ–¥—Å—Ç–∞–≤–ª
                                                  —è–µ—Ç —Å–æ–±–æ–π –æ—Ç–¥–µ...

You may provide a definition with
\DeclareUnicodeCharacter 


! LaTeX Error: Unicode character —è (U+044F)
               not set up for use with LaTeX.

See the LaTeX manual or LaTeX Companion for explanation.
Type  H <return>  for immediate help.
 ...                                              
                                                  
l.5 ...é. –ö–∞–∂–¥—ã–π —Ç–∞–± –ø—Ä–µ–¥—Å—Ç–∞–≤–ª—è
                                                  –µ—Ç —Å–æ–±–æ–π –æ—Ç–¥–µ–ª...

You may provide a definition with
\DeclareUnicodeCharacter 


! LaTeX Error: Unicode character –µ (U+0435)
               not set up for use with LaTeX.

See the LaTeX manual or LaTeX Companion for explanation.
Type  H <return>  for immediate help.
 ...                                              
                                                  
l.5 ... –ö–∞–∂–¥—ã–π —Ç–∞–± –ø—Ä–µ–¥—Å—Ç–∞–≤–ª—è–µ
                                                  —Ç —Å–æ–±–æ–π –æ—Ç–¥–µ–ª—å...

You may provide a definition with
\DeclareUnicodeCharacter 


! LaTeX Error: Unicode character —Ç (U+0442)
               not set up for use with LaTeX.

See the LaTeX manual or LaTeX Companion for explanation.
Type  H <return>  for immediate help.
 ...                                              
                                                  
l.5 ...ö–∞–∂–¥—ã–π —Ç–∞–± –ø—Ä–µ–¥—Å—Ç–∞–≤–ª—è–µ—Ç
                                                   —Å–æ–±–æ–π –æ—Ç–¥–µ–ª—å–Ω...

You may provide a definition with
\DeclareUnicodeCharacter 


! LaTeX Error: Unicode character —Å (U+0441)
               not set up for use with LaTeX.

See the LaTeX manual or LaTeX Companion for explanation.
Type  H <return>  for immediate help.
 ...                                              
                                                  
l.5 ...–∂–¥—ã–π —Ç–∞–± –ø—Ä–µ–¥—Å—Ç–∞–≤–ª—è–µ—Ç —Å
                                                  –æ–±–æ–π –æ—Ç–¥–µ–ª—å–Ω–æ–...

You may provide a definition with
\DeclareUnicodeCharacter 


! LaTeX Error: Unicode character –æ (U+043E)
               not set up for use with LaTeX.

See the LaTeX manual or LaTeX Companion for explanation.
Type  H <return>  for immediate help.
 ...                                              
                                                  
l.5 ...–¥—ã–π —Ç–∞–± –ø—Ä–µ–¥—Å—Ç–∞–≤–ª—è–µ—Ç —Å–æ
                                                  –±–æ–π –æ—Ç–¥–µ–ª—å–Ω–æ–µ ...

You may provide a definition with
\DeclareUnicodeCharacter 


! LaTeX Error: Unicode character –± (U+0431)
               not set up for use with LaTeX.

See the LaTeX manual or LaTeX Companion for explanation.
Type  H <return>  for immediate help.
 ...                                              
                                                  
l.5 ...—ã–π —Ç–∞–± –ø—Ä–µ–¥—Å—Ç–∞–≤–ª—è–µ—Ç —Å–æ–±
                                                  –æ–π –æ—Ç–¥–µ–ª—å–Ω–æ–µ —Ä...

You may provide a definition with
\DeclareUnicodeCharacter 


! LaTeX Error: Unicode character –æ (U+043E)
               not set up for use with LaTeX.

See the LaTeX manual or LaTeX Companion for explanation.
Type  H <return>  for immediate help.
 ...                                              
                                                  
l.5 ...–π —Ç–∞–± –ø—Ä–µ–¥—Å—Ç–∞–≤–ª—è–µ—Ç —Å–æ–±–æ
                                                  –π –æ—Ç–¥–µ–ª—å–Ω–æ–µ —Ä–∞...

You may provide a definition with
\DeclareUnicodeCharacter 


! LaTeX Error: Unicode character –π (U+0439)
               not set up for use with LaTeX.

See the LaTeX manual or LaTeX Companion for explanation.
Type  H <return>  for immediate help.
 ...                                              
                                                  
l.5 ... —Ç–∞–± –ø—Ä–µ–¥—Å—Ç–∞–≤–ª—è–µ—Ç —Å–æ–±–æ–π
                                                   –æ—Ç–¥–µ–ª—å–Ω–æ–µ —Ä–∞–±...

You may provide a definition with
\DeclareUnicodeCharacter 


! LaTeX Error: Unicode character –æ (U+043E)
               not set up for use with LaTeX.

See the LaTeX manual or LaTeX Companion for explanation.
Type  H <return>  for immediate help.
 ...                                              
                                                  
l.5 ...–∞–± –ø—Ä–µ–¥—Å—Ç–∞–≤–ª—è–µ—Ç —Å–æ–±–æ–π –æ
                                                  —Ç–¥–µ–ª—å–Ω–æ–µ —Ä–∞–±–æ—...

You may provide a definition with
\DeclareUnicodeCharacter 


! LaTeX Error: Unicode character —Ç (U+0442)
               not set up for use with LaTeX.

See the LaTeX manual or LaTeX Companion for explanation.
Type  H <return>  for immediate help.
 ...                                              
                                                  
l.5 ...–± –ø—Ä–µ–¥—Å—Ç–∞–≤–ª—è–µ—Ç —Å–æ–±–æ–π –æ—Ç
                                                  –¥–µ–ª—å–Ω–æ–µ —Ä–∞–±–æ—á–...

You may provide a definition with
\DeclareUnicodeCharacter 


! LaTeX Error: Unicode character –¥ (U+0434)
               not set up for use with LaTeX.

See the LaTeX manual or LaTeX Companion for explanation.
Type  H <return>  for immediate help.
 ...                                              
                                                  
l.5 ... –ø—Ä–µ–¥—Å—Ç–∞–≤–ª—è–µ—Ç —Å–æ–±–æ–π –æ—Ç–¥
                                                  –µ–ª—å–Ω–æ–µ —Ä–∞–±–æ—á–µ–...

You may provide a definition with
\DeclareUnicodeCharacter 


! LaTeX Error: Unicode character –µ (U+0435)
               not set up for use with LaTeX.

See the LaTeX manual or LaTeX Companion for explanation.
Type  H <return>  for immediate help.
 ...                                              
                                                  
l.5 ...ø—Ä–µ–¥—Å—Ç–∞–≤–ª—è–µ—Ç —Å–æ–±–æ–π –æ—Ç–¥–µ
                                                  –ª—å–Ω–æ–µ —Ä–∞–±–æ—á–µ–µ ...

You may provide a definition with
\DeclareUnicodeCharacter 


! LaTeX Error: Unicode character –ª (U+043B)
               not set up for use with LaTeX.

See the LaTeX manual or LaTeX Companion for explanation.
Type  H <return>  for immediate help.
 ...                                              
                                                  
l.5 ...Ä–µ–¥—Å—Ç–∞–≤–ª—è–µ—Ç —Å–æ–±–æ–π –æ—Ç–¥–µ–ª
                                                  —å–Ω–æ–µ —Ä–∞–±–æ—á–µ–µ –ø...

You may provide a definition with
\DeclareUnicodeCharacter 


! LaTeX Error: Unicode character —å (U+044C)
               not set up for use with LaTeX.

See the LaTeX manual or LaTeX Companion for explanation.
Type  H <return>  for immediate help.
 ...                                              
                                                  
l.5 ...µ–¥—Å—Ç–∞–≤–ª—è–µ—Ç —Å–æ–±–æ–π –æ—Ç–¥–µ–ª—å
                                                  –Ω–æ–µ —Ä–∞–±–æ—á–µ–µ –ø—Ä...

You may provide a definition with
\DeclareUnicodeCharacter 


! LaTeX Error: Unicode character –Ω (U+043D)
               not set up for use with LaTeX.

See the LaTeX manual or LaTeX Companion for explanation.
Type  H <return>  for immediate help.
 ...                                              
                                                  
l.5 ...¥—Å—Ç–∞–≤–ª—è–µ—Ç —Å–æ–±–æ–π –æ—Ç–¥–µ–ª—å–Ω
                                                  –æ–µ —Ä–∞–±–æ—á–µ–µ –ø—Ä–æ...

You may provide a definition with
\DeclareUnicodeCharacter 


! LaTeX Error: Unicode character –æ (U+043E)
               not set up for use with LaTeX.

See the LaTeX manual or LaTeX Companion for explanation.
Type  H <return>  for immediate help.
 ...                                              
                                                  
l.5 ...Å—Ç–∞–≤–ª—è–µ—Ç —Å–æ–±–æ–π –æ—Ç–¥–µ–ª—å–Ω–æ
                                                  –µ —Ä–∞–±–æ—á–µ–µ –ø—Ä–æ—Å...

You may provide a definition with
\DeclareUnicodeCharacter 


! LaTeX Error: Unicode character –µ (U+0435)
               not set up for use with LaTeX.

See the LaTeX manual or LaTeX Companion for explanation.
Type  H <return>  for immediate help.
 ...                                              
                                                  
l.5 ...Ç–∞–≤–ª—è–µ—Ç —Å–æ–±–æ–π –æ—Ç–¥–µ–ª—å–Ω–æ–µ
                                                   —Ä–∞–±–æ—á–µ–µ –ø—Ä–æ—Å—Ç...

You may provide a definition with
\DeclareUnicodeCharacter 


! LaTeX Error: Unicode character —Ä (U+0440)
               not set up for use with LaTeX.

See the LaTeX manual or LaTeX Companion for explanation.
Type  H <return>  for immediate help.
 ...                                              
                                                  
l.5 ...–≤–ª—è–µ—Ç —Å–æ–±–æ–π –æ—Ç–¥–µ–ª—å–Ω–æ–µ —Ä
                                                  –∞–±–æ—á–µ–µ –ø—Ä–æ—Å—Ç—Ä–...

You may provide a definition with
\DeclareUnicodeCharacter 


! LaTeX Error: Unicode character –∞ (U+0430)
               not set up for use with LaTeX.

See the LaTeX manual or LaTeX Companion for explanation.
Type  H <return>  for immediate help.
 ...                                              
                                                  
l.5 ...–ª—è–µ—Ç —Å–æ–±–æ–π –æ—Ç–¥–µ–ª—å–Ω–æ–µ —Ä–∞
                                                  –±–æ—á–µ–µ –ø—Ä–æ—Å—Ç—Ä–∞–...

You may provide a definition with
\DeclareUnicodeCharacter 


! LaTeX Error: Unicode character –± (U+0431)
               not set up for use with LaTeX.

See the LaTeX manual or LaTeX Companion for explanation.
Type  H <return>  for immediate help.
 ...                                              
                                                  
l.5 ...—è–µ—Ç —Å–æ–±–æ–π –æ—Ç–¥–µ–ª—å–Ω–æ–µ —Ä–∞–±
                                                  –æ—á–µ–µ –ø—Ä–æ—Å—Ç—Ä–∞–Ω—...

You may provide a definition with
\DeclareUnicodeCharacter 


! LaTeX Error: Unicode character –æ (U+043E)
               not set up for use with LaTeX.

See the LaTeX manual or LaTeX Companion for explanation.
Type  H <return>  for immediate help.
 ...                                              
                                                  
l.5 ...–µ—Ç —Å–æ–±–æ–π –æ—Ç–¥–µ–ª—å–Ω–æ–µ —Ä–∞–±–æ
                                                  —á–µ–µ –ø—Ä–æ—Å—Ç—Ä–∞–Ω—Å—...
(That makes 100 errors; please try again.) 
Here is how much of TeX's memory you used:
 49 strings out of 475248
 780 string characters out of 5757812
 1917785 words of memory out of 5000000
 21672 multiletter control sequences out of 15000+600000
 558069 words of font info for 36 fonts, out of 8000000 for 9000
 1141 hyphenation exceptions out of 8191
 15i,0n,20p,503b,31s stack positions out of 10000i,1000n,20000p,200000b,200000s

!  ==> Fatal error occurred, no output PDF file produced!
