This is pdfTeX, Version 3.141592653-2.6-1.40.25 (MiKTeX 23.10) (preloaded format=pdflatex 2023.10.30)  1 JUN 2024 17:28
entering extended mode
 restricted \write18 enabled.
 %&-line parsing enabled.
**./rozdzial_1.tex
(rozdzial_1.tex
LaTeX2e <2023-06-01> patch level 1
L3 programming layer <2023-08-29>
! Undefined control sequence.
l.1 \chapter
            {Rozdzial 1}
The control sequence at the end of the top line
of your error message was never \def'ed. If you have
misspelled it (e.g., `\hobx'), type `I' and the correct
spelling (e.g., `I\hbox'). Otherwise just continue,
and I'll forget about whatever was undefined.


! LaTeX Error: Missing \begin{document}.

See the LaTeX manual or LaTeX Companion for explanation.
Type  H <return>  for immediate help.
 ...                                              
                                                  
l.1 \chapter{R
              ozdzial 1}
You're in trouble here.  Try typing  <return>  to proceed.
If that doesn't work, type  X <return>  to quit.

Missing character: There is no R in font nullfont!
Missing character: There is no o in font nullfont!
Missing character: There is no z in font nullfont!
Missing character: There is no d in font nullfont!
Missing character: There is no z in font nullfont!
Missing character: There is no i in font nullfont!
Missing character: There is no a in font nullfont!
Missing character: There is no l in font nullfont!
Missing character: There is no 1 in font nullfont!

Overfull \hbox (20.0pt too wide) in paragraph at lines 1--2
[]
 []

! Undefined control sequence.
l.3 \section
            {Klasterzyacja}
The control sequence at the end of the top line
of your error message was never \def'ed. If you have
misspelled it (e.g., `\hobx'), type `I' and the correct
spelling (e.g., `I\hbox'). Otherwise just continue,
and I'll forget about whatever was undefined.


! LaTeX Error: Missing \begin{document}.

See the LaTeX manual or LaTeX Companion for explanation.
Type  H <return>  for immediate help.
 ...                                              
                                                  
l.3 \section{K
              lasterzyacja}
You're in trouble here.  Try typing  <return>  to proceed.
If that doesn't work, type  X <return>  to quit.

Missing character: There is no K in font nullfont!
Missing character: There is no l in font nullfont!
Missing character: There is no a in font nullfont!
Missing character: There is no s in font nullfont!
Missing character: There is no t in font nullfont!
Missing character: There is no e in font nullfont!
Missing character: There is no r in font nullfont!
Missing character: There is no z in font nullfont!
Missing character: There is no y in font nullfont!
Missing character: There is no a in font nullfont!
Missing character: There is no c in font nullfont!
Missing character: There is no j in font nullfont!
Missing character: There is no a in font nullfont!

Overfull \hbox (20.0pt too wide) in paragraph at lines 3--4
[] 
 []

! Undefined control sequence.
l.5 	\subsection
                {Defenicja}
The control sequence at the end of the top line
of your error message was never \def'ed. If you have
misspelled it (e.g., `\hobx'), type `I' and the correct
spelling (e.g., `I\hbox'). Otherwise just continue,
and I'll forget about whatever was undefined.


! LaTeX Error: Missing \begin{document}.

See the LaTeX manual or LaTeX Companion for explanation.
Type  H <return>  for immediate help.
 ...                                              
                                                  
l.5 	\subsection{D
                  efenicja}
You're in trouble here.  Try typing  <return>  to proceed.
If that doesn't work, type  X <return>  to quit.

Missing character: There is no D in font nullfont!
Missing character: There is no e in font nullfont!
Missing character: There is no f in font nullfont!
Missing character: There is no e in font nullfont!
Missing character: There is no n in font nullfont!
Missing character: There is no i in font nullfont!
Missing character: There is no c in font nullfont!
Missing character: There is no j in font nullfont!
Missing character: There is no a in font nullfont!

! LaTeX Error: Unicode character –ö (U+041A)
               not set up for use with LaTeX.

See the LaTeX manual or LaTeX Companion for explanation.
Type  H <return>  for immediate help.
 ...                                              
                                                  
l.6 		–ö
        –ª–∞—Å—Ç–µ—Ä–∏–∑–∞—Ü–∏—è –ø—Ä–µ–¥—Å—Ç–∞–≤–ª—è–µ—Ç —Å–æ–±–æ–π –º–Ω–æ–...

You may provide a definition with
\DeclareUnicodeCharacter 


! LaTeX Error: Unicode character –ª (U+043B)
               not set up for use with LaTeX.

See the LaTeX manual or LaTeX Companion for explanation.
Type  H <return>  for immediate help.
 ...                                              
                                                  
l.6 		–ö–ª
          –∞—Å—Ç–µ—Ä–∏–∑–∞—Ü–∏—è –ø—Ä–µ–¥—Å—Ç–∞–≤–ª—è–µ—Ç —Å–æ–±–æ–π –º–Ω–æ–...

You may provide a definition with
\DeclareUnicodeCharacter 


! LaTeX Error: Unicode character –∞ (U+0430)
               not set up for use with LaTeX.

See the LaTeX manual or LaTeX Companion for explanation.
Type  H <return>  for immediate help.
 ...                                              
                                                  
l.6 		–ö–ª–∞
            —Å—Ç–µ—Ä–∏–∑–∞—Ü–∏—è –ø—Ä–µ–¥—Å—Ç–∞–≤–ª—è–µ—Ç —Å–æ–±–æ–π –º–Ω–æ–...

You may provide a definition with
\DeclareUnicodeCharacter 


! LaTeX Error: Unicode character —Å (U+0441)
               not set up for use with LaTeX.

See the LaTeX manual or LaTeX Companion for explanation.
Type  H <return>  for immediate help.
 ...                                              
                                                  
l.6 		–ö–ª–∞—Å
              —Ç–µ—Ä–∏–∑–∞—Ü–∏—è –ø—Ä–µ–¥—Å—Ç–∞–≤–ª—è–µ—Ç —Å–æ–±–æ–π –º–Ω–æ–...

You may provide a definition with
\DeclareUnicodeCharacter 


! LaTeX Error: Unicode character —Ç (U+0442)
               not set up for use with LaTeX.

See the LaTeX manual or LaTeX Companion for explanation.
Type  H <return>  for immediate help.
 ...                                              
                                                  
l.6 		–ö–ª–∞—Å—Ç
                –µ—Ä–∏–∑–∞—Ü–∏—è –ø—Ä–µ–¥—Å—Ç–∞–≤–ª—è–µ—Ç —Å–æ–±–æ–π –º–Ω–æ–...

You may provide a definition with
\DeclareUnicodeCharacter 


! LaTeX Error: Unicode character –µ (U+0435)
               not set up for use with LaTeX.

See the LaTeX manual or LaTeX Companion for explanation.
Type  H <return>  for immediate help.
 ...                                              
                                                  
l.6 		–ö–ª–∞—Å—Ç–µ
                  —Ä–∏–∑–∞—Ü–∏—è –ø—Ä–µ–¥—Å—Ç–∞–≤–ª—è–µ—Ç —Å–æ–±–æ–π –º–Ω–æ–...

You may provide a definition with
\DeclareUnicodeCharacter 


! LaTeX Error: Unicode character —Ä (U+0440)
               not set up for use with LaTeX.

See the LaTeX manual or LaTeX Companion for explanation.
Type  H <return>  for immediate help.
 ...                                              
                                                  
l.6 		–ö–ª–∞—Å—Ç–µ—Ä
                    –∏–∑–∞—Ü–∏—è –ø—Ä–µ–¥—Å—Ç–∞–≤–ª—è–µ—Ç —Å–æ–±–æ–π –º–Ω–æ–...

You may provide a definition with
\DeclareUnicodeCharacter 


! LaTeX Error: Unicode character –∏ (U+0438)
               not set up for use with LaTeX.

See the LaTeX manual or LaTeX Companion for explanation.
Type  H <return>  for immediate help.
 ...                                              
                                                  
l.6 		–ö–ª–∞—Å—Ç–µ—Ä–∏
                      –∑–∞—Ü–∏—è –ø—Ä–µ–¥—Å—Ç–∞–≤–ª—è–µ—Ç —Å–æ–±–æ–π –º–Ω–æ–...

You may provide a definition with
\DeclareUnicodeCharacter 


! LaTeX Error: Unicode character –∑ (U+0437)
               not set up for use with LaTeX.

See the LaTeX manual or LaTeX Companion for explanation.
Type  H <return>  for immediate help.
 ...                                              
                                                  
l.6 		–ö–ª–∞—Å—Ç–µ—Ä–∏–∑
                        –∞—Ü–∏—è –ø—Ä–µ–¥—Å—Ç–∞–≤–ª—è–µ—Ç —Å–æ–±–æ–π –º–Ω–æ–...

You may provide a definition with
\DeclareUnicodeCharacter 


! LaTeX Error: Unicode character –∞ (U+0430)
               not set up for use with LaTeX.

See the LaTeX manual or LaTeX Companion for explanation.
Type  H <return>  for immediate help.
 ...                                              
                                                  
l.6 		–ö–ª–∞—Å—Ç–µ—Ä–∏–∑–∞
                          —Ü–∏—è –ø—Ä–µ–¥—Å—Ç–∞–≤–ª—è–µ—Ç —Å–æ–±–æ–π –º–Ω–æ–...

You may provide a definition with
\DeclareUnicodeCharacter 


! LaTeX Error: Unicode character —Ü (U+0446)
               not set up for use with LaTeX.

See the LaTeX manual or LaTeX Companion for explanation.
Type  H <return>  for immediate help.
 ...                                              
                                                  
l.6 		–ö–ª–∞—Å—Ç–µ—Ä–∏–∑–∞—Ü
                            –∏—è –ø—Ä–µ–¥—Å—Ç–∞–≤–ª—è–µ—Ç —Å–æ–±–æ–π –º–Ω–æ–...

You may provide a definition with
\DeclareUnicodeCharacter 


! LaTeX Error: Unicode character –∏ (U+0438)
               not set up for use with LaTeX.

See the LaTeX manual or LaTeX Companion for explanation.
Type  H <return>  for immediate help.
 ...                                              
                                                  
l.6 		–ö–ª–∞—Å—Ç–µ—Ä–∏–∑–∞—Ü–∏
                              —è –ø—Ä–µ–¥—Å—Ç–∞–≤–ª—è–µ—Ç —Å–æ–±–æ–π –º–Ω–æ–...

You may provide a definition with
\DeclareUnicodeCharacter 


! LaTeX Error: Unicode character —è (U+044F)
               not set up for use with LaTeX.

See the LaTeX manual or LaTeX Companion for explanation.
Type  H <return>  for immediate help.
 ...                                              
                                                  
l.6 		–ö–ª–∞—Å—Ç–µ—Ä–∏–∑–∞—Ü–∏—è
                                 –ø—Ä–µ–¥—Å—Ç–∞–≤–ª—è–µ—Ç —Å–æ–±–æ–π –º–Ω–æ–...

You may provide a definition with
\DeclareUnicodeCharacter 


! LaTeX Error: Unicode character –ø (U+043F)
               not set up for use with LaTeX.

See the LaTeX manual or LaTeX Companion for explanation.
Type  H <return>  for immediate help.
 ...                                              
                                                  
l.6 		–ö–ª–∞—Å—Ç–µ—Ä–∏–∑–∞—Ü–∏—è –ø
                                   —Ä–µ–¥—Å—Ç–∞–≤–ª—è–µ—Ç —Å–æ–±–æ–π –º–Ω–æ–...

You may provide a definition with
\DeclareUnicodeCharacter 


! LaTeX Error: Unicode character —Ä (U+0440)
               not set up for use with LaTeX.

See the LaTeX manual or LaTeX Companion for explanation.
Type  H <return>  for immediate help.
 ...                                              
                                                  
l.6 		–ö–ª–∞—Å—Ç–µ—Ä–∏–∑–∞—Ü–∏—è –ø—Ä
                                     –µ–¥—Å—Ç–∞–≤–ª—è–µ—Ç —Å–æ–±–æ–π –º–Ω–æ–...

You may provide a definition with
\DeclareUnicodeCharacter 


! LaTeX Error: Unicode character –µ (U+0435)
               not set up for use with LaTeX.

See the LaTeX manual or LaTeX Companion for explanation.
Type  H <return>  for immediate help.
 ...                                              
                                                  
l.6 		–ö–ª–∞—Å—Ç–µ—Ä–∏–∑–∞—Ü–∏—è –ø—Ä–µ
                                       –¥—Å—Ç–∞–≤–ª—è–µ—Ç —Å–æ–±–æ–π –º–Ω–æ–...

You may provide a definition with
\DeclareUnicodeCharacter 


! LaTeX Error: Unicode character –¥ (U+0434)
               not set up for use with LaTeX.

See the LaTeX manual or LaTeX Companion for explanation.
Type  H <return>  for immediate help.
 ...                                              
                                                  
l.6 		–ö–ª–∞—Å—Ç–µ—Ä–∏–∑–∞—Ü–∏—è –ø—Ä–µ–¥
                                         —Å—Ç–∞–≤–ª—è–µ—Ç —Å–æ–±–æ–π –º–Ω–æ–...

You may provide a definition with
\DeclareUnicodeCharacter 


! LaTeX Error: Unicode character —Å (U+0441)
               not set up for use with LaTeX.

See the LaTeX manual or LaTeX Companion for explanation.
Type  H <return>  for immediate help.
 ...                                              
                                                  
l.6 		–ö–ª–∞—Å—Ç–µ—Ä–∏–∑–∞—Ü–∏—è –ø—Ä–µ–¥—Å
                                           —Ç–∞–≤–ª—è–µ—Ç —Å–æ–±–æ–π –º–Ω–æ–...

You may provide a definition with
\DeclareUnicodeCharacter 


! LaTeX Error: Unicode character —Ç (U+0442)
               not set up for use with LaTeX.

See the LaTeX manual or LaTeX Companion for explanation.
Type  H <return>  for immediate help.
 ...                                              
                                                  
l.6 		–ö–ª–∞—Å—Ç–µ—Ä–∏–∑–∞—Ü–∏—è –ø—Ä–µ–¥—Å—Ç
                                             –∞–≤–ª—è–µ—Ç —Å–æ–±–æ–π –º–Ω–æ–...

You may provide a definition with
\DeclareUnicodeCharacter 


! LaTeX Error: Unicode character –∞ (U+0430)
               not set up for use with LaTeX.

See the LaTeX manual or LaTeX Companion for explanation.
Type  H <return>  for immediate help.
 ...                                              
                                                  
l.6 		–ö–ª–∞—Å—Ç–µ—Ä–∏–∑–∞—Ü–∏—è –ø—Ä–µ–¥—Å—Ç–∞
                                               –≤–ª—è–µ—Ç —Å–æ–±–æ–π –º–Ω–æ–...

You may provide a definition with
\DeclareUnicodeCharacter 


! LaTeX Error: Unicode character –≤ (U+0432)
               not set up for use with LaTeX.

See the LaTeX manual or LaTeX Companion for explanation.
Type  H <return>  for immediate help.
 ...                                              
                                                  
l.6 		–ö–ª–∞—Å—Ç–µ—Ä–∏–∑–∞—Ü–∏—è –ø—Ä–µ–¥—Å—Ç–∞–≤
                                                 –ª—è–µ—Ç —Å–æ–±–æ–π –º–Ω–æ–...

You may provide a definition with
\DeclareUnicodeCharacter 


! LaTeX Error: Unicode character –ª (U+043B)
               not set up for use with LaTeX.

See the LaTeX manual or LaTeX Companion for explanation.
Type  H <return>  for immediate help.
 ...                                              
                                                  
l.6 ...–ª–∞—Å—Ç–µ—Ä–∏–∑–∞—Ü–∏—è –ø—Ä–µ–¥—Å—Ç–∞–≤–ª
                                                  —è–µ—Ç —Å–æ–±–æ–π –º–Ω–æ–≥...

You may provide a definition with
\DeclareUnicodeCharacter 


! LaTeX Error: Unicode character —è (U+044F)
               not set up for use with LaTeX.

See the LaTeX manual or LaTeX Companion for explanation.
Type  H <return>  for immediate help.
 ...                                              
                                                  
l.6 ...–∞—Å—Ç–µ—Ä–∏–∑–∞—Ü–∏—è –ø—Ä–µ–¥—Å—Ç–∞–≤–ª—è
                                                  –µ—Ç —Å–æ–±–æ–π –º–Ω–æ–≥–æ...

You may provide a definition with
\DeclareUnicodeCharacter 


! LaTeX Error: Unicode character –µ (U+0435)
               not set up for use with LaTeX.

See the LaTeX manual or LaTeX Companion for explanation.
Type  H <return>  for immediate help.
 ...                                              
                                                  
l.6 ...—Å—Ç–µ—Ä–∏–∑–∞—Ü–∏—è –ø—Ä–µ–¥—Å—Ç–∞–≤–ª—è–µ
                                                  —Ç —Å–æ–±–æ–π –º–Ω–æ–≥–æ–º...

You may provide a definition with
\DeclareUnicodeCharacter 


! LaTeX Error: Unicode character —Ç (U+0442)
               not set up for use with LaTeX.

See the LaTeX manual or LaTeX Companion for explanation.
Type  H <return>  for immediate help.
 ...                                              
                                                  
l.6 ...—Ç–µ—Ä–∏–∑–∞—Ü–∏—è –ø—Ä–µ–¥—Å—Ç–∞–≤–ª—è–µ—Ç
                                                   —Å–æ–±–æ–π –º–Ω–æ–≥–æ–º–µ...

You may provide a definition with
\DeclareUnicodeCharacter 


! LaTeX Error: Unicode character —Å (U+0441)
               not set up for use with LaTeX.

See the LaTeX manual or LaTeX Companion for explanation.
Type  H <return>  for immediate help.
 ...                                              
                                                  
l.6 ...µ—Ä–∏–∑–∞—Ü–∏—è –ø—Ä–µ–¥—Å—Ç–∞–≤–ª—è–µ—Ç —Å
                                                  –æ–±–æ–π –º–Ω–æ–≥–æ–º–µ—Ä–...

You may provide a definition with
\DeclareUnicodeCharacter 


! LaTeX Error: Unicode character –æ (U+043E)
               not set up for use with LaTeX.

See the LaTeX manual or LaTeX Companion for explanation.
Type  H <return>  for immediate help.
 ...                                              
                                                  
l.6 ...Ä–∏–∑–∞—Ü–∏—è –ø—Ä–µ–¥—Å—Ç–∞–≤–ª—è–µ—Ç —Å–æ
                                                  –±–æ–π –º–Ω–æ–≥–æ–º–µ—Ä–Ω—...

You may provide a definition with
\DeclareUnicodeCharacter 


! LaTeX Error: Unicode character –± (U+0431)
               not set up for use with LaTeX.

See the LaTeX manual or LaTeX Companion for explanation.
Type  H <return>  for immediate help.
 ...                                              
                                                  
l.6 ...∏–∑–∞—Ü–∏—è –ø—Ä–µ–¥—Å—Ç–∞–≤–ª—è–µ—Ç —Å–æ–±
                                                  –æ–π –º–Ω–æ–≥–æ–º–µ—Ä–Ω—É—...

You may provide a definition with
\DeclareUnicodeCharacter 


! LaTeX Error: Unicode character –æ (U+043E)
               not set up for use with LaTeX.

See the LaTeX manual or LaTeX Companion for explanation.
Type  H <return>  for immediate help.
 ...                                              
                                                  
l.6 ...∑–∞—Ü–∏—è –ø—Ä–µ–¥—Å—Ç–∞–≤–ª—è–µ—Ç —Å–æ–±–æ
                                                  –π –º–Ω–æ–≥–æ–º–µ—Ä–Ω—É—é ...

You may provide a definition with
\DeclareUnicodeCharacter 


! LaTeX Error: Unicode character –π (U+0439)
               not set up for use with LaTeX.

See the LaTeX manual or LaTeX Companion for explanation.
Type  H <return>  for immediate help.
 ...                                              
                                                  
l.6 ...∞—Ü–∏—è –ø—Ä–µ–¥—Å—Ç–∞–≤–ª—è–µ—Ç —Å–æ–±–æ–π
                                                   –º–Ω–æ–≥–æ–º–µ—Ä–Ω—É—é –ø...

You may provide a definition with
\DeclareUnicodeCharacter 


! LaTeX Error: Unicode character –º (U+043C)
               not set up for use with LaTeX.

See the LaTeX manual or LaTeX Companion for explanation.
Type  H <return>  for immediate help.
 ...                                              
                                                  
l.6 ...–∏—è –ø—Ä–µ–¥—Å—Ç–∞–≤–ª—è–µ—Ç —Å–æ–±–æ–π –º
                                                  –Ω–æ–≥–æ–º–µ—Ä–Ω—É—é –ø—Ä–...

You may provide a definition with
\DeclareUnicodeCharacter 


! LaTeX Error: Unicode character –Ω (U+043D)
               not set up for use with LaTeX.

See the LaTeX manual or LaTeX Companion for explanation.
Type  H <return>  for immediate help.
 ...                                              
                                                  
l.6 ...—è –ø—Ä–µ–¥—Å—Ç–∞–≤–ª—è–µ—Ç —Å–æ–±–æ–π –º–Ω
                                                  –æ–≥–æ–º–µ—Ä–Ω—É—é –ø—Ä–æ—...

You may provide a definition with
\DeclareUnicodeCharacter 


! LaTeX Error: Unicode character –æ (U+043E)
               not set up for use with LaTeX.

See the LaTeX manual or LaTeX Companion for explanation.
Type  H <return>  for immediate help.
 ...                                              
                                                  
l.6 ... –ø—Ä–µ–¥—Å—Ç–∞–≤–ª—è–µ—Ç —Å–æ–±–æ–π –º–Ω–æ
                                                  –≥–æ–º–µ—Ä–Ω—É—é –ø—Ä–æ—Ü–...

You may provide a definition with
\DeclareUnicodeCharacter 


! LaTeX Error: Unicode character –≥ (U+0433)
               not set up for use with LaTeX.

See the LaTeX manual or LaTeX Companion for explanation.
Type  H <return>  for immediate help.
 ...                                              
                                                  
l.6 ...ø—Ä–µ–¥—Å—Ç–∞–≤–ª—è–µ—Ç —Å–æ–±–æ–π –º–Ω–æ–≥
                                                  –æ–º–µ—Ä–Ω—É—é –ø—Ä–æ—Ü–µ–...

You may provide a definition with
\DeclareUnicodeCharacter 


! LaTeX Error: Unicode character –æ (U+043E)
               not set up for use with LaTeX.

See the LaTeX manual or LaTeX Companion for explanation.
Type  H <return>  for immediate help.
 ...                                              
                                                  
l.6 ...Ä–µ–¥—Å—Ç–∞–≤–ª—è–µ—Ç —Å–æ–±–æ–π –º–Ω–æ–≥–æ
                                                  –º–µ—Ä–Ω—É—é –ø—Ä–æ—Ü–µ–¥—...

You may provide a definition with
\DeclareUnicodeCharacter 


! LaTeX Error: Unicode character –º (U+043C)
               not set up for use with LaTeX.

See the LaTeX manual or LaTeX Companion for explanation.
Type  H <return>  for immediate help.
 ...                                              
                                                  
l.6 ...µ–¥—Å—Ç–∞–≤–ª—è–µ—Ç —Å–æ–±–æ–π –º–Ω–æ–≥–æ–º
                                                  –µ—Ä–Ω—É—é –ø—Ä–æ—Ü–µ–¥—É—...

You may provide a definition with
\DeclareUnicodeCharacter 


! LaTeX Error: Unicode character –µ (U+0435)
               not set up for use with LaTeX.

See the LaTeX manual or LaTeX Companion for explanation.
Type  H <return>  for immediate help.
 ...                                              
                                                  
l.6 ...¥—Å—Ç–∞–≤–ª—è–µ—Ç —Å–æ–±–æ–π –º–Ω–æ–≥–æ–º–µ
                                                  —Ä–Ω—É—é –ø—Ä–æ—Ü–µ–¥—É—Ä—...

You may provide a definition with
\DeclareUnicodeCharacter 


! LaTeX Error: Unicode character —Ä (U+0440)
               not set up for use with LaTeX.

See the LaTeX manual or LaTeX Companion for explanation.
Type  H <return>  for immediate help.
 ...                                              
                                                  
l.6 ...Å—Ç–∞–≤–ª—è–µ—Ç —Å–æ–±–æ–π –º–Ω–æ–≥–æ–º–µ—Ä
                                                  –Ω—É—é –ø—Ä–æ—Ü–µ–¥—É—Ä—É ...

You may provide a definition with
\DeclareUnicodeCharacter 


! LaTeX Error: Unicode character –Ω (U+043D)
               not set up for use with LaTeX.

See the LaTeX manual or LaTeX Companion for explanation.
Type  H <return>  for immediate help.
 ...                                              
                                                  
l.6 ...Ç–∞–≤–ª—è–µ—Ç —Å–æ–±–æ–π –º–Ω–æ–≥–æ–º–µ—Ä–Ω
                                                  —É—é –ø—Ä–æ—Ü–µ–¥—É—Ä—É —Å...

You may provide a definition with
\DeclareUnicodeCharacter 


! LaTeX Error: Unicode character —É (U+0443)
               not set up for use with LaTeX.

See the LaTeX manual or LaTeX Companion for explanation.
Type  H <return>  for immediate help.
 ...                                              
                                                  
l.6 ...∞–≤–ª—è–µ—Ç —Å–æ–±–æ–π –º–Ω–æ–≥–æ–º–µ—Ä–Ω—É
                                                  —é –ø—Ä–æ—Ü–µ–¥—É—Ä—É —Å—Ç...

You may provide a definition with
\DeclareUnicodeCharacter 


! LaTeX Error: Unicode character —é (U+044E)
               not set up for use with LaTeX.

See the LaTeX manual or LaTeX Companion for explanation.
Type  H <return>  for immediate help.
 ...                                              
                                                  
l.6 ...≤–ª—è–µ—Ç —Å–æ–±–æ–π –º–Ω–æ–≥–æ–º–µ—Ä–Ω—É—é
                                                   –ø—Ä–æ—Ü–µ–¥—É—Ä—É —Å—Ç–∞...

You may provide a definition with
\DeclareUnicodeCharacter 


! LaTeX Error: Unicode character –ø (U+043F)
               not set up for use with LaTeX.

See the LaTeX manual or LaTeX Companion for explanation.
Type  H <return>  for immediate help.
 ...                                              
                                                  
l.6 ...—è–µ—Ç —Å–æ–±–æ–π –º–Ω–æ–≥–æ–º–µ—Ä–Ω—É—é –ø
                                                  —Ä–æ—Ü–µ–¥—É—Ä—É —Å—Ç–∞—Ç–...

You may provide a definition with
\DeclareUnicodeCharacter 


! LaTeX Error: Unicode character —Ä (U+0440)
               not set up for use with LaTeX.

See the LaTeX manual or LaTeX Companion for explanation.
Type  H <return>  for immediate help.
 ...                                              
                                                  
l.6 ...–µ—Ç —Å–æ–±–æ–π –º–Ω–æ–≥–æ–º–µ—Ä–Ω—É—é –ø—Ä
                                                  –æ—Ü–µ–¥—É—Ä—É —Å—Ç–∞—Ç–∏—...

You may provide a definition with
\DeclareUnicodeCharacter 


! LaTeX Error: Unicode character –æ (U+043E)
               not set up for use with LaTeX.

See the LaTeX manual or LaTeX Companion for explanation.
Type  H <return>  for immediate help.
 ...                                              
                                                  
l.6 ...—Ç —Å–æ–±–æ–π –º–Ω–æ–≥–æ–º–µ—Ä–Ω—É—é –ø—Ä–æ
                                                  —Ü–µ–¥—É—Ä—É —Å—Ç–∞—Ç–∏—Å—...

You may provide a definition with
\DeclareUnicodeCharacter 


! LaTeX Error: Unicode character —Ü (U+0446)
               not set up for use with LaTeX.

See the LaTeX manual or LaTeX Companion for explanation.
Type  H <return>  for immediate help.
 ...                                              
                                                  
l.6 ... —Å–æ–±–æ–π –º–Ω–æ–≥–æ–º–µ—Ä–Ω—É—é –ø—Ä–æ—Ü
                                                  –µ–¥—É—Ä—É —Å—Ç–∞—Ç–∏—Å—Ç–...

You may provide a definition with
\DeclareUnicodeCharacter 


! LaTeX Error: Unicode character –µ (U+0435)
               not set up for use with LaTeX.

See the LaTeX manual or LaTeX Companion for explanation.
Type  H <return>  for immediate help.
 ...                                              
                                                  
l.6 ...Å–æ–±–æ–π –º–Ω–æ–≥–æ–º–µ—Ä–Ω—É—é –ø—Ä–æ—Ü–µ
                                                  –¥—É—Ä—É —Å—Ç–∞—Ç–∏—Å—Ç–∏—...

You may provide a definition with
\DeclareUnicodeCharacter 


! LaTeX Error: Unicode character –¥ (U+0434)
               not set up for use with LaTeX.

See the LaTeX manual or LaTeX Companion for explanation.
Type  H <return>  for immediate help.
 ...                                              
                                                  
l.6 ...æ–±–æ–π –º–Ω–æ–≥–æ–º–µ—Ä–Ω—É—é –ø—Ä–æ—Ü–µ–¥
                                                  —É—Ä—É —Å—Ç–∞—Ç–∏—Å—Ç–∏—á–...

You may provide a definition with
\DeclareUnicodeCharacter 


! LaTeX Error: Unicode character —É (U+0443)
               not set up for use with LaTeX.

See the LaTeX manual or LaTeX Companion for explanation.
Type  H <return>  for immediate help.
 ...                                              
                                                  
l.6 ...±–æ–π –º–Ω–æ–≥–æ–º–µ—Ä–Ω—É—é –ø—Ä–æ—Ü–µ–¥—É
                                                  —Ä—É —Å—Ç–∞—Ç–∏—Å—Ç–∏—á–µ—...

You may provide a definition with
\DeclareUnicodeCharacter 


! LaTeX Error: Unicode character —Ä (U+0440)
               not set up for use with LaTeX.

See the LaTeX manual or LaTeX Companion for explanation.
Type  H <return>  for immediate help.
 ...                                              
                                                  
l.6 ...æ–π –º–Ω–æ–≥–æ–º–µ—Ä–Ω—É—é –ø—Ä–æ—Ü–µ–¥—É—Ä
                                                  —É —Å—Ç–∞—Ç–∏—Å—Ç–∏—á–µ—Å–...

You may provide a definition with
\DeclareUnicodeCharacter 


! LaTeX Error: Unicode character —É (U+0443)
               not set up for use with LaTeX.

See the LaTeX manual or LaTeX Companion for explanation.
Type  H <return>  for immediate help.
 ...                                              
                                                  
l.6 ...π –º–Ω–æ–≥–æ–º–µ—Ä–Ω—É—é –ø—Ä–æ—Ü–µ–¥—É—Ä—É
                                                   —Å—Ç–∞—Ç–∏—Å—Ç–∏—á–µ—Å–∫–...

You may provide a definition with
\DeclareUnicodeCharacter 


! LaTeX Error: Unicode character —Å (U+0441)
               not set up for use with LaTeX.

See the LaTeX manual or LaTeX Companion for explanation.
Type  H <return>  for immediate help.
 ...                                              
                                                  
l.6 ...º–Ω–æ–≥–æ–º–µ—Ä–Ω—É—é –ø—Ä–æ—Ü–µ–¥—É—Ä—É —Å
                                                  —Ç–∞—Ç–∏—Å—Ç–∏—á–µ—Å–∫–æ–≥...

You may provide a definition with
\DeclareUnicodeCharacter 


! LaTeX Error: Unicode character —Ç (U+0442)
               not set up for use with LaTeX.

See the LaTeX manual or LaTeX Companion for explanation.
Type  H <return>  for immediate help.
 ...                                              
                                                  
l.6 ...Ω–æ–≥–æ–º–µ—Ä–Ω—É—é –ø—Ä–æ—Ü–µ–¥—É—Ä—É —Å—Ç
                                                  –∞—Ç–∏—Å—Ç–∏—á–µ—Å–∫–æ–≥–æ...

You may provide a definition with
\DeclareUnicodeCharacter 


! LaTeX Error: Unicode character –∞ (U+0430)
               not set up for use with LaTeX.

See the LaTeX manual or LaTeX Companion for explanation.
Type  H <return>  for immediate help.
 ...                                              
                                                  
l.6 ...æ–≥–æ–º–µ—Ä–Ω—É—é –ø—Ä–æ—Ü–µ–¥—É—Ä—É —Å—Ç–∞
                                                  —Ç–∏—Å—Ç–∏—á–µ—Å–∫–æ–≥–æ –...

You may provide a definition with
\DeclareUnicodeCharacter 


! LaTeX Error: Unicode character —Ç (U+0442)
               not set up for use with LaTeX.

See the LaTeX manual or LaTeX Companion for explanation.
Type  H <return>  for immediate help.
 ...                                              
                                                  
l.6 ...≥–æ–º–µ—Ä–Ω—É—é –ø—Ä–æ—Ü–µ–¥—É—Ä—É —Å—Ç–∞—Ç
                                                  –∏—Å—Ç–∏—á–µ—Å–∫–æ–≥–æ –∞–...

You may provide a definition with
\DeclareUnicodeCharacter 


! LaTeX Error: Unicode character –∏ (U+0438)
               not set up for use with LaTeX.

See the LaTeX manual or LaTeX Companion for explanation.
Type  H <return>  for immediate help.
 ...                                              
                                                  
l.6 ...æ–º–µ—Ä–Ω—É—é –ø—Ä–æ—Ü–µ–¥—É—Ä—É —Å—Ç–∞—Ç–∏
                                                  —Å—Ç–∏—á–µ—Å–∫–æ–≥–æ –∞–Ω–...

You may provide a definition with
\DeclareUnicodeCharacter 


! LaTeX Error: Unicode character —Å (U+0441)
               not set up for use with LaTeX.

See the LaTeX manual or LaTeX Companion for explanation.
Type  H <return>  for immediate help.
 ...                                              
                                                  
l.6 ...º–µ—Ä–Ω—É—é –ø—Ä–æ—Ü–µ–¥—É—Ä—É —Å—Ç–∞—Ç–∏—Å
                                                  —Ç–∏—á–µ—Å–∫–æ–≥–æ –∞–Ω–∞–...

You may provide a definition with
\DeclareUnicodeCharacter 


! LaTeX Error: Unicode character —Ç (U+0442)
               not set up for use with LaTeX.

See the LaTeX manual or LaTeX Companion for explanation.
Type  H <return>  for immediate help.
 ...                                              
                                                  
l.6 ...µ—Ä–Ω—É—é –ø—Ä–æ—Ü–µ–¥—É—Ä—É —Å—Ç–∞—Ç–∏—Å—Ç
                                                  –∏—á–µ—Å–∫–æ–≥–æ –∞–Ω–∞–ª–...

You may provide a definition with
\DeclareUnicodeCharacter 


! LaTeX Error: Unicode character –∏ (U+0438)
               not set up for use with LaTeX.

See the LaTeX manual or LaTeX Companion for explanation.
Type  H <return>  for immediate help.
 ...                                              
                                                  
l.6 ...Ä–Ω—É—é –ø—Ä–æ—Ü–µ–¥—É—Ä—É —Å—Ç–∞—Ç–∏—Å—Ç–∏
                                                  —á–µ—Å–∫–æ–≥–æ –∞–Ω–∞–ª–∏–...

You may provide a definition with
\DeclareUnicodeCharacter 


! LaTeX Error: Unicode character —á (U+0447)
               not set up for use with LaTeX.

See the LaTeX manual or LaTeX Companion for explanation.
Type  H <return>  for immediate help.
 ...                                              
                                                  
l.6 ...Ω—É—é –ø—Ä–æ—Ü–µ–¥—É—Ä—É —Å—Ç–∞—Ç–∏—Å—Ç–∏—á
                                                  –µ—Å–∫–æ–≥–æ –∞–Ω–∞–ª–∏–∑–...

You may provide a definition with
\DeclareUnicodeCharacter 


! LaTeX Error: Unicode character –µ (U+0435)
               not set up for use with LaTeX.

See the LaTeX manual or LaTeX Companion for explanation.
Type  H <return>  for immediate help.
 ...                                              
                                                  
l.6 ...É—é –ø—Ä–æ—Ü–µ–¥—É—Ä—É —Å—Ç–∞—Ç–∏—Å—Ç–∏—á–µ
                                                  —Å–∫–æ–≥–æ –∞–Ω–∞–ª–∏–∑–∞,...

You may provide a definition with
\DeclareUnicodeCharacter 


! LaTeX Error: Unicode character —Å (U+0441)
               not set up for use with LaTeX.

See the LaTeX manual or LaTeX Companion for explanation.
Type  H <return>  for immediate help.
 ...                                              
                                                  
l.6 ...é –ø—Ä–æ—Ü–µ–¥—É—Ä—É —Å—Ç–∞—Ç–∏—Å—Ç–∏—á–µ—Å
                                                  –∫–æ–≥–æ –∞–Ω–∞–ª–∏–∑–∞, –...

You may provide a definition with
\DeclareUnicodeCharacter 


! LaTeX Error: Unicode character –∫ (U+043A)
               not set up for use with LaTeX.

See the LaTeX manual or LaTeX Companion for explanation.
Type  H <return>  for immediate help.
 ...                                              
                                                  
l.6 ...–ø—Ä–æ—Ü–µ–¥—É—Ä—É —Å—Ç–∞—Ç–∏—Å—Ç–∏—á–µ—Å–∫
                                                  –æ–≥–æ –∞–Ω–∞–ª–∏–∑–∞, –Ω–...

You may provide a definition with
\DeclareUnicodeCharacter 


! LaTeX Error: Unicode character –æ (U+043E)
               not set up for use with LaTeX.

See the LaTeX manual or LaTeX Companion for explanation.
Type  H <return>  for immediate help.
 ...                                              
                                                  
l.6 ...—Ä–æ—Ü–µ–¥—É—Ä—É —Å—Ç–∞—Ç–∏—Å—Ç–∏—á–µ—Å–∫–æ
                                                  –≥–æ –∞–Ω–∞–ª–∏–∑–∞, –Ω–∞–...

You may provide a definition with
\DeclareUnicodeCharacter 


! LaTeX Error: Unicode character –≥ (U+0433)
               not set up for use with LaTeX.

See the LaTeX manual or LaTeX Companion for explanation.
Type  H <return>  for immediate help.
 ...                                              
                                                  
l.6 ...–æ—Ü–µ–¥—É—Ä—É —Å—Ç–∞—Ç–∏—Å—Ç–∏—á–µ—Å–∫–æ–≥
                                                  –æ –∞–Ω–∞–ª–∏–∑–∞, –Ω–∞–ø—...

You may provide a definition with
\DeclareUnicodeCharacter 


! LaTeX Error: Unicode character –æ (U+043E)
               not set up for use with LaTeX.

See the LaTeX manual or LaTeX Companion for explanation.
Type  H <return>  for immediate help.
 ...                                              
                                                  
l.6 ...—Ü–µ–¥—É—Ä—É —Å—Ç–∞—Ç–∏—Å—Ç–∏—á–µ—Å–∫–æ–≥–æ
                                                   –∞–Ω–∞–ª–∏–∑–∞, –Ω–∞–ø—Ä–...

You may provide a definition with
\DeclareUnicodeCharacter 


! LaTeX Error: Unicode character –∞ (U+0430)
               not set up for use with LaTeX.

See the LaTeX manual or LaTeX Companion for explanation.
Type  H <return>  for immediate help.
 ...                                              
                                                  
l.6 ...µ–¥—É—Ä—É —Å—Ç–∞—Ç–∏—Å—Ç–∏—á–µ—Å–∫–æ–≥–æ –∞
                                                  –Ω–∞–ª–∏–∑–∞, –Ω–∞–ø—Ä–∞–≤...

You may provide a definition with
\DeclareUnicodeCharacter 


! LaTeX Error: Unicode character –Ω (U+043D)
               not set up for use with LaTeX.

See the LaTeX manual or LaTeX Companion for explanation.
Type  H <return>  for immediate help.
 ...                                              
                                                  
l.6 ...¥—É—Ä—É —Å—Ç–∞—Ç–∏—Å—Ç–∏—á–µ—Å–∫–æ–≥–æ –∞–Ω
                                                  –∞–ª–∏–∑–∞, –Ω–∞–ø—Ä–∞–≤–ª...

You may provide a definition with
\DeclareUnicodeCharacter 


! LaTeX Error: Unicode character –∞ (U+0430)
               not set up for use with LaTeX.

See the LaTeX manual or LaTeX Companion for explanation.
Type  H <return>  for immediate help.
 ...                                              
                                                  
l.6 ...É—Ä—É —Å—Ç–∞—Ç–∏—Å—Ç–∏—á–µ—Å–∫–æ–≥–æ –∞–Ω–∞
                                                  –ª–∏–∑–∞, –Ω–∞–ø—Ä–∞–≤–ª–µ...

You may provide a definition with
\DeclareUnicodeCharacter 


! LaTeX Error: Unicode character –ª (U+043B)
               not set up for use with LaTeX.

See the LaTeX manual or LaTeX Companion for explanation.
Type  H <return>  for immediate help.
 ...                                              
                                                  
l.6 ...Ä—É —Å—Ç–∞—Ç–∏—Å—Ç–∏—á–µ—Å–∫–æ–≥–æ –∞–Ω–∞–ª
                                                  –∏–∑–∞, –Ω–∞–ø—Ä–∞–≤–ª–µ–Ω...

You may provide a definition with
\DeclareUnicodeCharacter 


! LaTeX Error: Unicode character –∏ (U+0438)
               not set up for use with LaTeX.

See the LaTeX manual or LaTeX Companion for explanation.
Type  H <return>  for immediate help.
 ...                                              
                                                  
l.6 ...É —Å—Ç–∞—Ç–∏—Å—Ç–∏—á–µ—Å–∫–æ–≥–æ –∞–Ω–∞–ª–∏
                                                  –∑–∞, –Ω–∞–ø—Ä–∞–≤–ª–µ–Ω–Ω...

You may provide a definition with
\DeclareUnicodeCharacter 


! LaTeX Error: Unicode character –∑ (U+0437)
               not set up for use with LaTeX.

See the LaTeX manual or LaTeX Companion for explanation.
Type  H <return>  for immediate help.
 ...                                              
                                                  
l.6 ...—Å—Ç–∞—Ç–∏—Å—Ç–∏—á–µ—Å–∫–æ–≥–æ –∞–Ω–∞–ª–∏–∑
                                                  –∞, –Ω–∞–ø—Ä–∞–≤–ª–µ–Ω–Ω—É...

You may provide a definition with
\DeclareUnicodeCharacter 


! LaTeX Error: Unicode character –∞ (U+0430)
               not set up for use with LaTeX.

See the LaTeX manual or LaTeX Companion for explanation.
Type  H <return>  for immediate help.
 ...                                              
                                                  
l.6 ...—Ç–∞—Ç–∏—Å—Ç–∏—á–µ—Å–∫–æ–≥–æ –∞–Ω–∞–ª–∏–∑–∞
                                                  , –Ω–∞–ø—Ä–∞–≤–ª–µ–Ω–Ω—É—é...

You may provide a definition with
\DeclareUnicodeCharacter 

Missing character: There is no , in font nullfont!

! LaTeX Error: Unicode character –Ω (U+043D)
               not set up for use with LaTeX.

See the LaTeX manual or LaTeX Companion for explanation.
Type  H <return>  for immediate help.
 ...                                              
                                                  
l.6 ...—Ç–∏—Å—Ç–∏—á–µ—Å–∫–æ–≥–æ –∞–Ω–∞–ª–∏–∑–∞, –Ω
                                                  –∞–ø—Ä–∞–≤–ª–µ–Ω–Ω—É—é –Ω–...

You may provide a definition with
\DeclareUnicodeCharacter 


! LaTeX Error: Unicode character –∞ (U+0430)
               not set up for use with LaTeX.

See the LaTeX manual or LaTeX Companion for explanation.
Type  H <return>  for immediate help.
 ...                                              
                                                  
l.6 ...–∏—Å—Ç–∏—á–µ—Å–∫–æ–≥–æ –∞–Ω–∞–ª–∏–∑–∞, –Ω–∞
                                                  –ø—Ä–∞–≤–ª–µ–Ω–Ω—É—é –Ω–∞ ...

You may provide a definition with
\DeclareUnicodeCharacter 


! LaTeX Error: Unicode character –ø (U+043F)
               not set up for use with LaTeX.

See the LaTeX manual or LaTeX Companion for explanation.
Type  H <return>  for immediate help.
 ...                                              
                                                  
l.6 ...—Å—Ç–∏—á–µ—Å–∫–æ–≥–æ –∞–Ω–∞–ª–∏–∑–∞, –Ω–∞–ø
                                                  —Ä–∞–≤–ª–µ–Ω–Ω—É—é –Ω–∞ —Å...

You may provide a definition with
\DeclareUnicodeCharacter 


! LaTeX Error: Unicode character —Ä (U+0440)
               not set up for use with LaTeX.

See the LaTeX manual or LaTeX Companion for explanation.
Type  H <return>  for immediate help.
 ...                                              
                                                  
l.6 ...—Ç–∏—á–µ—Å–∫–æ–≥–æ –∞–Ω–∞–ª–∏–∑–∞, –Ω–∞–ø—Ä
                                                  –∞–≤–ª–µ–Ω–Ω—É—é –Ω–∞ —Å–±...

You may provide a definition with
\DeclareUnicodeCharacter 


! LaTeX Error: Unicode character –∞ (U+0430)
               not set up for use with LaTeX.

See the LaTeX manual or LaTeX Companion for explanation.
Type  H <return>  for immediate help.
 ...                                              
                                                  
l.6 ...–∏—á–µ—Å–∫–æ–≥–æ –∞–Ω–∞–ª–∏–∑–∞, –Ω–∞–ø—Ä–∞
                                                  –≤–ª–µ–Ω–Ω—É—é –Ω–∞ —Å–±–æ...

You may provide a definition with
\DeclareUnicodeCharacter 


! LaTeX Error: Unicode character –≤ (U+0432)
               not set up for use with LaTeX.

See the LaTeX manual or LaTeX Companion for explanation.
Type  H <return>  for immediate help.
 ...                                              
                                                  
l.6 ...—á–µ—Å–∫–æ–≥–æ –∞–Ω–∞–ª–∏–∑–∞, –Ω–∞–ø—Ä–∞–≤
                                                  –ª–µ–Ω–Ω—É—é –Ω–∞ —Å–±–æ—Ä...

You may provide a definition with
\DeclareUnicodeCharacter 


! LaTeX Error: Unicode character –ª (U+043B)
               not set up for use with LaTeX.

See the LaTeX manual or LaTeX Companion for explanation.
Type  H <return>  for immediate help.
 ...                                              
                                                  
l.6 ...–µ—Å–∫–æ–≥–æ –∞–Ω–∞–ª–∏–∑–∞, –Ω–∞–ø—Ä–∞–≤–ª
                                                  –µ–Ω–Ω—É—é –Ω–∞ —Å–±–æ—Ä –...

You may provide a definition with
\DeclareUnicodeCharacter 


! LaTeX Error: Unicode character –µ (U+0435)
               not set up for use with LaTeX.

See the LaTeX manual or LaTeX Companion for explanation.
Type  H <return>  for immediate help.
 ...                                              
                                                  
l.6 ...—Å–∫–æ–≥–æ –∞–Ω–∞–ª–∏–∑–∞, –Ω–∞–ø—Ä–∞–≤–ª–µ
                                                  –Ω–Ω—É—é –Ω–∞ —Å–±–æ—Ä –¥–...

You may provide a definition with
\DeclareUnicodeCharacter 


! LaTeX Error: Unicode character –Ω (U+043D)
               not set up for use with LaTeX.

See the LaTeX manual or LaTeX Companion for explanation.
Type  H <return>  for immediate help.
 ...                                              
                                                  
l.6 ...–∫–æ–≥–æ –∞–Ω–∞–ª–∏–∑–∞, –Ω–∞–ø—Ä–∞–≤–ª–µ–Ω
                                                  –Ω—É—é –Ω–∞ —Å–±–æ—Ä –¥–∞–...

You may provide a definition with
\DeclareUnicodeCharacter 


! LaTeX Error: Unicode character –Ω (U+043D)
               not set up for use with LaTeX.

See the LaTeX manual or LaTeX Companion for explanation.
Type  H <return>  for immediate help.
 ...                                              
                                                  
l.6 ...–æ–≥–æ –∞–Ω–∞–ª–∏–∑–∞, –Ω–∞–ø—Ä–∞–≤–ª–µ–Ω–Ω
                                                  —É—é –Ω–∞ —Å–±–æ—Ä –¥–∞–Ω–...

You may provide a definition with
\DeclareUnicodeCharacter 


! LaTeX Error: Unicode character —É (U+0443)
               not set up for use with LaTeX.

See the LaTeX manual or LaTeX Companion for explanation.
Type  H <return>  for immediate help.
 ...                                              
                                                  
l.6 ...–≥–æ –∞–Ω–∞–ª–∏–∑–∞, –Ω–∞–ø—Ä–∞–≤–ª–µ–Ω–Ω—É
                                                  —é –Ω–∞ —Å–±–æ—Ä –¥–∞–Ω–Ω—...

You may provide a definition with
\DeclareUnicodeCharacter 


! LaTeX Error: Unicode character —é (U+044E)
               not set up for use with LaTeX.

See the LaTeX manual or LaTeX Companion for explanation.
Type  H <return>  for immediate help.
 ...                                              
                                                  
l.6 ...–æ –∞–Ω–∞–ª–∏–∑–∞, –Ω–∞–ø—Ä–∞–≤–ª–µ–Ω–Ω—É—é
                                                   –Ω–∞ —Å–±–æ—Ä –¥–∞–Ω–Ω—ã—...

You may provide a definition with
\DeclareUnicodeCharacter 


! LaTeX Error: Unicode character –Ω (U+043D)
               not set up for use with LaTeX.

See the LaTeX manual or LaTeX Companion for explanation.
Type  H <return>  for immediate help.
 ...                                              
                                                  
l.6 ...–∞–Ω–∞–ª–∏–∑–∞, –Ω–∞–ø—Ä–∞–≤–ª–µ–Ω–Ω—É—é –Ω
                                                  –∞ —Å–±–æ—Ä –¥–∞–Ω–Ω—ã—Ö, ...

You may provide a definition with
\DeclareUnicodeCharacter 


! LaTeX Error: Unicode character –∞ (U+0430)
               not set up for use with LaTeX.

See the LaTeX manual or LaTeX Companion for explanation.
Type  H <return>  for immediate help.
 ...                                              
                                                  
l.6 ...–Ω–∞–ª–∏–∑–∞, –Ω–∞–ø—Ä–∞–≤–ª–µ–Ω–Ω—É—é –Ω–∞
                                                   —Å–±–æ—Ä –¥–∞–Ω–Ω—ã—Ö, —Å...

You may provide a definition with
\DeclareUnicodeCharacter 


! LaTeX Error: Unicode character —Å (U+0441)
               not set up for use with LaTeX.

See the LaTeX manual or LaTeX Companion for explanation.
Type  H <return>  for immediate help.
 ...                                              
                                                  
l.6 ...∞–ª–∏–∑–∞, –Ω–∞–ø—Ä–∞–≤–ª–µ–Ω–Ω—É—é –Ω–∞ —Å
                                                  –±–æ—Ä –¥–∞–Ω–Ω—ã—Ö, —Å–æ–...

You may provide a definition with
\DeclareUnicodeCharacter 


! LaTeX Error: Unicode character –± (U+0431)
               not set up for use with LaTeX.

See the LaTeX manual or LaTeX Companion for explanation.
Type  H <return>  for immediate help.
 ...                                              
                                                  
l.6 ...ª–∏–∑–∞, –Ω–∞–ø—Ä–∞–≤–ª–µ–Ω–Ω—É—é –Ω–∞ —Å–±
                                                  –æ—Ä –¥–∞–Ω–Ω—ã—Ö, —Å–æ–¥–...

You may provide a definition with
\DeclareUnicodeCharacter 


! LaTeX Error: Unicode character –æ (U+043E)
               not set up for use with LaTeX.

See the LaTeX manual or LaTeX Companion for explanation.
Type  H <return>  for immediate help.
 ...                                              
                                                  
l.6 ...∏–∑–∞, –Ω–∞–ø—Ä–∞–≤–ª–µ–Ω–Ω—É—é –Ω–∞ —Å–±–æ
                                                  —Ä –¥–∞–Ω–Ω—ã—Ö, —Å–æ–¥–µ—...

You may provide a definition with
\DeclareUnicodeCharacter 


! LaTeX Error: Unicode character —Ä (U+0440)
               not set up for use with LaTeX.

See the LaTeX manual or LaTeX Companion for explanation.
Type  H <return>  for immediate help.
 ...                                              
                                                  
l.6 ...∑–∞, –Ω–∞–ø—Ä–∞–≤–ª–µ–Ω–Ω—É—é –Ω–∞ —Å–±–æ—Ä
                                                   –¥–∞–Ω–Ω—ã—Ö, —Å–æ–¥–µ—Ä–...

You may provide a definition with
\DeclareUnicodeCharacter 


! LaTeX Error: Unicode character –¥ (U+0434)
               not set up for use with LaTeX.

See the LaTeX manual or LaTeX Companion for explanation.
Type  H <return>  for immediate help.
 ...                                              
                                                  
l.6 ..., –Ω–∞–ø—Ä–∞–≤–ª–µ–Ω–Ω—É—é –Ω–∞ —Å–±–æ—Ä –¥
                                                  –∞–Ω–Ω—ã—Ö, —Å–æ–¥–µ—Ä–∂–∞...

You may provide a definition with
\DeclareUnicodeCharacter 


! LaTeX Error: Unicode character –∞ (U+0430)
               not set up for use with LaTeX.

See the LaTeX manual or LaTeX Companion for explanation.
Type  H <return>  for immediate help.
 ...                                              
                                                  
l.6 ...–Ω–∞–ø—Ä–∞–≤–ª–µ–Ω–Ω—É—é –Ω–∞ —Å–±–æ—Ä –¥–∞
                                                  –Ω–Ω—ã—Ö, —Å–æ–¥–µ—Ä–∂–∞—â...

You may provide a definition with
\DeclareUnicodeCharacter 


! LaTeX Error: Unicode character –Ω (U+043D)
               not set up for use with LaTeX.

See the LaTeX manual or LaTeX Companion for explanation.
Type  H <return>  for immediate help.
 ...                                              
                                                  
l.6 ...–∞–ø—Ä–∞–≤–ª–µ–Ω–Ω—É—é –Ω–∞ —Å–±–æ—Ä –¥–∞–Ω
                                                  –Ω—ã—Ö, —Å–æ–¥–µ—Ä–∂–∞—â–∏...

You may provide a definition with
\DeclareUnicodeCharacter 


! LaTeX Error: Unicode character –Ω (U+043D)
               not set up for use with LaTeX.

See the LaTeX manual or LaTeX Companion for explanation.
Type  H <return>  for immediate help.
 ...                                              
                                                  
l.6 ...–ø—Ä–∞–≤–ª–µ–Ω–Ω—É—é –Ω–∞ —Å–±–æ—Ä –¥–∞–Ω–Ω
                                                  —ã—Ö, —Å–æ–¥–µ—Ä–∂–∞—â–∏—Ö...

You may provide a definition with
\DeclareUnicodeCharacter 


! LaTeX Error: Unicode character —ã (U+044B)
               not set up for use with LaTeX.

See the LaTeX manual or LaTeX Companion for explanation.
Type  H <return>  for immediate help.
 ...                                              
                                                  
l.6 ...—Ä–∞–≤–ª–µ–Ω–Ω—É—é –Ω–∞ —Å–±–æ—Ä –¥–∞–Ω–Ω—ã
                                                  —Ö, —Å–æ–¥–µ—Ä–∂–∞—â–∏—Ö –...

You may provide a definition with
\DeclareUnicodeCharacter 


! LaTeX Error: Unicode character —Ö (U+0445)
               not set up for use with LaTeX.

See the LaTeX manual or LaTeX Companion for explanation.
Type  H <return>  for immediate help.
 ...                                              
                                                  
l.6 ...–∞–≤–ª–µ–Ω–Ω—É—é –Ω–∞ —Å–±–æ—Ä –¥–∞–Ω–Ω—ã—Ö
                                                  , —Å–æ–¥–µ—Ä–∂–∞—â–∏—Ö –∏–...

You may provide a definition with
\DeclareUnicodeCharacter 

Missing character: There is no , in font nullfont!

! LaTeX Error: Unicode character —Å (U+0441)
               not set up for use with LaTeX.

See the LaTeX manual or LaTeX Companion for explanation.
Type  H <return>  for immediate help.
 ...                                              
                                                  
l.6 ...–ª–µ–Ω–Ω—É—é –Ω–∞ —Å–±–æ—Ä –¥–∞–Ω–Ω—ã—Ö, —Å
                                                  –æ–¥–µ—Ä–∂–∞—â–∏—Ö –∏–Ω—Ñ–...

You may provide a definition with
\DeclareUnicodeCharacter 


! LaTeX Error: Unicode character –æ (U+043E)
               not set up for use with LaTeX.

See the LaTeX manual or LaTeX Companion for explanation.
Type  H <return>  for immediate help.
 ...                                              
                                                  
l.6 ...–µ–Ω–Ω—É—é –Ω–∞ —Å–±–æ—Ä –¥–∞–Ω–Ω—ã—Ö, —Å–æ
                                                  –¥–µ—Ä–∂–∞—â–∏—Ö –∏–Ω—Ñ–æ—...

You may provide a definition with
\DeclareUnicodeCharacter 


! LaTeX Error: Unicode character –¥ (U+0434)
               not set up for use with LaTeX.

See the LaTeX manual or LaTeX Companion for explanation.
Type  H <return>  for immediate help.
 ...                                              
                                                  
l.6 ...–Ω–Ω—É—é –Ω–∞ —Å–±–æ—Ä –¥–∞–Ω–Ω—ã—Ö, —Å–æ–¥
                                                  –µ—Ä–∂–∞—â–∏—Ö –∏–Ω—Ñ–æ—Ä–...
(That makes 100 errors; please try again.) 
Here is how much of TeX's memory you used:
 45 strings out of 475248
 760 string characters out of 5757812
 1917785 words of memory out of 5000000
 21668 multiletter control sequences out of 15000+600000
 558069 words of font info for 36 fonts, out of 8000000 for 9000
 1141 hyphenation exceptions out of 8191
 15i,0n,20p,895b,18s stack positions out of 10000i,1000n,20000p,200000b,200000s

!  ==> Fatal error occurred, no output PDF file produced!
