This is pdfTeX, Version 3.141592653-2.6-1.40.25 (MiKTeX 23.10) (preloaded format=pdflatex 2023.10.30)  30 JUN 2024 16:13
entering extended mode
 restricted \write18 enabled.
 %&-line parsing enabled.
**./solving.tex
(solving.tex
LaTeX2e <2023-06-01> patch level 1
L3 programming layer <2023-08-29>
(definicje.tex
(C:\Users\imaks\AppData\Local\Programs\MiKTeX\tex/latex/base\book.cls
Document Class: book 2023/05/17 v1.4n Standard LaTeX document class
(C:\Users\imaks\AppData\Local\Programs\MiKTeX\tex/latex/base\bk10.clo
File: bk10.clo 2023/05/17 v1.4n Standard LaTeX file (size option)
)
\c@part=\count185
\c@chapter=\count186
\c@section=\count187
\c@subsection=\count188
\c@subsubsection=\count189
\c@paragraph=\count190
\c@subparagraph=\count191
\c@figure=\count192
\c@table=\count193
\abovecaptionskip=\skip48
\belowcaptionskip=\skip49
\bibindent=\dimen140
)
(C:\Users\imaks\AppData\Local\Programs\MiKTeX\tex/latex/geometry\geometry.sty
Package: geometry 2020/01/02 v5.9 Page Geometry

(C:\Users\imaks\AppData\Local\Programs\MiKTeX\tex/latex/graphics\keyval.sty
Package: keyval 2022/05/29 v1.15 key=value parser (DPC)
\KV@toks@=\toks17
)
(C:\Users\imaks\AppData\Local\Programs\MiKTeX\tex/generic/iftex\ifvtex.sty
Package: ifvtex 2019/10/25 v1.7 ifvtex legacy package. Use iftex instead.

(C:\Users\imaks\AppData\Local\Programs\MiKTeX\tex/generic/iftex\iftex.sty
Package: iftex 2022/02/03 v1.0f TeX engine tests
))
\Gm@cnth=\count194
\Gm@cntv=\count195
\c@Gm@tempcnt=\count196
\Gm@bindingoffset=\dimen141
\Gm@wd@mp=\dimen142
\Gm@odd@mp=\dimen143
\Gm@even@mp=\dimen144
\Gm@layoutwidth=\dimen145
\Gm@layoutheight=\dimen146
\Gm@layouthoffset=\dimen147
\Gm@layoutvoffset=\dimen148
\Gm@dimlist=\toks18

(C:\Users\imaks\AppData\Local\Programs\MiKTeX\tex/latex/geometry\geometry.cfg))
(C:\Users\imaks\AppData\Local\Programs\MiKTeX\tex/latex/base\inputenc.sty
Package: inputenc 2021/02/14 v1.3d Input encoding file
\inpenc@prehook=\toks19
\inpenc@posthook=\toks20
)
(C:\Users\imaks\AppData\Local\Programs\MiKTeX\tex/latex/amsmath\amsmath.sty
Package: amsmath 2023/05/13 v2.17o AMS math features
\@mathmargin=\skip50

For additional information on amsmath, use the `?' option.
(C:\Users\imaks\AppData\Local\Programs\MiKTeX\tex/latex/amsmath\amstext.sty
Package: amstext 2021/08/26 v2.01 AMS text

(C:\Users\imaks\AppData\Local\Programs\MiKTeX\tex/latex/amsmath\amsgen.sty
File: amsgen.sty 1999/11/30 v2.0 generic functions
\@emptytoks=\toks21
\ex@=\dimen149
))
(C:\Users\imaks\AppData\Local\Programs\MiKTeX\tex/latex/amsmath\amsbsy.sty
Package: amsbsy 1999/11/29 v1.2d Bold Symbols
\pmbraise@=\dimen150
)
(C:\Users\imaks\AppData\Local\Programs\MiKTeX\tex/latex/amsmath\amsopn.sty
Package: amsopn 2022/04/08 v2.04 operator names
)
\inf@bad=\count197
LaTeX Info: Redefining \frac on input line 234.
\uproot@=\count198
\leftroot@=\count199
LaTeX Info: Redefining \overline on input line 399.
LaTeX Info: Redefining \colon on input line 410.
\classnum@=\count266
\DOTSCASE@=\count267
LaTeX Info: Redefining \ldots on input line 496.
LaTeX Info: Redefining \dots on input line 499.
LaTeX Info: Redefining \cdots on input line 620.
\Mathstrutbox@=\box51
\strutbox@=\box52
LaTeX Info: Redefining \big on input line 722.
LaTeX Info: Redefining \Big on input line 723.
LaTeX Info: Redefining \bigg on input line 724.
LaTeX Info: Redefining \Bigg on input line 725.
\big@size=\dimen151
LaTeX Font Info:    Redeclaring font encoding OML on input line 743.
LaTeX Font Info:    Redeclaring font encoding OMS on input line 744.
\macc@depth=\count268
LaTeX Info: Redefining \bmod on input line 905.
LaTeX Info: Redefining \pmod on input line 910.
LaTeX Info: Redefining \smash on input line 940.
LaTeX Info: Redefining \relbar on input line 970.
LaTeX Info: Redefining \Relbar on input line 971.
\c@MaxMatrixCols=\count269
\dotsspace@=\muskip16
\c@parentequation=\count270
\dspbrk@lvl=\count271
\tag@help=\toks22
\row@=\count272
\column@=\count273
\maxfields@=\count274
\andhelp@=\toks23
\eqnshift@=\dimen152
\alignsep@=\dimen153
\tagshift@=\dimen154
\tagwidth@=\dimen155
\totwidth@=\dimen156
\lineht@=\dimen157
\@envbody=\toks24
\multlinegap=\skip51
\multlinetaggap=\skip52
\mathdisplay@stack=\toks25
LaTeX Info: Redefining \[ on input line 2953.
LaTeX Info: Redefining \] on input line 2954.
)
(C:\Users\imaks\AppData\Local\Programs\MiKTeX\tex/latex/amsfonts\amssymb.sty
Package: amssymb 2013/01/14 v3.01 AMS font symbols

(C:\Users\imaks\AppData\Local\Programs\MiKTeX\tex/latex/amsfonts\amsfonts.sty
Package: amsfonts 2013/01/14 v3.01 Basic AMSFonts support
\symAMSa=\mathgroup4
\symAMSb=\mathgroup5
LaTeX Font Info:    Redeclaring math symbol \hbar on input line 98.
LaTeX Font Info:    Overwriting math alphabet `\mathfrak' in version `bold'
(Font)                  U/euf/m/n --> U/euf/b/n on input line 106.
)) (C:\Users\imaks\AppData\Local\Programs\MiKTeX\tex/latex/amscls\amsthm.sty
Package: amsthm 2020/05/29 v2.20.6
\thm@style=\toks26
\thm@bodyfont=\toks27
\thm@headfont=\toks28
\thm@notefont=\toks29
\thm@headpunct=\toks30
\thm@preskip=\skip53
\thm@postskip=\skip54
\thm@headsep=\skip55
\dth@everypar=\toks31
)
(C:\Users\imaks\AppData\Local\Programs\MiKTeX\tex/latex/base\latexsym.sty
Package: latexsym 1998/08/17 v2.2e Standard LaTeX package (lasy symbols)
\symlasy=\mathgroup6
LaTeX Font Info:    Overwriting symbol font `lasy' in version `bold'
(Font)                  U/lasy/m/n --> U/lasy/b/n on input line 52.
)
(C:\Users\imaks\AppData\Local\Programs\MiKTeX\tex/latex/tools\indentfirst.sty
Package: indentfirst 1995/11/23 v1.03 Indent first paragraph (DPC)
)
(C:\Users\imaks\AppData\Local\Programs\MiKTeX\tex/latex/setspace\setspace.sty
Package: setspace 2022/12/04 v6.7b set line spacing
)
(C:\Users\imaks\AppData\Local\Programs\MiKTeX\tex/latex/marvosym\marvosym.sty
Package: marvosym 2011/07/20 v2.2 Martin Vogel's Symbols font definitions
)
(C:\Users\imaks\AppData\Local\Programs\MiKTeX\tex/latex/listings\listings.sty
\lst@mode=\count275
\lst@gtempboxa=\box53
\lst@token=\toks32
\lst@length=\count276
\lst@currlwidth=\dimen158
\lst@column=\count277
\lst@pos=\count278
\lst@lostspace=\dimen159
\lst@width=\dimen160
\lst@newlines=\count279
\lst@lineno=\count280
\lst@maxwidth=\dimen161

(C:\Users\imaks\AppData\Local\Programs\MiKTeX\tex/latex/listings\lstmisc.sty
File: lstmisc.sty 2023/02/27 1.9 (Carsten Heinz)
\c@lstnumber=\count281
\lst@skipnumbers=\count282
\lst@framebox=\box54
)
(C:\Users\imaks\AppData\Local\Programs\MiKTeX\tex/latex/listings\listings.cfg
File: listings.cfg 2023/02/27 1.9 listings configuration
))
Package: listings 2023/02/27 1.9 (Carsten Heinz)
(C:\Users\imaks\AppData\Local\Programs\MiKTeX\tex/latex/listings\lstlang1.sty
File: lstlang1.sty 2023/02/27 1.9 listings language file
)
(C:\Users\imaks\AppData\Local\Programs\MiKTeX\tex/latex/fancyvrb\fancyvrb.sty
Package: fancyvrb 2023/01/19 4.5a verbatim text (tvz,hv)
\FV@CodeLineNo=\count283
\FV@InFile=\read2
\FV@TabBox=\box55
\c@FancyVerbLine=\count284
\FV@StepNumber=\count285
\FV@OutFile=\write3
)
(C:\Users\imaks\AppData\Local\Programs\MiKTeX\tex/generic/babel\babel.sty
Package: babel 2023/09/29 v3.95 The Babel package
\babel@savecnt=\count286
\U@D=\dimen162
\l@unhyphenated=\language79

(C:\Users\imaks\AppData\Local\Programs\MiKTeX\tex/generic/babel\txtbabel.def)
\bbl@readstream=\read3
\bbl@dirlevel=\count287

*************************************
* Local config file bblopts.cfg used
*
(C:\Users\imaks\AppData\Local\Programs\MiKTeX\tex/latex/arabi\bblopts.cfg
File: bblopts.cfg 2005/09/08 v0.1 add Arabic and Farsi to "declared" options of
 babel
)
(C:\Users\imaks\AppData\Local\Programs\MiKTeX\tex/latex/babel-polish\polish.ldf
Language: polish 2022/03/12 1.3 Babel support for Polish
Package babel Info: Making " an active character on input line 101.
))
(C:\Users\imaks\AppData\Local\Programs\MiKTeX\tex/generic/babel/locale/pl\babel
-polish.tex
Package babel Info: Importing font and identification data for polish
(babel)             from babel-pl.ini. Reported on input line 11.
)
(C:\Users\imaks\AppData\Local\Programs\MiKTeX\tex/latex/base\fontenc.sty
Package: fontenc 2021/04/29 v2.0v Standard LaTeX package

(C:\Users\imaks\AppData\Local\Programs\MiKTeX\tex/latex/base\ot4enc.def
File: ot4enc.def 2021/04/29 v2.0v Standard LaTeX file
Now handling font encoding OT4 ...
... no UTF-8 mapping file for font encoding OT4
)
LaTeX Font Info:    Trying to load font information for OT4+cmr on input line 1
12.

(C:\Users\imaks\AppData\Local\Programs\MiKTeX\tex/latex/polski\ot4cmr.fd
File: ot4cmr.fd 2008/02/24 v1.2.1 Font defs for fonts PL (MW)
))
(C:\Users\imaks\AppData\Local\Programs\MiKTeX\tex/latex/graphics\graphicx.sty
Package: graphicx 2021/09/16 v1.2d Enhanced LaTeX Graphics (DPC,SPQR)

(C:\Users\imaks\AppData\Local\Programs\MiKTeX\tex/latex/graphics\graphics.sty
Package: graphics 2022/03/10 v1.4e Standard LaTeX Graphics (DPC,SPQR)

(C:\Users\imaks\AppData\Local\Programs\MiKTeX\tex/latex/graphics\trig.sty
Package: trig 2021/08/11 v1.11 sin cos tan (DPC)
)
(C:\Users\imaks\AppData\Local\Programs\MiKTeX\tex/latex/graphics-cfg\graphics.c
fg
File: graphics.cfg 2016/06/04 v1.11 sample graphics configuration
)
Package graphics Info: Driver file: pdftex.def on input line 107.

(C:\Users\imaks\AppData\Local\Programs\MiKTeX\tex/latex/graphics-def\pdftex.def
File: pdftex.def 2022/09/22 v1.2b Graphics/color driver for pdftex
))
\Gin@req@height=\dimen163
\Gin@req@width=\dimen164
)
(C:\Users\imaks\AppData\Local\Programs\MiKTeX\tex/latex/hyperref\hyperref.sty
Package: hyperref 2023-07-08 v7.01b Hypertext links for LaTeX

(C:\Users\imaks\AppData\Local\Programs\MiKTeX\tex/generic/ltxcmds\ltxcmds.sty
Package: ltxcmds 2020-05-10 v1.25 LaTeX kernel commands for general use (HO)
)
(C:\Users\imaks\AppData\Local\Programs\MiKTeX\tex/generic/pdftexcmds\pdftexcmds
.sty
Package: pdftexcmds 2020-06-27 v0.33 Utility functions of pdfTeX for LuaTeX (HO
)

(C:\Users\imaks\AppData\Local\Programs\MiKTeX\tex/generic/infwarerr\infwarerr.s
ty
Package: infwarerr 2019/12/03 v1.5 Providing info/warning/error messages (HO)
)
Package pdftexcmds Info: \pdf@primitive is available.
Package pdftexcmds Info: \pdf@ifprimitive is available.
Package pdftexcmds Info: \pdfdraftmode found.
)
(C:\Users\imaks\AppData\Local\Programs\MiKTeX\tex/latex/kvsetkeys\kvsetkeys.sty
Package: kvsetkeys 2022-10-05 v1.19 Key value parser (HO)
)
(C:\Users\imaks\AppData\Local\Programs\MiKTeX\tex/generic/kvdefinekeys\kvdefine
keys.sty
Package: kvdefinekeys 2019-12-19 v1.6 Define keys (HO)
)
(C:\Users\imaks\AppData\Local\Programs\MiKTeX\tex/generic/pdfescape\pdfescape.s
ty
Package: pdfescape 2019/12/09 v1.15 Implements pdfTeX's escape features (HO)
) (C:\Users\imaks\AppData\Local\Programs\MiKTeX\tex/latex/hycolor\hycolor.sty
Package: hycolor 2020-01-27 v1.10 Color options for hyperref/bookmark (HO)
)
(C:\Users\imaks\AppData\Local\Programs\MiKTeX\tex/latex/letltxmacro\letltxmacro
.sty
Package: letltxmacro 2019/12/03 v1.6 Let assignment for LaTeX macros (HO)
)
(C:\Users\imaks\AppData\Local\Programs\MiKTeX\tex/latex/auxhook\auxhook.sty
Package: auxhook 2019-12-17 v1.6 Hooks for auxiliary files (HO)
)
(C:\Users\imaks\AppData\Local\Programs\MiKTeX\tex/latex/hyperref\nameref.sty
Package: nameref 2023-08-07 v2.53 Cross-referencing by name of section

(C:\Users\imaks\AppData\Local\Programs\MiKTeX\tex/latex/refcount\refcount.sty
Package: refcount 2019/12/15 v3.6 Data extraction from label references (HO)
)
(C:\Users\imaks\AppData\Local\Programs\MiKTeX\tex/generic/gettitlestring\gettit
lestring.sty
Package: gettitlestring 2019/12/15 v1.6 Cleanup title references (HO)

(C:\Users\imaks\AppData\Local\Programs\MiKTeX\tex/latex/kvoptions\kvoptions.sty
Package: kvoptions 2022-06-15 v3.15 Key value format for package options (HO)
))
\c@section@level=\count288
)
(C:\Users\imaks\AppData\Local\Programs\MiKTeX\tex/latex/etoolbox\etoolbox.sty
Package: etoolbox 2020/10/05 v2.5k e-TeX tools for LaTeX (JAW)
\etb@tempcnta=\count289
)
\@linkdim=\dimen165
\Hy@linkcounter=\count290
\Hy@pagecounter=\count291

(C:\Users\imaks\AppData\Local\Programs\MiKTeX\tex/latex/hyperref\pd1enc.def
File: pd1enc.def 2023-07-08 v7.01b Hyperref: PDFDocEncoding definition (HO)
Now handling font encoding PD1 ...
... no UTF-8 mapping file for font encoding PD1
)
(C:\Users\imaks\AppData\Local\Programs\MiKTeX\tex/generic/intcalc\intcalc.sty
Package: intcalc 2019/12/15 v1.3 Expandable calculations with integers (HO)
)
\Hy@SavedSpaceFactor=\count292

(C:\Users\imaks\AppData\Local\Programs\MiKTeX\tex/latex/hyperref\puenc.def
File: puenc.def 2023-07-08 v7.01b Hyperref: PDF Unicode definition (HO)
Now handling font encoding PU ...
... no UTF-8 mapping file for font encoding PU
)
Package hyperref Info: Hyper figures OFF on input line 4167.
Package hyperref Info: Link nesting OFF on input line 4172.
Package hyperref Info: Hyper index ON on input line 4175.
Package hyperref Info: Plain pages OFF on input line 4182.
Package hyperref Info: Backreferencing OFF on input line 4187.
Package hyperref Info: Implicit mode ON; LaTeX internals redefined.
Package hyperref Info: Bookmarks ON on input line 4434.
\c@Hy@tempcnt=\count293

(C:\Users\imaks\AppData\Local\Programs\MiKTeX\tex/latex/url\url.sty
\Urlmuskip=\muskip17
Package: url 2013/09/16  ver 3.4  Verb mode for urls, etc.
)
LaTeX Info: Redefining \url on input line 4772.
\XeTeXLinkMargin=\dimen166

(C:\Users\imaks\AppData\Local\Programs\MiKTeX\tex/generic/bitset\bitset.sty
Package: bitset 2019/12/09 v1.3 Handle bit-vector datatype (HO)

(C:\Users\imaks\AppData\Local\Programs\MiKTeX\tex/generic/bigintcalc\bigintcalc
.sty
Package: bigintcalc 2019/12/15 v1.5 Expandable calculations on big integers (HO
)
))
\Fld@menulength=\count294
\Field@Width=\dimen167
\Fld@charsize=\dimen168
Package hyperref Info: Hyper figures OFF on input line 6051.
Package hyperref Info: Link nesting OFF on input line 6056.
Package hyperref Info: Hyper index ON on input line 6059.
Package hyperref Info: backreferencing OFF on input line 6066.
Package hyperref Info: Link coloring OFF on input line 6071.
Package hyperref Info: Link coloring with OCG OFF on input line 6076.
Package hyperref Info: PDF/A mode OFF on input line 6081.

(C:\Users\imaks\AppData\Local\Programs\MiKTeX\tex/latex/base\atbegshi-ltx.sty
Package: atbegshi-ltx 2021/01/10 v1.0c Emulation of the original atbegshi
package with kernel methods
)
\Hy@abspage=\count295
\c@Item=\count296
\c@Hfootnote=\count297
)
Package hyperref Info: Driver (autodetected): hpdftex.
(C:\Users\imaks\AppData\Local\Programs\MiKTeX\tex/latex/hyperref\hpdftex.def
File: hpdftex.def 2023-07-08 v7.01b Hyperref driver for pdfTeX

(C:\Users\imaks\AppData\Local\Programs\MiKTeX\tex/latex/base\atveryend-ltx.sty
Package: atveryend-ltx 2020/08/19 v1.0a Emulation of the original atveryend pac
kage
with kernel methods
)
\Fld@listcount=\count298
\c@bookmark@seq@number=\count299

(C:\Users\imaks\AppData\Local\Programs\MiKTeX\tex/latex/rerunfilecheck\rerunfil
echeck.sty
Package: rerunfilecheck 2022-07-10 v1.10 Rerun checks for auxiliary files (HO)

(C:\Users\imaks\AppData\Local\Programs\MiKTeX\tex/generic/uniquecounter\uniquec
ounter.sty
Package: uniquecounter 2019/12/15 v1.4 Provide unlimited unique counter (HO)
)
Package uniquecounter Info: New unique counter `rerunfilecheck' on input line 2
85.
)
\Hy@SectionHShift=\skip56
)
(C:\Users\imaks\AppData\Local\Programs\MiKTeX\tex/latex/epstopdf-pkg\epstopdf.s
ty
Package: epstopdf 2020-01-24 v2.11 Conversion with epstopdf on the fly (HO)
 (C:\Users\imaks\AppData\Local\Programs\MiKTeX\tex/latex/grfext\grfext.sty
Package: grfext 2019/12/03 v1.3 Manage graphics extensions (HO)
)
(C:\Users\imaks\AppData\Local\Programs\MiKTeX\tex/latex/epstopdf-pkg\epstopdf-b
ase.sty
Package: epstopdf-base 2020-01-24 v2.11 Base part for package epstopdf
Package epstopdf-base Info: Redefining graphics rule for `.eps' on input line 4
85.
Package grfext Info: Graphics extension search list:
(grfext)             [.pdf,.png,.jpg,.mps,.jpeg,.jbig2,.jb2,.PDF,.PNG,.JPG,.JPE
G,.JBIG2,.JB2,.eps]
(grfext)             \AppendGraphicsExtensions on input line 504.

(C:\Users\imaks\AppData\Local\Programs\MiKTeX\tex/latex/00miktex\epstopdf-sys.c
fg
File: epstopdf-sys.cfg 2021/03/18 v2.0 Configuration of epstopdf for MiKTeX
))) (C:\Users\imaks\AppData\Local\Programs\MiKTeX\tex/latex/subfig\subfig.sty
Package: subfig 2005/06/28 ver: 1.3 subfig package
(C:\Users\imaks\AppData\Local\Programs\MiKTeX\tex/latex/caption\caption.sty
Package: caption 2023/08/05 v3.6o Customizing captions (AR)

(C:\Users\imaks\AppData\Local\Programs\MiKTeX\tex/latex/caption\caption3.sty
Package: caption3 2023/07/31 v2.4d caption3 kernel (AR)
\caption@tempdima=\dimen169
\captionmargin=\dimen170
\caption@leftmargin=\dimen171
\caption@rightmargin=\dimen172
\caption@width=\dimen173
\caption@indent=\dimen174
\caption@parindent=\dimen175
\caption@hangindent=\dimen176
Package caption Info: Standard document class detected.
)
\c@caption@flags=\count300
\c@continuedfloat=\count301
Package caption Info: hyperref package is loaded.
Package caption Info: listings package is loaded.
)
\c@KVtest=\count302
\sf@farskip=\skip57
\sf@captopadj=\dimen177
\sf@capskip=\skip58
\sf@nearskip=\skip59
\c@subfigure=\count303
\c@subfigure@save=\count304
\c@lofdepth=\count305
\c@subtable=\count306
\c@subtable@save=\count307
\c@lotdepth=\count308
\sf@top=\skip60
\sf@bottom=\skip61
) (C:\Users\imaks\AppData\Local\Programs\MiKTeX\tex/latex/wrapfig\wrapfig.sty
\wrapoverhang=\dimen178
\WF@size=\dimen179
\c@WF@wrappedlines=\count309
\WF@box=\box56
\WF@everypar=\toks33
Package: wrapfig 2003/01/31  v 3.6
)
(C:\Users\imaks\AppData\Local\Programs\MiKTeX\tex/latex/tools\longtable.sty
Package: longtable 2021-09-01 v4.17 Multi-page Table package (DPC)
\LTleft=\skip62
\LTright=\skip63
\LTpre=\skip64
\LTpost=\skip65
\LTchunksize=\count310
\LTcapwidth=\dimen180
\LT@head=\box57
\LT@firsthead=\box58
\LT@foot=\box59
\LT@lastfoot=\box60
\LT@gbox=\box61
\LT@cols=\count311
\LT@rows=\count312
\c@LT@tables=\count313
\c@LT@chunks=\count314
\LT@p@ftn=\toks34
)
(C:\Users\imaks\AppData\Local\Programs\MiKTeX\tex/latex/tools\verbatim.sty
Package: verbatim 2022-07-02 v1.5u LaTeX2e package for verbatim enhancements
\every@verbatim=\toks35
\verbatim@line=\toks36
\verbatim@in@stream=\read4
)
(C:\Users\imaks\AppData\Local\Programs\MiKTeX\tex/latex/float\float.sty
Package: float 2001/11/08 v1.3d Float enhancements (AL)
\c@float@type=\count315
\float@exts=\toks37
\float@box=\box62
\@float@everytoks=\toks38
\@floatcapt=\box63
)
(C:\Users\imaks\AppData\Local\Programs\MiKTeX\tex/latex/psfrag\psfrag.sty
Package: psfrag 1998/04/11 v3.04 PSfrag (MCG)
\pfg@pcount=\count316
\pfg@scount=\count317
\pfg@temp=\write4
)
(C:\Users\imaks\AppData\Local\Programs\MiKTeX\tex/latex/makecell\makecell.sty
Package: makecell 2009/08/03 V0.1e Managing of Tab Column Heads and Cells

(C:\Users\imaks\AppData\Local\Programs\MiKTeX\tex/latex/tools\array.sty
Package: array 2022/09/04 v2.5g Tabular extension package (FMi)
\col@sep=\dimen181
\ar@mcellbox=\box64
\extrarowheight=\dimen182
\NC@list=\toks39
\extratabsurround=\skip66
\backup@length=\skip67
\ar@cellbox=\box65
)
\rotheadsize=\dimen183
\c@nlinenum=\count318
\TeXr@lab=\toks40
)
\c@defscounter=\count319
\c@odeexample=\count320

(C:\Users\imaks\AppData\Local\Programs\MiKTeX\tex/latex/tools\tabularx.sty
Package: tabularx 2020/01/15 v2.11c `tabularx' package (DPC)
\TX@col@width=\dimen184
\TX@old@table=\dimen185
\TX@old@col=\dimen186
\TX@target=\dimen187
\TX@delta=\dimen188
\TX@cols=\count321
\TX@ftn=\toks41
)
(C:\Users\imaks\AppData\Local\Programs\MiKTeX\tex/latex/graphics\color.sty
Package: color 2022/01/06 v1.3d Standard LaTeX Color (DPC)

(C:\Users\imaks\AppData\Local\Programs\MiKTeX\tex/latex/graphics-cfg\color.cfg
File: color.cfg 2016/01/02 v1.6 sample color configuration
)
Package color Info: Driver file: pdftex.def on input line 149.
(C:\Users\imaks\AppData\Local\Programs\MiKTeX\tex/latex/graphics\mathcolor.ltx)
) (C:\Users\imaks\AppData\Local\Programs\MiKTeX\tex/latex/colortbl\colortbl.sty
Package: colortbl 2022/06/20 v1.0f Color table columns (DPC)
\everycr=\toks42
\minrowclearance=\skip68
\rownum=\count322
))
(C:\Users\imaks\AppData\Local\Programs\MiKTeX\tex/latex/l3backend\l3backend-pdf
tex.def
File: l3backend-pdftex.def 2023-04-19 L3 backend support: PDF output (pdfTeX)
\l__color_backend_stack_int=\count323
\l__pdf_internal_box=\box66
) (solving.aux)
\openout1 = `solving.aux'.

LaTeX Font Info:    Checking defaults for OML/cmm/m/it on input line 2.
LaTeX Font Info:    ... okay on input line 2.
LaTeX Font Info:    Checking defaults for OMS/cmsy/m/n on input line 2.
LaTeX Font Info:    ... okay on input line 2.
LaTeX Font Info:    Checking defaults for OT1/cmr/m/n on input line 2.
LaTeX Font Info:    ... okay on input line 2.
LaTeX Font Info:    Checking defaults for T1/cmr/m/n on input line 2.
LaTeX Font Info:    ... okay on input line 2.
LaTeX Font Info:    Checking defaults for TS1/cmr/m/n on input line 2.
LaTeX Font Info:    ... okay on input line 2.
LaTeX Font Info:    Checking defaults for OMX/cmex/m/n on input line 2.
LaTeX Font Info:    ... okay on input line 2.
LaTeX Font Info:    Checking defaults for U/cmr/m/n on input line 2.
LaTeX Font Info:    ... okay on input line 2.
LaTeX Font Info:    Checking defaults for OT4/cmr/m/n on input line 2.
LaTeX Font Info:    ... okay on input line 2.
LaTeX Font Info:    Checking defaults for PD1/pdf/m/n on input line 2.
LaTeX Font Info:    ... okay on input line 2.
LaTeX Font Info:    Checking defaults for PU/pdf/m/n on input line 2.
LaTeX Font Info:    ... okay on input line 2.

*geometry* driver: auto-detecting
*geometry* detected driver: pdftex
*geometry* verbose mode - [ preamble ] result:
* driver: pdftex
* paper: a4paper
* layout: <same size as paper>
* layoutoffset:(h,v)=(0.0pt,0.0pt)
* modes: twoside 
* h-part:(L,W,R)=(85.35826pt, 426.79135pt, 85.35826pt)
* v-part:(T,H,B)=(85.35826pt, 674.33032pt, 85.35826pt)
* \paperwidth=597.50787pt
* \paperheight=845.04684pt
* \textwidth=426.79135pt
* \textheight=674.33032pt
* \oddsidemargin=13.08827pt
* \evensidemargin=13.08827pt
* \topmargin=-16.97922pt
* \headheight=12.0pt
* \headsep=18.06749pt
* \topskip=10.0pt
* \footskip=25.29494pt
* \marginparwidth=115.0pt
* \marginparsep=7.0pt
* \columnsep=10.0pt
* \skip\footins=9.0pt plus 4.0pt minus 2.0pt
* \hoffset=0.0pt
* \voffset=0.0pt
* \mag=1000
* \@twocolumnfalse
* \@twosidetrue
* \@mparswitchtrue
* \@reversemarginfalse
* (1in=72.27pt=25.4mm, 1cm=28.453pt)

\c@lstlisting=\count324

(C:\Users\imaks\AppData\Local\Programs\MiKTeX\tex/context/base/mkii\supp-pdf.mk
ii
[Loading MPS to PDF converter (version 2006.09.02).]
\scratchcounter=\count325
\scratchdimen=\dimen189
\scratchbox=\box67
\nofMPsegments=\count326
\nofMParguments=\count327
\everyMPshowfont=\toks43
\MPscratchCnt=\count328
\MPscratchDim=\dimen190
\MPnumerator=\count329
\makeMPintoPDFobject=\count330
\everyMPtoPDFconversion=\toks44
)
Package hyperref Info: Link coloring OFF on input line 2.
 (solving.out) (solving.out)
\@outlinefile=\write5
\openout5 = `solving.out'.

Package caption Info: Begin \AtBeginDocument code.
Package caption Info: subfig package v1.3 is loaded.
Package caption Info: float package is loaded.
Package caption Info: longtable package is loaded.

(C:\Users\imaks\AppData\Local\Programs\MiKTeX\tex/latex/caption\ltcaption.sty
Package: ltcaption 2021/01/08 v1.4c longtable captions (AR)
)
Package caption Info: wrapfig package is loaded.
Package caption Info: End \AtBeginDocument code.

(title.tex
<./img/logo.jpg, id=91, 854.19125pt x 295.1025pt>
File: ./img/logo.jpg Graphic file (type jpg)
<use ./img/logo.jpg>
Package pdftex.def Info: ./img/logo.jpg  used on input line 6.
(pdftex.def)             Requested size: 225.0pt x 77.72897pt.
LaTeX Font Info:    Trying to load font information for U+msa on input line 8.

(C:\Users\imaks\AppData\Local\Programs\MiKTeX\tex/latex/amsfonts\umsa.fd
File: umsa.fd 2013/01/14 v3.01 AMS symbols A
)
LaTeX Font Info:    Trying to load font information for U+msb on input line 8.

(C:\Users\imaks\AppData\Local\Programs\MiKTeX\tex/latex/amsfonts\umsb.fd
File: umsb.fd 2013/01/14 v3.01 AMS symbols B
)
LaTeX Font Info:    Trying to load font information for U+lasy on input line 8.


(C:\Users\imaks\AppData\Local\Programs\MiKTeX\tex/latex/base\ulasy.fd
File: ulasy.fd 1998/08/17 v2.2e LaTeX symbol font definitions
)
LaTeX Font Info:    Trying to load font information for OT4+cmss on input line 
17.

(C:\Users\imaks\AppData\Local\Programs\MiKTeX\tex/latex/polski\ot4cmss.fd
File: ot4cmss.fd 2008/02/24 v1.2.1 Font defs for fonts PL (MW)
)
Underfull \hbox (badness 10000) in paragraph at lines 18--23

 []


Underfull \hbox (badness 10000) in paragraph at lines 18--23

 []


Overfull \hbox (57.2687pt too wide) in paragraph at lines 16--24
[]$[]$ 
 []


Underfull \hbox (badness 10000) in paragraph at lines 34--36

 []


Underfull \hbox (badness 10000) in paragraph at lines 39--41

 []


Underfull \hbox (badness 10000) in paragraph at lines 45--47

 []


Underfull \hbox (badness 10000) in paragraph at lines 48--49

 []


Underfull \hbox (badness 10000) in paragraph at lines 52--56

 []


Overfull \hbox (6.73636pt too wide) in paragraph at lines 27--59
[]  [] 
 []

[1
Non-PDF special ignored!
<special> header=psfrag.pro


{C:/Users/imaks/AppData/Local/MiKTeX/fonts/map/pdftex/pdftex.map}{C:/Users/imak
s/AppData/Local/Programs/MiKTeX/fonts/enc/dvips/pl/plrm.enc} <./img/logo.jpg>])
[2] (solving.toc)
\tf@toc=\write6
\openout6 = `solving.toc'.

 [3

] [4] (wstep.tex) (rozdzial_1.tex [1


] [2

]
Rozdzia\l  1.

Underfull \hbox (badness 3068) in paragraph at lines 6--7
\OT4/cmr/m/n/10 ad-mi-ni-stra-cji pa«-stwo-wej, fi-lo-lo-gii, an-tro-po-lo-gii,
 mar-ke-tingu, so-cjo-lo-gii, geo-lo-gii i in-nych
 []


Underfull \hbox (badness 1838) in paragraph at lines 23--24
[]\OT4/cmr/bx/n/10 Hierarchiczne al-go-rytmy kla-ste-ry-za-cji\OT4/cmr/m/n/10 .
 Al-go-rytmy te po-rz¡d-kuj¡ dane, two-rz¡c
 []

[3]
Underfull \hbox (badness 2401) in paragraph at lines 26--27
[]\OT4/cmr/bx/n/10 K-±rednich (K-means) \OT4/cmr/m/n/10 - ite-ra-cyjny al-go-ry
tm oparty na mi-ni-ma-li-za-cji sumy
 []

[4]
Underfull \hbox (badness 1127) in paragraph at lines 58--59
[]\OT4/cmr/m/n/10 Zewn¦trzne me-tody po-rów-nuj¡ wy-nik kla-ste-ry-za-cji z apr
io-rycz-nie zna-nym po-dzia-ªem
 []

[5]
Underfull \hbox (badness 4739) in paragraph at lines 108--109
[]\OT4/cmr/m/n/10 tworzenie mo-deli ucze-nia ma-szy-no-wego do au-to-ma-tycz-ne
go uogól-nia-nia in-for-ma-cji
 []


Underfull \hbox (badness 2932) in paragraph at lines 117--118
\OT4/cmr/m/n/10 prze-ksztaª-caj¡ sªowa w wek-tory w prze-strzeni ci¡-gªej, za-c
ho-wu-j¡c ich wªa-±ci-wo-±ci
 []

[6] [7]) (rozdzial_2.tex [8]
Rozdzia\l  2.

Underfull \hbox (badness 1418) in paragraph at lines 7--8
\OT4/cmr/m/n/10 wst¦pne prze-twa-rza-nie tek-stu, wek-to-ry-za-cj¦ i kla-ste-ry
-za-cj¦. Gªów-nym ce-lem apli-ka-cji jest
 []


Underfull \hbox (badness 5985) in paragraph at lines 7--8
\OT4/cmr/m/n/10 umo»-li-wie-nie u»yt-kow-ni-kowi ela-stycz-nego do-sto-so-wa-ni
a i wy-ko-rzy-sta-nia ró»-nych me-tod
 []


Underfull \hbox (badness 1215) in paragraph at lines 25--26
\OT4/cmr/m/n/10 Interfejs gra-ficzny umo»-li-wia u»yt-kow-ni-kowi ªa-do-wa-nie 
da-nych, kon-fi-gu-ro-wa-nie pa-ra-me-trów
 []

[9

]
Underfull \hbox (badness 10000) in paragraph at lines 54--55
[]\OT4/cmr/m/n/10 Za po-moc¡ \OT4/cmr/bx/n/10 vi-deo[]id \OT4/cmr/m/n/10 wy-ko-
ny-wane jest za-py-ta-nie GET
 []


Underfull \hbox (badness 6063) in paragraph at lines 54--55
\OT4/cmr/m/n/10 https://www.googleapis.com/youtube/v3/videos, aby uzy-ska¢ pod-
sta-wowe in-for-ma-cje
 []


Underfull \hbox (badness 1533) in paragraph at lines 54--55
\OT4/cmr/m/n/10 o fil-mie. To po-zwala u»yt-kow-ni-kowi upew-ni¢ si¦, »e wy-bra
ny film od-po-wiada jego
 []

[10{C:/Users/imaks/AppData/Local/Programs/MiKTeX/fonts/enc/dvips/pl/plit.enc}]
[11]
LaTeX Font Info:    Trying to load font information for OT4+cmtt on input line 
105.
 (C:\Users\imaks\AppData\Local\Programs\MiKTeX\tex/latex/polski\ot4cmtt.fd
File: ot4cmtt.fd 2008/02/24 v1.2.1 Font defs for fonts PL (MW)
) (C:\Users\imaks\AppData\Local\Programs\MiKTeX\tex/latex/listings\lstlang1.sty
File: lstlang1.sty 2023/02/27 1.9 listings language file
)
Package hyperref Info: bookmark level for unknown lstlisting defaults to 0 on i
nput line 111.
[12{C:/Users/imaks/AppData/Local/Programs/MiKTeX/fonts/enc/dvips/pl/pltt.enc}{C
:/Users/imaks/AppData/Local/Programs/MiKTeX/fonts/enc/dvips/pl/plsc.enc}]

LaTeX Warning: Reference `lst;freqanalysis' on page 13 undefined on input line 
148.


LaTeX Warning: Reference `lst;lengthanalysis' on page 13 undefined on input lin
e 164.

[13] [14]
Underfull \hbox (badness 4726) in paragraph at lines 269--270
[]\OT4/cmr/m/n/10 Propagacja wsteczna (Back-pro-pa-ga-tion): Bª¡d prze-wi-dy-wa
-nia jest ob-li-czany przez
 []

[15] [16]
Underfull \hbox (badness 1028) in paragraph at lines 367--368
[]\OT4/cmr/m/n/10 algorithm: Al-go-rytm u»y-wany do ob-li-cza-nia naj-bli»-szyc
h s¡-sia-dów ('auto', 'ball[]tree',
 []

[17]
Underfull \hbox (badness 1394) in paragraph at lines 412--413
\OT4/cmr/m/n/10 DBSCAN. Na wy-kre-sie b¦d¡ rów-nie» wi-zu-ali-zo-wane cen-tro-i
dy ka»-dego kla-stra w po-staci
 []


Underfull \hbox (badness 1142) in paragraph at lines 415--416
\OT4/cmr/m/n/10 eks-trak-cji cech. Na po-cz¡tku trudno jest okre-±li¢, za co od
-po-wia-daj¡ ce-chy, wi¦c wy-bór
 []

[18]
Underfull \hbox (badness 2600) in paragraph at lines 429--430
[]\OT4/cmr/m/n/10 random[]state: Po-cz¡t-kowa war-to±¢ ge-ne-ra-tora liczb lo-s
o-wych dla re-pro-du-ko-wal-no-±ci
 []


Underfull \hbox (badness 1205) in paragraph at lines 435--436
[]\OT4/cmr/m/n/10 Przeksztaªcenie od-le-gªo-±ci na praw-do-po-do-bie«-stwa: Dla
 ka»-dego punktu ob-li-czane s¡
 []

) (rozdzial_3.tex [19] [20

]
Rozdzia\l  3.

Underfull \hbox (badness 1122) in paragraph at lines 12--13
[]\OT4/cmr/m/n/10 Otwieranie okna dia-lo-go-wego w celu po-bra-nia ko-men-ta-rz
y z YouTube ("Com-ments->
 []


Underfull \hbox (badness 5563) in paragraph at lines 19--20
[]\OT4/cmr/m/n/10 Aby utwo-rzy¢ now¡ prze-strze« ro-bo-cz¡, na-le»y po-da¢ na-z
w¦ prze-strzeni ro-bo-czej
 []


Underfull \hbox (badness 1067) in paragraph at lines 26--27
[]\OT4/cmr/m/n/10 Po utwo-rze-niu przy-naj-mniej jed-nej prze-strzeni ro-bo-cze
j po-ja-wia si¦ menu na-wi-ga-cyjne
 []

[21]
Underfull \hbox (badness 1975) in paragraph at lines 77--79
\OT4/cmr/m/n/10 pro-po-no-wa-nych me-tod kla-ste-ry-za-cji i okre-±li¢ pa-ra-me
-try dla wy-bra-nej me-tody. Oto jak
 []

[22]
<./img/rys1.jpg, id=447, 447.47176pt x 225.2415pt>
File: ./img/rys1.jpg Graphic file (type jpg)
<use ./img/rys1.jpg>
Package pdftex.def Info: ./img/rys1.jpg  used on input line 104.
(pdftex.def)             Requested size: 213.39568pt x 107.41354pt.
) (rozdzial_4.tex [23 <./img/rys1.jpg>] [24

]
Rozdzia\l  4.
File: ./img/logo.jpg Graphic file (type jpg)
<use ./img/logo.jpg>
Package pdftex.def Info: ./img/logo.jpg  used on input line 12.
(pdftex.def)             Requested size: 351.31378pt x 121.36653pt.
) (podsumowanie.tex [25] [26

]) (bibliografia.tex [27] [28

]
Underfull \hbox (badness 10000) in paragraph at lines 16--18
[]\OT4/cmr/m/n/9 Impossibility The-orem for Clu-ste-ring \OT4/cmr/m/it/9 The-or
em for Clu-ste-ring\OT4/cmr/m/n/9 ,
 []

) [29] [30

] (solving.lol)
\tf@lol=\write7
\openout7 = `solving.lol'.

 [31] [32

] (solving.lot)
\tf@lot=\write8
\openout8 = `solving.lot'.

 [33] [34

] (solving.lof)
\tf@lof=\write9
\openout9 = `solving.lof'.


[35] (solving.aux)
 ***********
LaTeX2e <2023-06-01> patch level 1
L3 programming layer <2023-08-29>
 ***********


LaTeX Warning: There were undefined references.

Package rerunfilecheck Info: File `solving.out' has not changed.
(rerunfilecheck)             Checksum: 53F7935955BAF262F17BD906F86338DF;2940.
 ) 
Here is how much of TeX's memory you used:
 17160 strings out of 475248
 268220 string characters out of 5757812
 2054785 words of memory out of 5000000
 38108 multiletter control sequences out of 15000+600000
 571808 words of font info for 72 fonts, out of 8000000 for 9000
 1141 hyphenation exceptions out of 8191
 80i,11n,82p,937b,1327s stack positions out of 10000i,1000n,20000p,200000b,200000s
 <C:\Users\imaks\AppData\Local\MiKTeX\fonts/pk/ljfour/jknappen/ec/dpi600\tcrm
0500.pk> <C:\Users\imaks\AppData\Local\MiKTeX\fonts/pk/ljfour/jknappen/ec/dpi60
0\tcrm1000.pk><C:/Users/imaks/AppData/Local/Programs/MiKTeX/fonts/type1/public/
pl/plbx10.pfb><C:/Users/imaks/AppData/Local/Programs/MiKTeX/fonts/type1/public/
pl/plbx12.pfb><C:/Users/imaks/AppData/Local/Programs/MiKTeX/fonts/type1/public/
pl/plbx5.pfb><C:/Users/imaks/AppData/Local/Programs/MiKTeX/fonts/type1/public/p
l/plr10.pfb><C:/Users/imaks/AppData/Local/Programs/MiKTeX/fonts/type1/public/pl
/plr5.pfb><C:/Users/imaks/AppData/Local/Programs/MiKTeX/fonts/type1/public/pl/p
lr8.pfb><C:/Users/imaks/AppData/Local/Programs/MiKTeX/fonts/type1/public/pl/plr
9.pfb><C:/Users/imaks/AppData/Local/Programs/MiKTeX/fonts/type1/public/pl/plss1
0.pfb><C:/Users/imaks/AppData/Local/Programs/MiKTeX/fonts/type1/public/pl/plss1
7.pfb><C:/Users/imaks/AppData/Local/Programs/MiKTeX/fonts/type1/public/pl/plssb
x10.pfb><C:/Users/imaks/AppData/Local/Programs/MiKTeX/fonts/type1/public/pl/plt
i10.pfb><C:/Users/imaks/AppData/Local/Programs/MiKTeX/fonts/type1/public/pl/plt
i9.pfb><C:/Users/imaks/AppData/Local/Programs/MiKTeX/fonts/type1/public/pl/pltt
10.pfb><C:/Users/imaks/AppData/Local/Programs/MiKTeX/fonts/type1/public/pl/pltt
8.pfb>
Output written on solving.pdf (39 pages, 366752 bytes).
PDF statistics:
 675 PDF objects out of 1000 (max. 8388607)
 274 named destinations out of 1000 (max. 500000)
 187 words of extra memory for PDF output out of 10000 (max. 10000000)

