\BOOKMARK [0][-]{chapter*.4}{\376\377\000W\000s\000t\001\031\000p}{}% 1
\BOOKMARK [1][-]{section.0.1}{\376\377\000P\000o\000w\000\363\000d\000\040\000p\000o\000w\000s\000t\000a\000n\000i\000a\000\040\000p\000r\000o\000j\000e\000k\000t\000u}{chapter*.4}% 2
\BOOKMARK [1][-]{section.0.2}{\376\377\000I\000d\000e\000a\000\040\000p\000r\000o\000j\000e\000k\000t\000u}{chapter*.4}% 3
\BOOKMARK [1][-]{section.0.3}{\376\377\000D\000l\000a\000\040\000k\000o\000g\000o\000\040\000t\000o}{chapter*.4}% 4
\BOOKMARK [0][-]{chapter.1}{\376\377\000T\000e\000c\000h\000n\000i\000k\000i\000\040\000a\000n\000a\000l\000i\000z\000y\000\040\000d\000a\000n\000y\000c\000h}{}% 5
\BOOKMARK [1][-]{section.1.1}{\376\377\000K\000l\000a\000s\000t\000e\000r\000z\000y\000a\000c\000j\000a}{chapter.1}% 6
\BOOKMARK [1][-]{section.1.2}{\376\377\000P\000r\000z\000e\000t\000w\000a\000r\000z\000a\000n\000i\000e\000\040\000j\001\031\000z\000y\000k\000a\000\040\000n\000a\000t\000u\000r\000a\000l\000n\000e\000g\000o}{chapter.1}% 7
\BOOKMARK [1][-]{section.1.3}{\376\377\000W\000e\000k\000t\000o\000r\000y\000z\000a\000c\000j\000a}{chapter.1}% 8
\BOOKMARK [1][-]{section.1.4}{\376\377\000R\000e\000d\000u\000k\000c\000j\000a\000\040\000w\000y\000m\000i\000a\000r\000o\000w\000o\001\133\000c\000i}{chapter.1}% 9
\BOOKMARK [0][-]{chapter.2}{\376\377\000W\000y\000k\000o\000r\000z\000y\000s\000t\000a\000n\000i\000e\000\040\000m\000e\000t\000o\000d\000y\000\040\000i\000\040\000t\000e\000c\000h\000n\000o\000l\000o\000g\000i\000i\000\040\000w\000\040\000a\000p\000l\000i\000k\000a\000c\000j\000i}{}% 10
\BOOKMARK [1][-]{section.2.1}{\376\377\000A\000p\000l\000i\000k\000a\000c\000j\000a}{chapter.2}% 11
\BOOKMARK [1][-]{section.2.2}{\376\377\000D\000a\000n\000e\000\040\000t\000e\000k\000s\000t\000o\000w\000e}{chapter.2}% 12
\BOOKMARK [1][-]{section.2.3}{\376\377\000P\000r\000z\000e\000t\000w\000a\000r\000z\000a\000n\000i\000a\000\040\000t\000e\000k\000s\000t\000u}{chapter.2}% 13
\BOOKMARK [1][-]{section.2.4}{\376\377\000W\000e\000k\000t\000o\000r\000y\000z\000a\000c\000j\000a}{chapter.2}% 14
\BOOKMARK [1][-]{section.2.5}{\376\377\000K\000l\000a\000s\000t\000e\000r\000y\000z\000a\000c\000j\000a}{chapter.2}% 15
\BOOKMARK [1][-]{section.2.6}{\376\377\000W\000i\000z\000u\000a\000l\000i\000z\000a\000c\000j\000a}{chapter.2}% 16
\BOOKMARK [0][-]{chapter.3}{\376\377\000R\000o\000z\000d\000z\000i\000a\000l\000\040\0003}{}% 17
\BOOKMARK [1][-]{section.3.1}{\376\377\000O\000p\000i\000s\000\040\000a\000p\000l\000i\000k\000a\000c\000j\000i}{chapter.3}% 18
\BOOKMARK [1][-]{section.3.2}{\376\377\000P\000r\000z\000y\000k\001\102\000a\000d\000\040\000u\001\174\000y\000c\000i\000a}{chapter.3}% 19
\BOOKMARK [0][-]{chapter.4}{\376\377\000T\000y\000t\000u\001\102\000\040\0004}{}% 20
\BOOKMARK [1][-]{section.4.1}{\376\377\000S\000e\000k\000c\000j\000a}{chapter.4}% 21
\BOOKMARK [0][-]{chapter*.40}{\376\377\000P\000o\000d\000s\000u\000m\000o\000w\000a\000n\000i\000e}{}% 22
